<?xml version="1.0" encoding="UTF-8"?>
<testsuite xmlns:xsi="http://www.w3.org/2001/XMLSchema-instance" xsi:noNamespaceSchemaLocation="https://maven.apache.org/surefire/maven-surefire-plugin/xsd/surefire-test-report.xsd" version="3.0.2" name="com.example.app.SecurityIntegrationTest" time="6.287" tests="10" errors="0" skipped="0" failures="0">
  <properties>
[...]
</properties>
  <testcase name="shouldReturn401WithWrongPassword" classname="com.example.app.SecurityIntegrationTest" time="0.888">
    <system-out><![CDATA[2026-06-11T18:32:12.888+02:00  INFO 21728 --- [app] [           main] t.c.s.AnnotationConfigContextLoaderUtils : Could not detect default configuration classes for test class [com.example.app.SecurityIntegrationTest]: SecurityIntegrationTest does not declare any static, non-private, non-final, nested classes annotated with @Configuration.
2026-06-11T18:32:12.889+02:00  INFO 21728 --- [app] [           main] .b.t.c.SpringBootTestContextBootstrapper : Found @SpringBootConfiguration com.example.app.AppApplication for test class com.example.app.SecurityIntegrationTest
2026-06-11T18:32:12.892+02:00  INFO 21728 --- [app] [           main] o.s.b.d.r.RestartApplicationListener     : Restart disabled due to context in which it is running

  .   ____          _            __ _ _
 /\\ / ___'_ __ _ _(_)_ __  __ _ \ \ \ \
( ( )\___ | '_ | '_| | '_ \/ _` | \ \ \ \
 \\/  ___)| |_)| | | | | || (_| |  ) ) ) )
  '  |____| .__|_| |_|_| |_\__, | / / / /
 =========|_|==============|___/=/_/_/_/

 :: Spring Boot ::                (v4.0.3)

2026-06-11T18:32:12.902+02:00  INFO 21728 --- [app] [           main] c.example.app.SecurityIntegrationTest    : Starting SecurityIntegrationTest using Java 25.0.2 with PID 21728 (started by sebastiancnotalski in /Users/sebastiancnotalski/Desktop/Agile/projekt/projektAgile/app)
2026-06-11T18:32:12.902+02:00  INFO 21728 --- [app] [           main] c.example.app.SecurityIntegrationTest    : The following 1 profile is active: "test"
2026-06-11T18:32:13.106+02:00  INFO 21728 --- [app] [           main] .s.d.r.c.RepositoryConfigurationDelegate : Bootstrapping Spring Data JPA repositories in DEFAULT mode.
2026-06-11T18:32:13.112+02:00  INFO 21728 --- [app] [           main] .s.d.r.c.RepositoryConfigurationDelegate : Finished Spring Data repository scanning in 5 ms. Found 5 JPA repository interfaces.
2026-06-11T18:32:13.244+02:00  INFO 21728 --- [app] [           main] org.hibernate.orm.jpa                    : HHH008540: Processing PersistenceUnitInfo [name: default]
2026-06-11T18:32:13.255+02:00  INFO 21728 --- [app] [           main] o.s.o.j.p.SpringPersistenceUnitInfo      : No LoadTimeWeaver setup: ignoring JPA class transformer
2026-06-11T18:32:13.256+02:00  INFO 21728 --- [app] [           main] com.zaxxer.hikari.HikariDataSource       : HikariPool-1 - Starting...
2026-06-11T18:32:13.266+02:00  INFO 21728 --- [app] [           main] com.zaxxer.hikari.pool.HikariPool        : HikariPool-1 - Added connection conn21: url=jdbc:h2:mem:integrationtestdb user=SA
2026-06-11T18:32:13.267+02:00  INFO 21728 --- [app] [           main] com.zaxxer.hikari.HikariDataSource       : HikariPool-1 - Start completed.
2026-06-11T18:32:13.270+02:00  WARN 21728 --- [app] [           main] org.hibernate.orm.deprecation            : HHH90000025: H2Dialect does not need to be specified explicitly using 'hibernate.dialect' (remove the property setting and it will be selected by default)
2026-06-11T18:32:13.274+02:00  INFO 21728 --- [app] [           main] org.hibernate.orm.connections.pooling    : HHH10001005: Database info:
	Database JDBC URL [jdbc:h2:mem:integrationtestdb]
	Database driver: H2 JDBC Driver
	Database dialect: H2Dialect
	Database version: 2.4.240
	Default catalog/schema: INTEGRATIONTESTDB/PUBLIC
	Autocommit mode: undefined/unknown
	Isolation level: READ_COMMITTED [default READ_COMMITTED]
	JDBC fetch size: 100
	Pool: DataSourceConnectionProvider
	Minimum pool size: undefined/unknown
	Maximum pool size: undefined/unknown
2026-06-11T18:32:13.306+02:00  INFO 21728 --- [app] [           main] org.hibernate.orm.core                   : HHH000489: No JTA platform available (set 'hibernate.transaction.jta.platform' to enable JTA platform integration)
2026-06-11T18:32:13.316+02:00  INFO 21728 --- [app] [           main] j.LocalContainerEntityManagerFactoryBean : Initialized JPA EntityManagerFactory for persistence unit 'default'
2026-06-11T18:32:13.452+02:00  WARN 21728 --- [app] [           main] JpaBaseConfiguration$JpaWebConfiguration : spring.jpa.open-in-view is enabled by default. Therefore, database queries may be performed during view rendering. Explicitly configure spring.jpa.open-in-view to disable this warning
2026-06-11T18:32:13.455+02:00  INFO 21728 --- [app] [           main] o.s.v.b.OptionalValidatorFactoryBean     : Failed to set up a Bean Validation provider: jakarta.validation.NoProviderFoundException: Unable to create a Configuration, because no Jakarta Validation provider could be found. Add a provider like Hibernate Validator (RI) to your classpath.
2026-06-11T18:32:13.506+02:00  INFO 21728 --- [app] [           main] r$InitializeUserDetailsManagerConfigurer : Global AuthenticationManager configured with UserDetailsService bean with name customUserDetailsService
2026-06-11T18:32:13.712+02:00  INFO 21728 --- [app] [           main] o.s.b.t.m.w.SpringBootMockServletContext : Initializing Spring TestDispatcherServlet ''
2026-06-11T18:32:13.713+02:00  INFO 21728 --- [app] [           main] o.s.t.web.servlet.TestDispatcherServlet  : Initializing Servlet ''
2026-06-11T18:32:13.716+02:00  INFO 21728 --- [app] [           main] o.s.b.a.e.web.EndpointLinksResolver      : Exposing 1 endpoint beneath base path '/actuator'
2026-06-11T18:32:13.720+02:00  INFO 21728 --- [app] [           main] o.s.t.web.servlet.TestDispatcherServlet  : Completed initialization in 7 ms
2026-06-11T18:32:13.748+02:00  INFO 21728 --- [app] [           main] o.s.m.s.b.SimpleBrokerMessageHandler     : Starting...
2026-06-11T18:32:13.749+02:00  INFO 21728 --- [app] [           main] o.s.m.s.b.SimpleBrokerMessageHandler     : BrokerAvailabilityEvent[available=true, SimpleBrokerMessageHandler [org.springframework.messaging.simp.broker.DefaultSubscriptionRegistry@52f7e639]]
2026-06-11T18:32:13.749+02:00  INFO 21728 --- [app] [           main] o.s.m.s.b.SimpleBrokerMessageHandler     : Started.
2026-06-11T18:32:13.753+02:00  INFO 21728 --- [app] [           main] c.example.app.SecurityIntegrationTest    : Started SecurityIntegrationTest in 0.861 seconds (process running for 5.652)
2026-06-11T18:32:13.941+02:00  INFO 21728 --- [app] [           main] o.s.m.s.b.SimpleBrokerMessageHandler     : Stopping...
2026-06-11T18:32:13.941+02:00  INFO 21728 --- [app] [           main] o.s.m.s.b.SimpleBrokerMessageHandler     : BrokerAvailabilityEvent[available=false, SimpleBrokerMessageHandler [org.springframework.messaging.simp.broker.DefaultSubscriptionRegistry@52f7e639]]
2026-06-11T18:32:13.941+02:00  INFO 21728 --- [app] [           main] o.s.m.s.b.SimpleBrokerMessageHandler     : Stopped.
2026-06-11T18:32:13.946+02:00  INFO 21728 --- [app] [           main] j.LocalContainerEntityManagerFactoryBean : Closing JPA EntityManagerFactory for persistence unit 'default'
2026-06-11T18:32:13.950+02:00  INFO 21728 --- [app] [           main] com.zaxxer.hikari.HikariDataSource       : HikariPool-1 - Shutdown initiated...
2026-06-11T18:32:13.951+02:00  INFO 21728 --- [app] [           main] com.zaxxer.hikari.HikariDataSource       : HikariPool-1 - Shutdown completed.
2026-06-11T18:32:13.952+02:00  INFO 21728 --- [app] [           main] o.s.b.d.r.RestartApplicationListener     : Restart disabled due to context in which it is running

  .   ____          _            __ _ _
 /\\ / ___'_ __ _ _(_)_ __  __ _ \ \ \ \
( ( )\___ | '_ | '_| | '_ \/ _` | \ \ \ \
 \\/  ___)| |_)| | | | | || (_| |  ) ) ) )
  '  |____| .__|_| |_|_| |_\__, | / / / /
 =========|_|==============|___/=/_/_/_/

 :: Spring Boot ::                (v4.0.3)

2026-06-11T18:32:13.962+02:00  INFO 21728 --- [app] [           main] c.example.app.SecurityIntegrationTest    : Starting SecurityIntegrationTest using Java 25.0.2 with PID 21728 (started by sebastiancnotalski in /Users/sebastiancnotalski/Desktop/Agile/projekt/projektAgile/app)
2026-06-11T18:32:13.962+02:00  INFO 21728 --- [app] [           main] c.example.app.SecurityIntegrationTest    : The following 1 profile is active: "test"
2026-06-11T18:32:14.063+02:00  INFO 21728 --- [app] [           main] .s.d.r.c.RepositoryConfigurationDelegate : Bootstrapping Spring Data JPA repositories in DEFAULT mode.
2026-06-11T18:32:14.069+02:00  INFO 21728 --- [app] [           main] .s.d.r.c.RepositoryConfigurationDelegate : Finished Spring Data repository scanning in 4 ms. Found 5 JPA repository interfaces.
2026-06-11T18:32:14.103+02:00  INFO 21728 --- [app] [           main] org.hibernate.orm.jpa                    : HHH008540: Processing PersistenceUnitInfo [name: default]
2026-06-11T18:32:14.112+02:00  INFO 21728 --- [app] [           main] o.s.o.j.p.SpringPersistenceUnitInfo      : No LoadTimeWeaver setup: ignoring JPA class transformer
2026-06-11T18:32:14.113+02:00  INFO 21728 --- [app] [           main] com.zaxxer.hikari.HikariDataSource       : HikariPool-2 - Starting...
2026-06-11T18:32:14.113+02:00  INFO 21728 --- [app] [           main] com.zaxxer.hikari.pool.HikariPool        : HikariPool-2 - Added connection conn31: url=jdbc:h2:mem:integrationtestdb user=SA
2026-06-11T18:32:14.113+02:00  INFO 21728 --- [app] [           main] com.zaxxer.hikari.HikariDataSource       : HikariPool-2 - Start completed.
2026-06-11T18:32:14.114+02:00  WARN 21728 --- [app] [           main] org.hibernate.orm.deprecation            : HHH90000025: H2Dialect does not need to be specified explicitly using 'hibernate.dialect' (remove the property setting and it will be selected by default)
2026-06-11T18:32:14.114+02:00  INFO 21728 --- [app] [           main] org.hibernate.orm.connections.pooling    : HHH10001005: Database info:
	Database JDBC URL [jdbc:h2:mem:integrationtestdb]
	Database driver: H2 JDBC Driver
	Database dialect: H2Dialect
	Database version: 2.4.240
	Default catalog/schema: INTEGRATIONTESTDB/PUBLIC
	Autocommit mode: undefined/unknown
	Isolation level: READ_COMMITTED [default READ_COMMITTED]
	JDBC fetch size: 100
	Pool: DataSourceConnectionProvider
	Minimum pool size: undefined/unknown
	Maximum pool size: undefined/unknown
2026-06-11T18:32:14.149+02:00  INFO 21728 --- [app] [           main] org.hibernate.orm.core                   : HHH000489: No JTA platform available (set 'hibernate.transaction.jta.platform' to enable JTA platform integration)
2026-06-11T18:32:14.158+02:00  INFO 21728 --- [app] [           main] j.LocalContainerEntityManagerFactoryBean : Initialized JPA EntityManagerFactory for persistence unit 'default'
2026-06-11T18:32:14.204+02:00  WARN 21728 --- [app] [           main] JpaBaseConfiguration$JpaWebConfiguration : spring.jpa.open-in-view is enabled by default. Therefore, database queries may be performed during view rendering. Explicitly configure spring.jpa.open-in-view to disable this warning
2026-06-11T18:32:14.206+02:00  INFO 21728 --- [app] [           main] o.s.v.b.OptionalValidatorFactoryBean     : Failed to set up a Bean Validation provider: jakarta.validation.NoProviderFoundException: Unable to create a Configuration, because no Jakarta Validation provider could be found. Add a provider like Hibernate Validator (RI) to your classpath.
2026-06-11T18:32:14.218+02:00  INFO 21728 --- [app] [           main] r$InitializeUserDetailsManagerConfigurer : Global AuthenticationManager configured with UserDetailsService bean with name customUserDetailsService
2026-06-11T18:32:14.290+02:00  INFO 21728 --- [app] [           main] o.s.b.t.m.w.SpringBootMockServletContext : Initializing Spring TestDispatcherServlet ''
2026-06-11T18:32:14.290+02:00  INFO 21728 --- [app] [           main] o.s.t.web.servlet.TestDispatcherServlet  : Initializing Servlet ''
2026-06-11T18:32:14.291+02:00  INFO 21728 --- [app] [           main] o.s.b.a.e.web.EndpointLinksResolver      : Exposing 1 endpoint beneath base path '/actuator'
2026-06-11T18:32:14.293+02:00  INFO 21728 --- [app] [           main] o.s.t.web.servlet.TestDispatcherServlet  : Completed initialization in 3 ms
2026-06-11T18:32:14.300+02:00  INFO 21728 --- [app] [           main] o.s.m.s.b.SimpleBrokerMessageHandler     : Starting...
2026-06-11T18:32:14.300+02:00  INFO 21728 --- [app] [           main] o.s.m.s.b.SimpleBrokerMessageHandler     : BrokerAvailabilityEvent[available=true, SimpleBrokerMessageHandler [org.springframework.messaging.simp.broker.DefaultSubscriptionRegistry@4ed2114e]]
2026-06-11T18:32:14.300+02:00  INFO 21728 --- [app] [           main] o.s.m.s.b.SimpleBrokerMessageHandler     : Started.
2026-06-11T18:32:14.302+02:00  INFO 21728 --- [app] [           main] c.example.app.SecurityIntegrationTest    : Started SecurityIntegrationTest in 0.35 seconds (process running for 6.201)
]]></system-out>
  </testcase>
  <testcase name="shouldReturn401ForTasksWithoutAuth" classname="com.example.app.SecurityIntegrationTest" time="0.456">
    <system-out><![CDATA[2026-06-11T18:32:14.830+02:00  INFO 21728 --- [app] [           main] o.s.m.s.b.SimpleBrokerMessageHandler     : Stopping...
2026-06-11T18:32:14.830+02:00  INFO 21728 --- [app] [           main] o.s.m.s.b.SimpleBrokerMessageHandler     : BrokerAvailabilityEvent[available=false, SimpleBrokerMessageHandler [org.springframework.messaging.simp.broker.DefaultSubscriptionRegistry@4ed2114e]]
2026-06-11T18:32:14.831+02:00  INFO 21728 --- [app] [           main] o.s.m.s.b.SimpleBrokerMessageHandler     : Stopped.
2026-06-11T18:32:14.833+02:00  INFO 21728 --- [app] [           main] j.LocalContainerEntityManagerFactoryBean : Closing JPA EntityManagerFactory for persistence unit 'default'
2026-06-11T18:32:14.836+02:00  INFO 21728 --- [app] [           main] com.zaxxer.hikari.HikariDataSource       : HikariPool-2 - Shutdown initiated...
2026-06-11T18:32:14.836+02:00  INFO 21728 --- [app] [           main] com.zaxxer.hikari.HikariDataSource       : HikariPool-2 - Shutdown completed.
2026-06-11T18:32:14.838+02:00  INFO 21728 --- [app] [           main] o.s.b.d.r.RestartApplicationListener     : Restart disabled due to context in which it is running

  .   ____          _            __ _ _
 /\\ / ___'_ __ _ _(_)_ __  __ _ \ \ \ \
( ( )\___ | '_ | '_| | '_ \/ _` | \ \ \ \
 \\/  ___)| |_)| | | | | || (_| |  ) ) ) )
  '  |____| .__|_| |_|_| |_\__, | / / / /
 =========|_|==============|___/=/_/_/_/

 :: Spring Boot ::                (v4.0.3)

2026-06-11T18:32:14.848+02:00  INFO 21728 --- [app] [           main] c.example.app.SecurityIntegrationTest    : Starting SecurityIntegrationTest using Java 25.0.2 with PID 21728 (started by sebastiancnotalski in /Users/sebastiancnotalski/Desktop/Agile/projekt/projektAgile/app)
2026-06-11T18:32:14.848+02:00  INFO 21728 --- [app] [           main] c.example.app.SecurityIntegrationTest    : The following 1 profile is active: "test"
2026-06-11T18:32:14.934+02:00  INFO 21728 --- [app] [           main] .s.d.r.c.RepositoryConfigurationDelegate : Bootstrapping Spring Data JPA repositories in DEFAULT mode.
2026-06-11T18:32:14.941+02:00  INFO 21728 --- [app] [           main] .s.d.r.c.RepositoryConfigurationDelegate : Finished Spring Data repository scanning in 5 ms. Found 5 JPA repository interfaces.
2026-06-11T18:32:14.982+02:00  INFO 21728 --- [app] [           main] org.hibernate.orm.jpa                    : HHH008540: Processing PersistenceUnitInfo [name: default]
2026-06-11T18:32:14.992+02:00  INFO 21728 --- [app] [           main] o.s.o.j.p.SpringPersistenceUnitInfo      : No LoadTimeWeaver setup: ignoring JPA class transformer
2026-06-11T18:32:14.992+02:00  INFO 21728 --- [app] [           main] com.zaxxer.hikari.HikariDataSource       : HikariPool-3 - Starting...
2026-06-11T18:32:14.993+02:00  INFO 21728 --- [app] [           main] com.zaxxer.hikari.pool.HikariPool        : HikariPool-3 - Added connection conn41: url=jdbc:h2:mem:integrationtestdb user=SA
2026-06-11T18:32:14.993+02:00  INFO 21728 --- [app] [           main] com.zaxxer.hikari.HikariDataSource       : HikariPool-3 - Start completed.
2026-06-11T18:32:14.993+02:00  WARN 21728 --- [app] [           main] org.hibernate.orm.deprecation            : HHH90000025: H2Dialect does not need to be specified explicitly using 'hibernate.dialect' (remove the property setting and it will be selected by default)
2026-06-11T18:32:14.993+02:00  INFO 21728 --- [app] [           main] org.hibernate.orm.connections.pooling    : HHH10001005: Database info:
	Database JDBC URL [jdbc:h2:mem:integrationtestdb]
	Database driver: H2 JDBC Driver
	Database dialect: H2Dialect
	Database version: 2.4.240
	Default catalog/schema: INTEGRATIONTESTDB/PUBLIC
	Autocommit mode: undefined/unknown
	Isolation level: READ_COMMITTED [default READ_COMMITTED]
	JDBC fetch size: 100
	Pool: DataSourceConnectionProvider
	Minimum pool size: undefined/unknown
	Maximum pool size: undefined/unknown
2026-06-11T18:32:15.034+02:00  INFO 21728 --- [app] [           main] org.hibernate.orm.core                   : HHH000489: No JTA platform available (set 'hibernate.transaction.jta.platform' to enable JTA platform integration)
2026-06-11T18:32:15.044+02:00  INFO 21728 --- [app] [           main] j.LocalContainerEntityManagerFactoryBean : Initialized JPA EntityManagerFactory for persistence unit 'default'
2026-06-11T18:32:15.087+02:00  WARN 21728 --- [app] [           main] JpaBaseConfiguration$JpaWebConfiguration : spring.jpa.open-in-view is enabled by default. Therefore, database queries may be performed during view rendering. Explicitly configure spring.jpa.open-in-view to disable this warning
2026-06-11T18:32:15.088+02:00  INFO 21728 --- [app] [           main] o.s.v.b.OptionalValidatorFactoryBean     : Failed to set up a Bean Validation provider: jakarta.validation.NoProviderFoundException: Unable to create a Configuration, because no Jakarta Validation provider could be found. Add a provider like Hibernate Validator (RI) to your classpath.
2026-06-11T18:32:15.100+02:00  INFO 21728 --- [app] [           main] r$InitializeUserDetailsManagerConfigurer : Global AuthenticationManager configured with UserDetailsService bean with name customUserDetailsService
2026-06-11T18:32:15.163+02:00  INFO 21728 --- [app] [           main] o.s.b.t.m.w.SpringBootMockServletContext : Initializing Spring TestDispatcherServlet ''
2026-06-11T18:32:15.164+02:00  INFO 21728 --- [app] [           main] o.s.t.web.servlet.TestDispatcherServlet  : Initializing Servlet ''
2026-06-11T18:32:15.164+02:00  INFO 21728 --- [app] [           main] o.s.b.a.e.web.EndpointLinksResolver      : Exposing 1 endpoint beneath base path '/actuator'
2026-06-11T18:32:15.166+02:00  INFO 21728 --- [app] [           main] o.s.t.web.servlet.TestDispatcherServlet  : Completed initialization in 2 ms
2026-06-11T18:32:15.171+02:00  INFO 21728 --- [app] [           main] o.s.m.s.b.SimpleBrokerMessageHandler     : Starting...
2026-06-11T18:32:15.171+02:00  INFO 21728 --- [app] [           main] o.s.m.s.b.SimpleBrokerMessageHandler     : BrokerAvailabilityEvent[available=true, SimpleBrokerMessageHandler [org.springframework.messaging.simp.broker.DefaultSubscriptionRegistry@660e4d64]]
2026-06-11T18:32:15.171+02:00  INFO 21728 --- [app] [           main] o.s.m.s.b.SimpleBrokerMessageHandler     : Started.
2026-06-11T18:32:15.173+02:00  INFO 21728 --- [app] [           main] c.example.app.SecurityIntegrationTest    : Started SecurityIntegrationTest in 0.335 seconds (process running for 7.073)
]]></system-out>
  </testcase>
  <testcase name="shouldAllowAccessWithRegularUserCredentials" classname="com.example.app.SecurityIntegrationTest" time="0.737">
    <system-out><![CDATA[2026-06-11T18:32:15.287+02:00  INFO 21728 --- [app] [           main] o.s.m.s.b.SimpleBrokerMessageHandler     : Stopping...
2026-06-11T18:32:15.287+02:00  INFO 21728 --- [app] [           main] o.s.m.s.b.SimpleBrokerMessageHandler     : BrokerAvailabilityEvent[available=false, SimpleBrokerMessageHandler [org.springframework.messaging.simp.broker.DefaultSubscriptionRegistry@660e4d64]]
2026-06-11T18:32:15.287+02:00  INFO 21728 --- [app] [           main] o.s.m.s.b.SimpleBrokerMessageHandler     : Stopped.
2026-06-11T18:32:15.289+02:00  INFO 21728 --- [app] [           main] j.LocalContainerEntityManagerFactoryBean : Closing JPA EntityManagerFactory for persistence unit 'default'
2026-06-11T18:32:15.291+02:00  INFO 21728 --- [app] [           main] com.zaxxer.hikari.HikariDataSource       : HikariPool-3 - Shutdown initiated...
2026-06-11T18:32:15.304+02:00  INFO 21728 --- [app] [           main] com.zaxxer.hikari.HikariDataSource       : HikariPool-3 - Shutdown completed.
2026-06-11T18:32:15.305+02:00  INFO 21728 --- [app] [           main] o.s.b.d.r.RestartApplicationListener     : Restart disabled due to context in which it is running

  .   ____          _            __ _ _
 /\\ / ___'_ __ _ _(_)_ __  __ _ \ \ \ \
( ( )\___ | '_ | '_| | '_ \/ _` | \ \ \ \
 \\/  ___)| |_)| | | | | || (_| |  ) ) ) )
  '  |____| .__|_| |_|_| |_\__, | / / / /
 =========|_|==============|___/=/_/_/_/

 :: Spring Boot ::                (v4.0.3)

2026-06-11T18:32:15.314+02:00  INFO 21728 --- [app] [           main] c.example.app.SecurityIntegrationTest    : Starting SecurityIntegrationTest using Java 25.0.2 with PID 21728 (started by sebastiancnotalski in /Users/sebastiancnotalski/Desktop/Agile/projekt/projektAgile/app)
2026-06-11T18:32:15.315+02:00  INFO 21728 --- [app] [           main] c.example.app.SecurityIntegrationTest    : The following 1 profile is active: "test"
2026-06-11T18:32:15.403+02:00  INFO 21728 --- [app] [           main] .s.d.r.c.RepositoryConfigurationDelegate : Bootstrapping Spring Data JPA repositories in DEFAULT mode.
2026-06-11T18:32:15.409+02:00  INFO 21728 --- [app] [           main] .s.d.r.c.RepositoryConfigurationDelegate : Finished Spring Data repository scanning in 5 ms. Found 5 JPA repository interfaces.
2026-06-11T18:32:15.440+02:00  INFO 21728 --- [app] [           main] org.hibernate.orm.jpa                    : HHH008540: Processing PersistenceUnitInfo [name: default]
2026-06-11T18:32:15.450+02:00  INFO 21728 --- [app] [           main] o.s.o.j.p.SpringPersistenceUnitInfo      : No LoadTimeWeaver setup: ignoring JPA class transformer
2026-06-11T18:32:15.450+02:00  INFO 21728 --- [app] [           main] com.zaxxer.hikari.HikariDataSource       : HikariPool-4 - Starting...
2026-06-11T18:32:15.451+02:00  INFO 21728 --- [app] [           main] com.zaxxer.hikari.pool.HikariPool        : HikariPool-4 - Added connection conn48: url=jdbc:h2:mem:integrationtestdb user=SA
2026-06-11T18:32:15.451+02:00  INFO 21728 --- [app] [           main] com.zaxxer.hikari.HikariDataSource       : HikariPool-4 - Start completed.
2026-06-11T18:32:15.451+02:00  WARN 21728 --- [app] [           main] org.hibernate.orm.deprecation            : HHH90000025: H2Dialect does not need to be specified explicitly using 'hibernate.dialect' (remove the property setting and it will be selected by default)
2026-06-11T18:32:15.451+02:00  INFO 21728 --- [app] [           main] org.hibernate.orm.connections.pooling    : HHH10001005: Database info:
	Database JDBC URL [jdbc:h2:mem:integrationtestdb]
	Database driver: H2 JDBC Driver
	Database dialect: H2Dialect
	Database version: 2.4.240
	Default catalog/schema: INTEGRATIONTESTDB/PUBLIC
	Autocommit mode: undefined/unknown
	Isolation level: READ_COMMITTED [default READ_COMMITTED]
	JDBC fetch size: 100
	Pool: DataSourceConnectionProvider
	Minimum pool size: undefined/unknown
	Maximum pool size: undefined/unknown
2026-06-11T18:32:15.475+02:00  INFO 21728 --- [app] [           main] org.hibernate.orm.core                   : HHH000489: No JTA platform available (set 'hibernate.transaction.jta.platform' to enable JTA platform integration)
2026-06-11T18:32:15.483+02:00  INFO 21728 --- [app] [           main] j.LocalContainerEntityManagerFactoryBean : Initialized JPA EntityManagerFactory for persistence unit 'default'
2026-06-11T18:32:15.520+02:00  WARN 21728 --- [app] [           main] JpaBaseConfiguration$JpaWebConfiguration : spring.jpa.open-in-view is enabled by default. Therefore, database queries may be performed during view rendering. Explicitly configure spring.jpa.open-in-view to disable this warning
2026-06-11T18:32:15.522+02:00  INFO 21728 --- [app] [           main] o.s.v.b.OptionalValidatorFactoryBean     : Failed to set up a Bean Validation provider: jakarta.validation.NoProviderFoundException: Unable to create a Configuration, because no Jakarta Validation provider could be found. Add a provider like Hibernate Validator (RI) to your classpath.
2026-06-11T18:32:15.532+02:00  INFO 21728 --- [app] [           main] r$InitializeUserDetailsManagerConfigurer : Global AuthenticationManager configured with UserDetailsService bean with name customUserDetailsService
2026-06-11T18:32:15.599+02:00  INFO 21728 --- [app] [           main] o.s.b.t.m.w.SpringBootMockServletContext : Initializing Spring TestDispatcherServlet ''
2026-06-11T18:32:15.599+02:00  INFO 21728 --- [app] [           main] o.s.t.web.servlet.TestDispatcherServlet  : Initializing Servlet ''
2026-06-11T18:32:15.600+02:00  INFO 21728 --- [app] [           main] o.s.b.a.e.web.EndpointLinksResolver      : Exposing 1 endpoint beneath base path '/actuator'
2026-06-11T18:32:15.602+02:00  INFO 21728 --- [app] [           main] o.s.t.web.servlet.TestDispatcherServlet  : Completed initialization in 3 ms
2026-06-11T18:32:15.607+02:00  INFO 21728 --- [app] [           main] o.s.m.s.b.SimpleBrokerMessageHandler     : Starting...
2026-06-11T18:32:15.607+02:00  INFO 21728 --- [app] [           main] o.s.m.s.b.SimpleBrokerMessageHandler     : BrokerAvailabilityEvent[available=true, SimpleBrokerMessageHandler [org.springframework.messaging.simp.broker.DefaultSubscriptionRegistry@3db889e7]]
2026-06-11T18:32:15.607+02:00  INFO 21728 --- [app] [           main] o.s.m.s.b.SimpleBrokerMessageHandler     : Started.
2026-06-11T18:32:15.609+02:00  INFO 21728 --- [app] [           main] c.example.app.SecurityIntegrationTest    : Started SecurityIntegrationTest in 0.304 seconds (process running for 7.508)
]]></system-out>
  </testcase>
  <testcase name="shouldAllowRegisterWithoutAuth" classname="com.example.app.SecurityIntegrationTest" time="0.516">
    <system-out><![CDATA[2026-06-11T18:32:16.024+02:00  INFO 21728 --- [app] [           main] o.s.m.s.b.SimpleBrokerMessageHandler     : Stopping...
2026-06-11T18:32:16.025+02:00  INFO 21728 --- [app] [           main] o.s.m.s.b.SimpleBrokerMessageHandler     : BrokerAvailabilityEvent[available=false, SimpleBrokerMessageHandler [org.springframework.messaging.simp.broker.DefaultSubscriptionRegistry@3db889e7]]
2026-06-11T18:32:16.025+02:00  INFO 21728 --- [app] [           main] o.s.m.s.b.SimpleBrokerMessageHandler     : Stopped.
2026-06-11T18:32:16.026+02:00  INFO 21728 --- [app] [           main] j.LocalContainerEntityManagerFactoryBean : Closing JPA EntityManagerFactory for persistence unit 'default'
2026-06-11T18:32:16.028+02:00  INFO 21728 --- [app] [           main] com.zaxxer.hikari.HikariDataSource       : HikariPool-4 - Shutdown initiated...
2026-06-11T18:32:16.028+02:00  INFO 21728 --- [app] [           main] com.zaxxer.hikari.HikariDataSource       : HikariPool-4 - Shutdown completed.
2026-06-11T18:32:16.029+02:00  INFO 21728 --- [app] [           main] o.s.b.d.r.RestartApplicationListener     : Restart disabled due to context in which it is running

  .   ____          _            __ _ _
 /\\ / ___'_ __ _ _(_)_ __  __ _ \ \ \ \
( ( )\___ | '_ | '_| | '_ \/ _` | \ \ \ \
 \\/  ___)| |_)| | | | | || (_| |  ) ) ) )
  '  |____| .__|_| |_|_| |_\__, | / / / /
 =========|_|==============|___/=/_/_/_/

 :: Spring Boot ::                (v4.0.3)

2026-06-11T18:32:16.037+02:00  INFO 21728 --- [app] [           main] c.example.app.SecurityIntegrationTest    : Starting SecurityIntegrationTest using Java 25.0.2 with PID 21728 (started by sebastiancnotalski in /Users/sebastiancnotalski/Desktop/Agile/projekt/projektAgile/app)
2026-06-11T18:32:16.037+02:00  INFO 21728 --- [app] [           main] c.example.app.SecurityIntegrationTest    : The following 1 profile is active: "test"
2026-06-11T18:32:16.115+02:00  INFO 21728 --- [app] [           main] .s.d.r.c.RepositoryConfigurationDelegate : Bootstrapping Spring Data JPA repositories in DEFAULT mode.
2026-06-11T18:32:16.122+02:00  INFO 21728 --- [app] [           main] .s.d.r.c.RepositoryConfigurationDelegate : Finished Spring Data repository scanning in 5 ms. Found 5 JPA repository interfaces.
2026-06-11T18:32:16.154+02:00  INFO 21728 --- [app] [           main] org.hibernate.orm.jpa                    : HHH008540: Processing PersistenceUnitInfo [name: default]
2026-06-11T18:32:16.163+02:00  INFO 21728 --- [app] [           main] o.s.o.j.p.SpringPersistenceUnitInfo      : No LoadTimeWeaver setup: ignoring JPA class transformer
2026-06-11T18:32:16.163+02:00  INFO 21728 --- [app] [           main] com.zaxxer.hikari.HikariDataSource       : HikariPool-5 - Starting...
2026-06-11T18:32:16.163+02:00  INFO 21728 --- [app] [           main] com.zaxxer.hikari.pool.HikariPool        : HikariPool-5 - Added connection conn58: url=jdbc:h2:mem:integrationtestdb user=SA
2026-06-11T18:32:16.163+02:00  INFO 21728 --- [app] [           main] com.zaxxer.hikari.HikariDataSource       : HikariPool-5 - Start completed.
2026-06-11T18:32:16.164+02:00  WARN 21728 --- [app] [           main] org.hibernate.orm.deprecation            : HHH90000025: H2Dialect does not need to be specified explicitly using 'hibernate.dialect' (remove the property setting and it will be selected by default)
2026-06-11T18:32:16.164+02:00  INFO 21728 --- [app] [           main] org.hibernate.orm.connections.pooling    : HHH10001005: Database info:
	Database JDBC URL [jdbc:h2:mem:integrationtestdb]
	Database driver: H2 JDBC Driver
	Database dialect: H2Dialect
	Database version: 2.4.240
	Default catalog/schema: INTEGRATIONTESTDB/PUBLIC
	Autocommit mode: undefined/unknown
	Isolation level: READ_COMMITTED [default READ_COMMITTED]
	JDBC fetch size: 100
	Pool: DataSourceConnectionProvider
	Minimum pool size: undefined/unknown
	Maximum pool size: undefined/unknown
2026-06-11T18:32:16.187+02:00  INFO 21728 --- [app] [           main] org.hibernate.orm.core                   : HHH000489: No JTA platform available (set 'hibernate.transaction.jta.platform' to enable JTA platform integration)
2026-06-11T18:32:16.194+02:00  INFO 21728 --- [app] [           main] j.LocalContainerEntityManagerFactoryBean : Initialized JPA EntityManagerFactory for persistence unit 'default'
2026-06-11T18:32:16.240+02:00  WARN 21728 --- [app] [           main] JpaBaseConfiguration$JpaWebConfiguration : spring.jpa.open-in-view is enabled by default. Therefore, database queries may be performed during view rendering. Explicitly configure spring.jpa.open-in-view to disable this warning
2026-06-11T18:32:16.243+02:00  INFO 21728 --- [app] [           main] o.s.v.b.OptionalValidatorFactoryBean     : Failed to set up a Bean Validation provider: jakarta.validation.NoProviderFoundException: Unable to create a Configuration, because no Jakarta Validation provider could be found. Add a provider like Hibernate Validator (RI) to your classpath.
2026-06-11T18:32:16.255+02:00  INFO 21728 --- [app] [           main] r$InitializeUserDetailsManagerConfigurer : Global AuthenticationManager configured with UserDetailsService bean with name customUserDetailsService
2026-06-11T18:32:16.313+02:00  INFO 21728 --- [app] [           main] o.s.b.t.m.w.SpringBootMockServletContext : Initializing Spring TestDispatcherServlet ''
2026-06-11T18:32:16.313+02:00  INFO 21728 --- [app] [           main] o.s.t.web.servlet.TestDispatcherServlet  : Initializing Servlet ''
2026-06-11T18:32:16.314+02:00  INFO 21728 --- [app] [           main] o.s.b.a.e.web.EndpointLinksResolver      : Exposing 1 endpoint beneath base path '/actuator'
2026-06-11T18:32:16.316+02:00  INFO 21728 --- [app] [           main] o.s.t.web.servlet.TestDispatcherServlet  : Completed initialization in 3 ms
2026-06-11T18:32:16.321+02:00  INFO 21728 --- [app] [           main] o.s.m.s.b.SimpleBrokerMessageHandler     : Starting...
2026-06-11T18:32:16.321+02:00  INFO 21728 --- [app] [           main] o.s.m.s.b.SimpleBrokerMessageHandler     : BrokerAvailabilityEvent[available=true, SimpleBrokerMessageHandler [org.springframework.messaging.simp.broker.DefaultSubscriptionRegistry@4aedbbd]]
2026-06-11T18:32:16.321+02:00  INFO 21728 --- [app] [           main] o.s.m.s.b.SimpleBrokerMessageHandler     : Started.
2026-06-11T18:32:16.327+02:00  INFO 21728 --- [app] [           main] c.example.app.SecurityIntegrationTest    : Started SecurityIntegrationTest in 0.298 seconds (process running for 8.226)
]]></system-out>
  </testcase>
  <testcase name="shouldReturn401ForCreateProjectWithoutAuth" classname="com.example.app.SecurityIntegrationTest" time="0.445">
    <system-out><![CDATA[2026-06-11T18:32:16.542+02:00  INFO 21728 --- [app] [           main] o.s.m.s.b.SimpleBrokerMessageHandler     : Stopping...
2026-06-11T18:32:16.542+02:00  INFO 21728 --- [app] [           main] o.s.m.s.b.SimpleBrokerMessageHandler     : BrokerAvailabilityEvent[available=false, SimpleBrokerMessageHandler [org.springframework.messaging.simp.broker.DefaultSubscriptionRegistry@4aedbbd]]
2026-06-11T18:32:16.542+02:00  INFO 21728 --- [app] [           main] o.s.m.s.b.SimpleBrokerMessageHandler     : Stopped.
2026-06-11T18:32:16.544+02:00  INFO 21728 --- [app] [           main] j.LocalContainerEntityManagerFactoryBean : Closing JPA EntityManagerFactory for persistence unit 'default'
2026-06-11T18:32:16.545+02:00  INFO 21728 --- [app] [           main] com.zaxxer.hikari.HikariDataSource       : HikariPool-5 - Shutdown initiated...
2026-06-11T18:32:16.571+02:00  INFO 21728 --- [app] [           main] com.zaxxer.hikari.HikariDataSource       : HikariPool-5 - Shutdown completed.
2026-06-11T18:32:16.572+02:00  INFO 21728 --- [app] [           main] o.s.b.d.r.RestartApplicationListener     : Restart disabled due to context in which it is running

  .   ____          _            __ _ _
 /\\ / ___'_ __ _ _(_)_ __  __ _ \ \ \ \
( ( )\___ | '_ | '_| | '_ \/ _` | \ \ \ \
 \\/  ___)| |_)| | | | | || (_| |  ) ) ) )
  '  |____| .__|_| |_|_| |_\__, | / / / /
 =========|_|==============|___/=/_/_/_/

 :: Spring Boot ::                (v4.0.3)

2026-06-11T18:32:16.580+02:00  INFO 21728 --- [app] [           main] c.example.app.SecurityIntegrationTest    : Starting SecurityIntegrationTest using Java 25.0.2 with PID 21728 (started by sebastiancnotalski in /Users/sebastiancnotalski/Desktop/Agile/projekt/projektAgile/app)
2026-06-11T18:32:16.580+02:00  INFO 21728 --- [app] [           main] c.example.app.SecurityIntegrationTest    : The following 1 profile is active: "test"
2026-06-11T18:32:16.670+02:00  INFO 21728 --- [app] [           main] .s.d.r.c.RepositoryConfigurationDelegate : Bootstrapping Spring Data JPA repositories in DEFAULT mode.
2026-06-11T18:32:16.676+02:00  INFO 21728 --- [app] [           main] .s.d.r.c.RepositoryConfigurationDelegate : Finished Spring Data repository scanning in 4 ms. Found 5 JPA repository interfaces.
2026-06-11T18:32:16.717+02:00  INFO 21728 --- [app] [           main] org.hibernate.orm.jpa                    : HHH008540: Processing PersistenceUnitInfo [name: default]
2026-06-11T18:32:16.726+02:00  INFO 21728 --- [app] [           main] o.s.o.j.p.SpringPersistenceUnitInfo      : No LoadTimeWeaver setup: ignoring JPA class transformer
2026-06-11T18:32:16.726+02:00  INFO 21728 --- [app] [           main] com.zaxxer.hikari.HikariDataSource       : HikariPool-6 - Starting...
2026-06-11T18:32:16.727+02:00  INFO 21728 --- [app] [           main] com.zaxxer.hikari.pool.HikariPool        : HikariPool-6 - Added connection conn68: url=jdbc:h2:mem:integrationtestdb user=SA
2026-06-11T18:32:16.727+02:00  INFO 21728 --- [app] [           main] com.zaxxer.hikari.HikariDataSource       : HikariPool-6 - Start completed.
2026-06-11T18:32:16.727+02:00  WARN 21728 --- [app] [           main] org.hibernate.orm.deprecation            : HHH90000025: H2Dialect does not need to be specified explicitly using 'hibernate.dialect' (remove the property setting and it will be selected by default)
2026-06-11T18:32:16.727+02:00  INFO 21728 --- [app] [           main] org.hibernate.orm.connections.pooling    : HHH10001005: Database info:
	Database JDBC URL [jdbc:h2:mem:integrationtestdb]
	Database driver: H2 JDBC Driver
	Database dialect: H2Dialect
	Database version: 2.4.240
	Default catalog/schema: INTEGRATIONTESTDB/PUBLIC
	Autocommit mode: undefined/unknown
	Isolation level: READ_COMMITTED [default READ_COMMITTED]
	JDBC fetch size: 100
	Pool: DataSourceConnectionProvider
	Minimum pool size: undefined/unknown
	Maximum pool size: undefined/unknown
2026-06-11T18:32:16.752+02:00  INFO 21728 --- [app] [           main] org.hibernate.orm.core                   : HHH000489: No JTA platform available (set 'hibernate.transaction.jta.platform' to enable JTA platform integration)
2026-06-11T18:32:16.759+02:00  INFO 21728 --- [app] [           main] j.LocalContainerEntityManagerFactoryBean : Initialized JPA EntityManagerFactory for persistence unit 'default'
2026-06-11T18:32:16.795+02:00  WARN 21728 --- [app] [           main] JpaBaseConfiguration$JpaWebConfiguration : spring.jpa.open-in-view is enabled by default. Therefore, database queries may be performed during view rendering. Explicitly configure spring.jpa.open-in-view to disable this warning
2026-06-11T18:32:16.797+02:00  INFO 21728 --- [app] [           main] o.s.v.b.OptionalValidatorFactoryBean     : Failed to set up a Bean Validation provider: jakarta.validation.NoProviderFoundException: Unable to create a Configuration, because no Jakarta Validation provider could be found. Add a provider like Hibernate Validator (RI) to your classpath.
2026-06-11T18:32:16.808+02:00  INFO 21728 --- [app] [           main] r$InitializeUserDetailsManagerConfigurer : Global AuthenticationManager configured with UserDetailsService bean with name customUserDetailsService
2026-06-11T18:32:16.871+02:00  INFO 21728 --- [app] [           main] o.s.b.t.m.w.SpringBootMockServletContext : Initializing Spring TestDispatcherServlet ''
2026-06-11T18:32:16.871+02:00  INFO 21728 --- [app] [           main] o.s.t.web.servlet.TestDispatcherServlet  : Initializing Servlet ''
2026-06-11T18:32:16.872+02:00  INFO 21728 --- [app] [           main] o.s.b.a.e.web.EndpointLinksResolver      : Exposing 1 endpoint beneath base path '/actuator'
2026-06-11T18:32:16.873+02:00  INFO 21728 --- [app] [           main] o.s.t.web.servlet.TestDispatcherServlet  : Completed initialization in 2 ms
2026-06-11T18:32:16.878+02:00  INFO 21728 --- [app] [           main] o.s.m.s.b.SimpleBrokerMessageHandler     : Starting...
2026-06-11T18:32:16.878+02:00  INFO 21728 --- [app] [           main] o.s.m.s.b.SimpleBrokerMessageHandler     : BrokerAvailabilityEvent[available=true, SimpleBrokerMessageHandler [org.springframework.messaging.simp.broker.DefaultSubscriptionRegistry@4f3d95e2]]
2026-06-11T18:32:16.879+02:00  INFO 21728 --- [app] [           main] o.s.m.s.b.SimpleBrokerMessageHandler     : Started.
2026-06-11T18:32:16.880+02:00  INFO 21728 --- [app] [           main] c.example.app.SecurityIntegrationTest    : Started SecurityIntegrationTest in 0.308 seconds (process running for 8.78)
]]></system-out>
  </testcase>
  <testcase name="shouldReturn401ForProjectsWithoutAuth" classname="com.example.app.SecurityIntegrationTest" time="0.389">
    <system-out><![CDATA[2026-06-11T18:32:16.987+02:00  INFO 21728 --- [app] [           main] o.s.m.s.b.SimpleBrokerMessageHandler     : Stopping...
2026-06-11T18:32:16.987+02:00  INFO 21728 --- [app] [           main] o.s.m.s.b.SimpleBrokerMessageHandler     : BrokerAvailabilityEvent[available=false, SimpleBrokerMessageHandler [org.springframework.messaging.simp.broker.DefaultSubscriptionRegistry@4f3d95e2]]
2026-06-11T18:32:16.987+02:00  INFO 21728 --- [app] [           main] o.s.m.s.b.SimpleBrokerMessageHandler     : Stopped.
2026-06-11T18:32:16.988+02:00  INFO 21728 --- [app] [           main] j.LocalContainerEntityManagerFactoryBean : Closing JPA EntityManagerFactory for persistence unit 'default'
2026-06-11T18:32:16.989+02:00  INFO 21728 --- [app] [           main] com.zaxxer.hikari.HikariDataSource       : HikariPool-6 - Shutdown initiated...
2026-06-11T18:32:17.004+02:00  INFO 21728 --- [app] [           main] com.zaxxer.hikari.HikariDataSource       : HikariPool-6 - Shutdown completed.
2026-06-11T18:32:17.005+02:00  INFO 21728 --- [app] [           main] o.s.b.d.r.RestartApplicationListener     : Restart disabled due to context in which it is running

  .   ____          _            __ _ _
 /\\ / ___'_ __ _ _(_)_ __  __ _ \ \ \ \
( ( )\___ | '_ | '_| | '_ \/ _` | \ \ \ \
 \\/  ___)| |_)| | | | | || (_| |  ) ) ) )
  '  |____| .__|_| |_|_| |_\__, | / / / /
 =========|_|==============|___/=/_/_/_/

 :: Spring Boot ::                (v4.0.3)

2026-06-11T18:32:17.012+02:00  INFO 21728 --- [app] [           main] c.example.app.SecurityIntegrationTest    : Starting SecurityIntegrationTest using Java 25.0.2 with PID 21728 (started by sebastiancnotalski in /Users/sebastiancnotalski/Desktop/Agile/projekt/projektAgile/app)
2026-06-11T18:32:17.012+02:00  INFO 21728 --- [app] [           main] c.example.app.SecurityIntegrationTest    : The following 1 profile is active: "test"
2026-06-11T18:32:17.082+02:00  INFO 21728 --- [app] [           main] .s.d.r.c.RepositoryConfigurationDelegate : Bootstrapping Spring Data JPA repositories in DEFAULT mode.
2026-06-11T18:32:17.086+02:00  INFO 21728 --- [app] [           main] .s.d.r.c.RepositoryConfigurationDelegate : Finished Spring Data repository scanning in 4 ms. Found 5 JPA repository interfaces.
2026-06-11T18:32:17.126+02:00  INFO 21728 --- [app] [           main] org.hibernate.orm.jpa                    : HHH008540: Processing PersistenceUnitInfo [name: default]
2026-06-11T18:32:17.135+02:00  INFO 21728 --- [app] [           main] o.s.o.j.p.SpringPersistenceUnitInfo      : No LoadTimeWeaver setup: ignoring JPA class transformer
2026-06-11T18:32:17.135+02:00  INFO 21728 --- [app] [           main] com.zaxxer.hikari.HikariDataSource       : HikariPool-7 - Starting...
2026-06-11T18:32:17.136+02:00  INFO 21728 --- [app] [           main] com.zaxxer.hikari.pool.HikariPool        : HikariPool-7 - Added connection conn74: url=jdbc:h2:mem:integrationtestdb user=SA
2026-06-11T18:32:17.136+02:00  INFO 21728 --- [app] [           main] com.zaxxer.hikari.HikariDataSource       : HikariPool-7 - Start completed.
2026-06-11T18:32:17.136+02:00  WARN 21728 --- [app] [           main] org.hibernate.orm.deprecation            : HHH90000025: H2Dialect does not need to be specified explicitly using 'hibernate.dialect' (remove the property setting and it will be selected by default)
2026-06-11T18:32:17.136+02:00  INFO 21728 --- [app] [           main] org.hibernate.orm.connections.pooling    : HHH10001005: Database info:
	Database JDBC URL [jdbc:h2:mem:integrationtestdb]
	Database driver: H2 JDBC Driver
	Database dialect: H2Dialect
	Database version: 2.4.240
	Default catalog/schema: INTEGRATIONTESTDB/PUBLIC
	Autocommit mode: undefined/unknown
	Isolation level: READ_COMMITTED [default READ_COMMITTED]
	JDBC fetch size: 100
	Pool: DataSourceConnectionProvider
	Minimum pool size: undefined/unknown
	Maximum pool size: undefined/unknown
2026-06-11T18:32:17.158+02:00  INFO 21728 --- [app] [           main] org.hibernate.orm.core                   : HHH000489: No JTA platform available (set 'hibernate.transaction.jta.platform' to enable JTA platform integration)
2026-06-11T18:32:17.165+02:00  INFO 21728 --- [app] [           main] j.LocalContainerEntityManagerFactoryBean : Initialized JPA EntityManagerFactory for persistence unit 'default'
2026-06-11T18:32:17.198+02:00  WARN 21728 --- [app] [           main] JpaBaseConfiguration$JpaWebConfiguration : spring.jpa.open-in-view is enabled by default. Therefore, database queries may be performed during view rendering. Explicitly configure spring.jpa.open-in-view to disable this warning
2026-06-11T18:32:17.200+02:00  INFO 21728 --- [app] [           main] o.s.v.b.OptionalValidatorFactoryBean     : Failed to set up a Bean Validation provider: jakarta.validation.NoProviderFoundException: Unable to create a Configuration, because no Jakarta Validation provider could be found. Add a provider like Hibernate Validator (RI) to your classpath.
2026-06-11T18:32:17.210+02:00  INFO 21728 --- [app] [           main] r$InitializeUserDetailsManagerConfigurer : Global AuthenticationManager configured with UserDetailsService bean with name customUserDetailsService
2026-06-11T18:32:17.261+02:00  INFO 21728 --- [app] [           main] o.s.b.t.m.w.SpringBootMockServletContext : Initializing Spring TestDispatcherServlet ''
2026-06-11T18:32:17.261+02:00  INFO 21728 --- [app] [           main] o.s.t.web.servlet.TestDispatcherServlet  : Initializing Servlet ''
2026-06-11T18:32:17.262+02:00  INFO 21728 --- [app] [           main] o.s.b.a.e.web.EndpointLinksResolver      : Exposing 1 endpoint beneath base path '/actuator'
2026-06-11T18:32:17.264+02:00  INFO 21728 --- [app] [           main] o.s.t.web.servlet.TestDispatcherServlet  : Completed initialization in 3 ms
2026-06-11T18:32:17.268+02:00  INFO 21728 --- [app] [           main] o.s.m.s.b.SimpleBrokerMessageHandler     : Starting...
2026-06-11T18:32:17.268+02:00  INFO 21728 --- [app] [           main] o.s.m.s.b.SimpleBrokerMessageHandler     : BrokerAvailabilityEvent[available=true, SimpleBrokerMessageHandler [org.springframework.messaging.simp.broker.DefaultSubscriptionRegistry@1c5c9dd9]]
2026-06-11T18:32:17.268+02:00  INFO 21728 --- [app] [           main] o.s.m.s.b.SimpleBrokerMessageHandler     : Started.
2026-06-11T18:32:17.270+02:00  INFO 21728 --- [app] [           main] c.example.app.SecurityIntegrationTest    : Started SecurityIntegrationTest in 0.265 seconds (process running for 9.169)
]]></system-out>
  </testcase>
  <testcase name="shouldAllowAccessToProjectsWithValidCredentials" classname="com.example.app.SecurityIntegrationTest" time="0.619">
    <system-out><![CDATA[2026-06-11T18:32:17.377+02:00  INFO 21728 --- [app] [           main] o.s.m.s.b.SimpleBrokerMessageHandler     : Stopping...
2026-06-11T18:32:17.377+02:00  INFO 21728 --- [app] [           main] o.s.m.s.b.SimpleBrokerMessageHandler     : BrokerAvailabilityEvent[available=false, SimpleBrokerMessageHandler [org.springframework.messaging.simp.broker.DefaultSubscriptionRegistry@1c5c9dd9]]
2026-06-11T18:32:17.377+02:00  INFO 21728 --- [app] [           main] o.s.m.s.b.SimpleBrokerMessageHandler     : Stopped.
2026-06-11T18:32:17.377+02:00  INFO 21728 --- [app] [           main] j.LocalContainerEntityManagerFactoryBean : Closing JPA EntityManagerFactory for persistence unit 'default'
2026-06-11T18:32:17.379+02:00  INFO 21728 --- [app] [           main] com.zaxxer.hikari.HikariDataSource       : HikariPool-7 - Shutdown initiated...
2026-06-11T18:32:17.410+02:00  INFO 21728 --- [app] [           main] com.zaxxer.hikari.HikariDataSource       : HikariPool-7 - Shutdown completed.
2026-06-11T18:32:17.411+02:00  INFO 21728 --- [app] [           main] o.s.b.d.r.RestartApplicationListener     : Restart disabled due to context in which it is running

  .   ____          _            __ _ _
 /\\ / ___'_ __ _ _(_)_ __  __ _ \ \ \ \
( ( )\___ | '_ | '_| | '_ \/ _` | \ \ \ \
 \\/  ___)| |_)| | | | | || (_| |  ) ) ) )
  '  |____| .__|_| |_|_| |_\__, | / / / /
 =========|_|==============|___/=/_/_/_/

 :: Spring Boot ::                (v4.0.3)

2026-06-11T18:32:17.418+02:00  INFO 21728 --- [app] [           main] c.example.app.SecurityIntegrationTest    : Starting SecurityIntegrationTest using Java 25.0.2 with PID 21728 (started by sebastiancnotalski in /Users/sebastiancnotalski/Desktop/Agile/projekt/projektAgile/app)
2026-06-11T18:32:17.418+02:00  INFO 21728 --- [app] [           main] c.example.app.SecurityIntegrationTest    : The following 1 profile is active: "test"
2026-06-11T18:32:17.497+02:00  INFO 21728 --- [app] [           main] .s.d.r.c.RepositoryConfigurationDelegate : Bootstrapping Spring Data JPA repositories in DEFAULT mode.
2026-06-11T18:32:17.503+02:00  INFO 21728 --- [app] [           main] .s.d.r.c.RepositoryConfigurationDelegate : Finished Spring Data repository scanning in 4 ms. Found 5 JPA repository interfaces.
2026-06-11T18:32:17.535+02:00  INFO 21728 --- [app] [           main] org.hibernate.orm.jpa                    : HHH008540: Processing PersistenceUnitInfo [name: default]
2026-06-11T18:32:17.545+02:00  INFO 21728 --- [app] [           main] o.s.o.j.p.SpringPersistenceUnitInfo      : No LoadTimeWeaver setup: ignoring JPA class transformer
2026-06-11T18:32:17.545+02:00  INFO 21728 --- [app] [           main] com.zaxxer.hikari.HikariDataSource       : HikariPool-8 - Starting...
2026-06-11T18:32:17.545+02:00  INFO 21728 --- [app] [           main] com.zaxxer.hikari.pool.HikariPool        : HikariPool-8 - Added connection conn80: url=jdbc:h2:mem:integrationtestdb user=SA
2026-06-11T18:32:17.545+02:00  INFO 21728 --- [app] [           main] com.zaxxer.hikari.HikariDataSource       : HikariPool-8 - Start completed.
2026-06-11T18:32:17.546+02:00  WARN 21728 --- [app] [           main] org.hibernate.orm.deprecation            : HHH90000025: H2Dialect does not need to be specified explicitly using 'hibernate.dialect' (remove the property setting and it will be selected by default)
2026-06-11T18:32:17.546+02:00  INFO 21728 --- [app] [           main] org.hibernate.orm.connections.pooling    : HHH10001005: Database info:
	Database JDBC URL [jdbc:h2:mem:integrationtestdb]
	Database driver: H2 JDBC Driver
	Database dialect: H2Dialect
	Database version: 2.4.240
	Default catalog/schema: INTEGRATIONTESTDB/PUBLIC
	Autocommit mode: undefined/unknown
	Isolation level: READ_COMMITTED [default READ_COMMITTED]
	JDBC fetch size: 100
	Pool: DataSourceConnectionProvider
	Minimum pool size: undefined/unknown
	Maximum pool size: undefined/unknown
2026-06-11T18:32:17.569+02:00  INFO 21728 --- [app] [           main] org.hibernate.orm.core                   : HHH000489: No JTA platform available (set 'hibernate.transaction.jta.platform' to enable JTA platform integration)
2026-06-11T18:32:17.576+02:00  INFO 21728 --- [app] [           main] j.LocalContainerEntityManagerFactoryBean : Initialized JPA EntityManagerFactory for persistence unit 'default'
2026-06-11T18:32:17.609+02:00  WARN 21728 --- [app] [           main] JpaBaseConfiguration$JpaWebConfiguration : spring.jpa.open-in-view is enabled by default. Therefore, database queries may be performed during view rendering. Explicitly configure spring.jpa.open-in-view to disable this warning
2026-06-11T18:32:17.610+02:00  INFO 21728 --- [app] [           main] o.s.v.b.OptionalValidatorFactoryBean     : Failed to set up a Bean Validation provider: jakarta.validation.NoProviderFoundException: Unable to create a Configuration, because no Jakarta Validation provider could be found. Add a provider like Hibernate Validator (RI) to your classpath.
2026-06-11T18:32:17.621+02:00  INFO 21728 --- [app] [           main] r$InitializeUserDetailsManagerConfigurer : Global AuthenticationManager configured with UserDetailsService bean with name customUserDetailsService
2026-06-11T18:32:17.675+02:00  INFO 21728 --- [app] [           main] o.s.b.t.m.w.SpringBootMockServletContext : Initializing Spring TestDispatcherServlet ''
2026-06-11T18:32:17.675+02:00  INFO 21728 --- [app] [           main] o.s.t.web.servlet.TestDispatcherServlet  : Initializing Servlet ''
2026-06-11T18:32:17.676+02:00  INFO 21728 --- [app] [           main] o.s.b.a.e.web.EndpointLinksResolver      : Exposing 1 endpoint beneath base path '/actuator'
2026-06-11T18:32:17.677+02:00  INFO 21728 --- [app] [           main] o.s.t.web.servlet.TestDispatcherServlet  : Completed initialization in 2 ms
2026-06-11T18:32:17.682+02:00  INFO 21728 --- [app] [           main] o.s.m.s.b.SimpleBrokerMessageHandler     : Starting...
2026-06-11T18:32:17.682+02:00  INFO 21728 --- [app] [           main] o.s.m.s.b.SimpleBrokerMessageHandler     : BrokerAvailabilityEvent[available=true, SimpleBrokerMessageHandler [org.springframework.messaging.simp.broker.DefaultSubscriptionRegistry@67429373]]
2026-06-11T18:32:17.682+02:00  INFO 21728 --- [app] [           main] o.s.m.s.b.SimpleBrokerMessageHandler     : Started.
2026-06-11T18:32:17.684+02:00  INFO 21728 --- [app] [           main] c.example.app.SecurityIntegrationTest    : Started SecurityIntegrationTest in 0.273 seconds (process running for 9.583)
]]></system-out>
  </testcase>
  <testcase name="shouldReturn401ForUsersWithoutAuth" classname="com.example.app.SecurityIntegrationTest" time="0.393">
    <system-out><![CDATA[2026-06-11T18:32:17.996+02:00  INFO 21728 --- [app] [           main] o.s.m.s.b.SimpleBrokerMessageHandler     : Stopping...
2026-06-11T18:32:17.996+02:00  INFO 21728 --- [app] [           main] o.s.m.s.b.SimpleBrokerMessageHandler     : BrokerAvailabilityEvent[available=false, SimpleBrokerMessageHandler [org.springframework.messaging.simp.broker.DefaultSubscriptionRegistry@67429373]]
2026-06-11T18:32:17.996+02:00  INFO 21728 --- [app] [           main] o.s.m.s.b.SimpleBrokerMessageHandler     : Stopped.
2026-06-11T18:32:17.997+02:00  INFO 21728 --- [app] [           main] j.LocalContainerEntityManagerFactoryBean : Closing JPA EntityManagerFactory for persistence unit 'default'
2026-06-11T18:32:17.998+02:00  INFO 21728 --- [app] [           main] com.zaxxer.hikari.HikariDataSource       : HikariPool-8 - Shutdown initiated...
2026-06-11T18:32:17.999+02:00  INFO 21728 --- [app] [           main] com.zaxxer.hikari.HikariDataSource       : HikariPool-8 - Shutdown completed.
2026-06-11T18:32:18.000+02:00  INFO 21728 --- [app] [           main] o.s.b.d.r.RestartApplicationListener     : Restart disabled due to context in which it is running

  .   ____          _            __ _ _
 /\\ / ___'_ __ _ _(_)_ __  __ _ \ \ \ \
( ( )\___ | '_ | '_| | '_ \/ _` | \ \ \ \
 \\/  ___)| |_)| | | | | || (_| |  ) ) ) )
  '  |____| .__|_| |_|_| |_\__, | / / / /
 =========|_|==============|___/=/_/_/_/

 :: Spring Boot ::                (v4.0.3)

2026-06-11T18:32:18.007+02:00  INFO 21728 --- [app] [           main] c.example.app.SecurityIntegrationTest    : Starting SecurityIntegrationTest using Java 25.0.2 with PID 21728 (started by sebastiancnotalski in /Users/sebastiancnotalski/Desktop/Agile/projekt/projektAgile/app)
2026-06-11T18:32:18.008+02:00  INFO 21728 --- [app] [           main] c.example.app.SecurityIntegrationTest    : The following 1 profile is active: "test"
2026-06-11T18:32:18.090+02:00  INFO 21728 --- [app] [           main] .s.d.r.c.RepositoryConfigurationDelegate : Bootstrapping Spring Data JPA repositories in DEFAULT mode.
2026-06-11T18:32:18.096+02:00  INFO 21728 --- [app] [           main] .s.d.r.c.RepositoryConfigurationDelegate : Finished Spring Data repository scanning in 4 ms. Found 5 JPA repository interfaces.
2026-06-11T18:32:18.127+02:00  INFO 21728 --- [app] [           main] org.hibernate.orm.jpa                    : HHH008540: Processing PersistenceUnitInfo [name: default]
2026-06-11T18:32:18.137+02:00  INFO 21728 --- [app] [           main] o.s.o.j.p.SpringPersistenceUnitInfo      : No LoadTimeWeaver setup: ignoring JPA class transformer
2026-06-11T18:32:18.138+02:00  INFO 21728 --- [app] [           main] com.zaxxer.hikari.HikariDataSource       : HikariPool-9 - Starting...
2026-06-11T18:32:18.138+02:00  INFO 21728 --- [app] [           main] com.zaxxer.hikari.pool.HikariPool        : HikariPool-9 - Added connection conn90: url=jdbc:h2:mem:integrationtestdb user=SA
2026-06-11T18:32:18.138+02:00  INFO 21728 --- [app] [           main] com.zaxxer.hikari.HikariDataSource       : HikariPool-9 - Start completed.
2026-06-11T18:32:18.138+02:00  WARN 21728 --- [app] [           main] org.hibernate.orm.deprecation            : HHH90000025: H2Dialect does not need to be specified explicitly using 'hibernate.dialect' (remove the property setting and it will be selected by default)
2026-06-11T18:32:18.139+02:00  INFO 21728 --- [app] [           main] org.hibernate.orm.connections.pooling    : HHH10001005: Database info:
	Database JDBC URL [jdbc:h2:mem:integrationtestdb]
	Database driver: H2 JDBC Driver
	Database dialect: H2Dialect
	Database version: 2.4.240
	Default catalog/schema: INTEGRATIONTESTDB/PUBLIC
	Autocommit mode: undefined/unknown
	Isolation level: READ_COMMITTED [default READ_COMMITTED]
	JDBC fetch size: 100
	Pool: DataSourceConnectionProvider
	Minimum pool size: undefined/unknown
	Maximum pool size: undefined/unknown
2026-06-11T18:32:18.163+02:00  INFO 21728 --- [app] [           main] org.hibernate.orm.core                   : HHH000489: No JTA platform available (set 'hibernate.transaction.jta.platform' to enable JTA platform integration)
2026-06-11T18:32:18.169+02:00  INFO 21728 --- [app] [           main] j.LocalContainerEntityManagerFactoryBean : Initialized JPA EntityManagerFactory for persistence unit 'default'
2026-06-11T18:32:18.204+02:00  WARN 21728 --- [app] [           main] JpaBaseConfiguration$JpaWebConfiguration : spring.jpa.open-in-view is enabled by default. Therefore, database queries may be performed during view rendering. Explicitly configure spring.jpa.open-in-view to disable this warning
2026-06-11T18:32:18.206+02:00  INFO 21728 --- [app] [           main] o.s.v.b.OptionalValidatorFactoryBean     : Failed to set up a Bean Validation provider: jakarta.validation.NoProviderFoundException: Unable to create a Configuration, because no Jakarta Validation provider could be found. Add a provider like Hibernate Validator (RI) to your classpath.
2026-06-11T18:32:18.217+02:00  INFO 21728 --- [app] [           main] r$InitializeUserDetailsManagerConfigurer : Global AuthenticationManager configured with UserDetailsService bean with name customUserDetailsService
2026-06-11T18:32:18.271+02:00  INFO 21728 --- [app] [           main] o.s.b.t.m.w.SpringBootMockServletContext : Initializing Spring TestDispatcherServlet ''
2026-06-11T18:32:18.271+02:00  INFO 21728 --- [app] [           main] o.s.t.web.servlet.TestDispatcherServlet  : Initializing Servlet ''
2026-06-11T18:32:18.271+02:00  INFO 21728 --- [app] [           main] o.s.b.a.e.web.EndpointLinksResolver      : Exposing 1 endpoint beneath base path '/actuator'
2026-06-11T18:32:18.273+02:00  INFO 21728 --- [app] [           main] o.s.t.web.servlet.TestDispatcherServlet  : Completed initialization in 2 ms
2026-06-11T18:32:18.278+02:00  INFO 21728 --- [app] [           main] o.s.m.s.b.SimpleBrokerMessageHandler     : Starting...
2026-06-11T18:32:18.278+02:00  INFO 21728 --- [app] [           main] o.s.m.s.b.SimpleBrokerMessageHandler     : BrokerAvailabilityEvent[available=true, SimpleBrokerMessageHandler [org.springframework.messaging.simp.broker.DefaultSubscriptionRegistry@53bb49b3]]
2026-06-11T18:32:18.278+02:00  INFO 21728 --- [app] [           main] o.s.m.s.b.SimpleBrokerMessageHandler     : Started.
2026-06-11T18:32:18.280+02:00  INFO 21728 --- [app] [           main] c.example.app.SecurityIntegrationTest    : Started SecurityIntegrationTest in 0.28 seconds (process running for 10.18)
]]></system-out>
  </testcase>
  <testcase name="shouldReturn401ForPatchWithoutAuth" classname="com.example.app.SecurityIntegrationTest" time="0.393">
    <system-out><![CDATA[2026-06-11T18:32:18.389+02:00  INFO 21728 --- [app] [           main] o.s.m.s.b.SimpleBrokerMessageHandler     : Stopping...
2026-06-11T18:32:18.389+02:00  INFO 21728 --- [app] [           main] o.s.m.s.b.SimpleBrokerMessageHandler     : BrokerAvailabilityEvent[available=false, SimpleBrokerMessageHandler [org.springframework.messaging.simp.broker.DefaultSubscriptionRegistry@53bb49b3]]
2026-06-11T18:32:18.389+02:00  INFO 21728 --- [app] [           main] o.s.m.s.b.SimpleBrokerMessageHandler     : Stopped.
2026-06-11T18:32:18.390+02:00  INFO 21728 --- [app] [           main] j.LocalContainerEntityManagerFactoryBean : Closing JPA EntityManagerFactory for persistence unit 'default'
2026-06-11T18:32:18.391+02:00  INFO 21728 --- [app] [           main] com.zaxxer.hikari.HikariDataSource       : HikariPool-9 - Shutdown initiated...
2026-06-11T18:32:18.419+02:00  INFO 21728 --- [app] [           main] com.zaxxer.hikari.HikariDataSource       : HikariPool-9 - Shutdown completed.
2026-06-11T18:32:18.420+02:00  INFO 21728 --- [app] [           main] o.s.b.d.r.RestartApplicationListener     : Restart disabled due to context in which it is running

  .   ____          _            __ _ _
 /\\ / ___'_ __ _ _(_)_ __  __ _ \ \ \ \
( ( )\___ | '_ | '_| | '_ \/ _` | \ \ \ \
 \\/  ___)| |_)| | | | | || (_| |  ) ) ) )
  '  |____| .__|_| |_|_| |_\__, | / / / /
 =========|_|==============|___/=/_/_/_/

 :: Spring Boot ::                (v4.0.3)

2026-06-11T18:32:18.427+02:00  INFO 21728 --- [app] [           main] c.example.app.SecurityIntegrationTest    : Starting SecurityIntegrationTest using Java 25.0.2 with PID 21728 (started by sebastiancnotalski in /Users/sebastiancnotalski/Desktop/Agile/projekt/projektAgile/app)
2026-06-11T18:32:18.427+02:00  INFO 21728 --- [app] [           main] c.example.app.SecurityIntegrationTest    : The following 1 profile is active: "test"
2026-06-11T18:32:18.502+02:00  INFO 21728 --- [app] [           main] .s.d.r.c.RepositoryConfigurationDelegate : Bootstrapping Spring Data JPA repositories in DEFAULT mode.
2026-06-11T18:32:18.507+02:00  INFO 21728 --- [app] [           main] .s.d.r.c.RepositoryConfigurationDelegate : Finished Spring Data repository scanning in 4 ms. Found 5 JPA repository interfaces.
2026-06-11T18:32:18.535+02:00  INFO 21728 --- [app] [           main] org.hibernate.orm.jpa                    : HHH008540: Processing PersistenceUnitInfo [name: default]
2026-06-11T18:32:18.544+02:00  INFO 21728 --- [app] [           main] o.s.o.j.p.SpringPersistenceUnitInfo      : No LoadTimeWeaver setup: ignoring JPA class transformer
2026-06-11T18:32:18.544+02:00  INFO 21728 --- [app] [           main] com.zaxxer.hikari.HikariDataSource       : HikariPool-10 - Starting...
2026-06-11T18:32:18.545+02:00  INFO 21728 --- [app] [           main] com.zaxxer.hikari.pool.HikariPool        : HikariPool-10 - Added connection conn96: url=jdbc:h2:mem:integrationtestdb user=SA
2026-06-11T18:32:18.545+02:00  INFO 21728 --- [app] [           main] com.zaxxer.hikari.HikariDataSource       : HikariPool-10 - Start completed.
2026-06-11T18:32:18.545+02:00  WARN 21728 --- [app] [           main] org.hibernate.orm.deprecation            : HHH90000025: H2Dialect does not need to be specified explicitly using 'hibernate.dialect' (remove the property setting and it will be selected by default)
2026-06-11T18:32:18.545+02:00  INFO 21728 --- [app] [           main] org.hibernate.orm.connections.pooling    : HHH10001005: Database info:
	Database JDBC URL [jdbc:h2:mem:integrationtestdb]
	Database driver: H2 JDBC Driver
	Database dialect: H2Dialect
	Database version: 2.4.240
	Default catalog/schema: INTEGRATIONTESTDB/PUBLIC
	Autocommit mode: undefined/unknown
	Isolation level: READ_COMMITTED [default READ_COMMITTED]
	JDBC fetch size: 100
	Pool: DataSourceConnectionProvider
	Minimum pool size: undefined/unknown
	Maximum pool size: undefined/unknown
2026-06-11T18:32:18.565+02:00  INFO 21728 --- [app] [           main] org.hibernate.orm.core                   : HHH000489: No JTA platform available (set 'hibernate.transaction.jta.platform' to enable JTA platform integration)
2026-06-11T18:32:18.571+02:00  INFO 21728 --- [app] [           main] j.LocalContainerEntityManagerFactoryBean : Initialized JPA EntityManagerFactory for persistence unit 'default'
2026-06-11T18:32:18.605+02:00  WARN 21728 --- [app] [           main] JpaBaseConfiguration$JpaWebConfiguration : spring.jpa.open-in-view is enabled by default. Therefore, database queries may be performed during view rendering. Explicitly configure spring.jpa.open-in-view to disable this warning
2026-06-11T18:32:18.606+02:00  INFO 21728 --- [app] [           main] o.s.v.b.OptionalValidatorFactoryBean     : Failed to set up a Bean Validation provider: jakarta.validation.NoProviderFoundException: Unable to create a Configuration, because no Jakarta Validation provider could be found. Add a provider like Hibernate Validator (RI) to your classpath.
2026-06-11T18:32:18.616+02:00  INFO 21728 --- [app] [           main] r$InitializeUserDetailsManagerConfigurer : Global AuthenticationManager configured with UserDetailsService bean with name customUserDetailsService
2026-06-11T18:32:18.665+02:00  INFO 21728 --- [app] [           main] o.s.b.t.m.w.SpringBootMockServletContext : Initializing Spring TestDispatcherServlet ''
2026-06-11T18:32:18.665+02:00  INFO 21728 --- [app] [           main] o.s.t.web.servlet.TestDispatcherServlet  : Initializing Servlet ''
2026-06-11T18:32:18.666+02:00  INFO 21728 --- [app] [           main] o.s.b.a.e.web.EndpointLinksResolver      : Exposing 1 endpoint beneath base path '/actuator'
2026-06-11T18:32:18.667+02:00  INFO 21728 --- [app] [           main] o.s.t.web.servlet.TestDispatcherServlet  : Completed initialization in 2 ms
2026-06-11T18:32:18.671+02:00  INFO 21728 --- [app] [           main] o.s.m.s.b.SimpleBrokerMessageHandler     : Starting...
2026-06-11T18:32:18.671+02:00  INFO 21728 --- [app] [           main] o.s.m.s.b.SimpleBrokerMessageHandler     : BrokerAvailabilityEvent[available=true, SimpleBrokerMessageHandler [org.springframework.messaging.simp.broker.DefaultSubscriptionRegistry@5ae28313]]
2026-06-11T18:32:18.672+02:00  INFO 21728 --- [app] [           main] o.s.m.s.b.SimpleBrokerMessageHandler     : Started.
2026-06-11T18:32:18.673+02:00  INFO 21728 --- [app] [           main] c.example.app.SecurityIntegrationTest    : Started SecurityIntegrationTest in 0.253 seconds (process running for 10.573)
]]></system-out>
  </testcase>
  <testcase name="shouldReturn401ForDeleteWithoutAuth" classname="com.example.app.SecurityIntegrationTest" time="0.392">
    <system-out><![CDATA[2026-06-11T18:32:18.782+02:00  INFO 21728 --- [app] [           main] o.s.m.s.b.SimpleBrokerMessageHandler     : Stopping...
2026-06-11T18:32:18.782+02:00  INFO 21728 --- [app] [           main] o.s.m.s.b.SimpleBrokerMessageHandler     : BrokerAvailabilityEvent[available=false, SimpleBrokerMessageHandler [org.springframework.messaging.simp.broker.DefaultSubscriptionRegistry@5ae28313]]
2026-06-11T18:32:18.782+02:00  INFO 21728 --- [app] [           main] o.s.m.s.b.SimpleBrokerMessageHandler     : Stopped.
2026-06-11T18:32:18.783+02:00  INFO 21728 --- [app] [           main] j.LocalContainerEntityManagerFactoryBean : Closing JPA EntityManagerFactory for persistence unit 'default'
2026-06-11T18:32:18.784+02:00  INFO 21728 --- [app] [           main] com.zaxxer.hikari.HikariDataSource       : HikariPool-10 - Shutdown initiated...
2026-06-11T18:32:18.817+02:00  INFO 21728 --- [app] [           main] com.zaxxer.hikari.HikariDataSource       : HikariPool-10 - Shutdown completed.
2026-06-11T18:32:18.818+02:00  INFO 21728 --- [app] [           main] o.s.b.d.r.RestartApplicationListener     : Restart disabled due to context in which it is running

  .   ____          _            __ _ _
 /\\ / ___'_ __ _ _(_)_ __  __ _ \ \ \ \
( ( )\___ | '_ | '_| | '_ \/ _` | \ \ \ \
 \\/  ___)| |_)| | | | | || (_| |  ) ) ) )
  '  |____| .__|_| |_|_| |_\__, | / / / /
 =========|_|==============|___/=/_/_/_/

 :: Spring Boot ::                (v4.0.3)

2026-06-11T18:32:18.825+02:00  INFO 21728 --- [app] [           main] c.example.app.SecurityIntegrationTest    : Starting SecurityIntegrationTest using Java 25.0.2 with PID 21728 (started by sebastiancnotalski in /Users/sebastiancnotalski/Desktop/Agile/projekt/projektAgile/app)
2026-06-11T18:32:18.825+02:00  INFO 21728 --- [app] [           main] c.example.app.SecurityIntegrationTest    : The following 1 profile is active: "test"
2026-06-11T18:32:18.900+02:00  INFO 21728 --- [app] [           main] .s.d.r.c.RepositoryConfigurationDelegate : Bootstrapping Spring Data JPA repositories in DEFAULT mode.
2026-06-11T18:32:18.905+02:00  INFO 21728 --- [app] [           main] .s.d.r.c.RepositoryConfigurationDelegate : Finished Spring Data repository scanning in 4 ms. Found 5 JPA repository interfaces.
2026-06-11T18:32:18.932+02:00  INFO 21728 --- [app] [           main] org.hibernate.orm.jpa                    : HHH008540: Processing PersistenceUnitInfo [name: default]
2026-06-11T18:32:18.940+02:00  INFO 21728 --- [app] [           main] o.s.o.j.p.SpringPersistenceUnitInfo      : No LoadTimeWeaver setup: ignoring JPA class transformer
2026-06-11T18:32:18.940+02:00  INFO 21728 --- [app] [           main] com.zaxxer.hikari.HikariDataSource       : HikariPool-11 - Starting...
2026-06-11T18:32:18.941+02:00  INFO 21728 --- [app] [           main] com.zaxxer.hikari.pool.HikariPool        : HikariPool-11 - Added connection conn102: url=jdbc:h2:mem:integrationtestdb user=SA
2026-06-11T18:32:18.941+02:00  INFO 21728 --- [app] [           main] com.zaxxer.hikari.HikariDataSource       : HikariPool-11 - Start completed.
2026-06-11T18:32:18.941+02:00  WARN 21728 --- [app] [           main] org.hibernate.orm.deprecation            : HHH90000025: H2Dialect does not need to be specified explicitly using 'hibernate.dialect' (remove the property setting and it will be selected by default)
2026-06-11T18:32:18.941+02:00  INFO 21728 --- [app] [           main] org.hibernate.orm.connections.pooling    : HHH10001005: Database info:
	Database JDBC URL [jdbc:h2:mem:integrationtestdb]
	Database driver: H2 JDBC Driver
	Database dialect: H2Dialect
	Database version: 2.4.240
	Default catalog/schema: INTEGRATIONTESTDB/PUBLIC
	Autocommit mode: undefined/unknown
	Isolation level: READ_COMMITTED [default READ_COMMITTED]
	JDBC fetch size: 100
	Pool: DataSourceConnectionProvider
	Minimum pool size: undefined/unknown
	Maximum pool size: undefined/unknown
2026-06-11T18:32:18.961+02:00  INFO 21728 --- [app] [           main] org.hibernate.orm.core                   : HHH000489: No JTA platform available (set 'hibernate.transaction.jta.platform' to enable JTA platform integration)
2026-06-11T18:32:18.967+02:00  INFO 21728 --- [app] [           main] j.LocalContainerEntityManagerFactoryBean : Initialized JPA EntityManagerFactory for persistence unit 'default'
2026-06-11T18:32:18.999+02:00  WARN 21728 --- [app] [           main] JpaBaseConfiguration$JpaWebConfiguration : spring.jpa.open-in-view is enabled by default. Therefore, database queries may be performed during view rendering. Explicitly configure spring.jpa.open-in-view to disable this warning
2026-06-11T18:32:19.000+02:00  INFO 21728 --- [app] [           main] o.s.v.b.OptionalValidatorFactoryBean     : Failed to set up a Bean Validation provider: jakarta.validation.NoProviderFoundException: Unable to create a Configuration, because no Jakarta Validation provider could be found. Add a provider like Hibernate Validator (RI) to your classpath.
2026-06-11T18:32:19.010+02:00  INFO 21728 --- [app] [           main] r$InitializeUserDetailsManagerConfigurer : Global AuthenticationManager configured with UserDetailsService bean with name customUserDetailsService
2026-06-11T18:32:19.059+02:00  INFO 21728 --- [app] [           main] o.s.b.t.m.w.SpringBootMockServletContext : Initializing Spring TestDispatcherServlet ''
2026-06-11T18:32:19.059+02:00  INFO 21728 --- [app] [           main] o.s.t.web.servlet.TestDispatcherServlet  : Initializing Servlet ''
2026-06-11T18:32:19.060+02:00  INFO 21728 --- [app] [           main] o.s.b.a.e.web.EndpointLinksResolver      : Exposing 1 endpoint beneath base path '/actuator'
2026-06-11T18:32:19.061+02:00  INFO 21728 --- [app] [           main] o.s.t.web.servlet.TestDispatcherServlet  : Completed initialization in 2 ms
2026-06-11T18:32:19.066+02:00  INFO 21728 --- [app] [           main] o.s.m.s.b.SimpleBrokerMessageHandler     : Starting...
2026-06-11T18:32:19.066+02:00  INFO 21728 --- [app] [           main] o.s.m.s.b.SimpleBrokerMessageHandler     : BrokerAvailabilityEvent[available=true, SimpleBrokerMessageHandler [org.springframework.messaging.simp.broker.DefaultSubscriptionRegistry@50834677]]
2026-06-11T18:32:19.066+02:00  INFO 21728 --- [app] [           main] o.s.m.s.b.SimpleBrokerMessageHandler     : Started.
2026-06-11T18:32:19.067+02:00  INFO 21728 --- [app] [           main] c.example.app.SecurityIntegrationTest    : Started SecurityIntegrationTest in 0.249 seconds (process running for 10.967)
]]></system-out>
  </testcase>
</testsuite>