<?xml version="1.0" encoding="UTF-8"?>
<testsuite xmlns:xsi="http://www.w3.org/2001/XMLSchema-instance" xsi:noNamespaceSchemaLocation="https://maven.apache.org/surefire/maven-surefire-plugin/xsd/surefire-test-report.xsd" version="3.0.2" name="com.example.app.ProjectRepositoryTest" time="1.439" tests="1" errors="0" skipped="0" failures="0">
  <properties>
[...]
</properties>
  <testcase name="shouldSaveProject" classname="com.example.app.ProjectRepositoryTest" time="0.1">
    <system-out><![CDATA[19:55:50.081 [main] INFO org.springframework.test.context.support.AnnotationConfigContextLoaderUtils -- Could not detect default configuration classes for test class [com.example.app.ProjectRepositoryTest]: ProjectRepositoryTest does not declare any static, non-private, non-final, nested classes annotated with @Configuration.
19:55:50.139 [main] INFO org.springframework.boot.test.context.SpringBootTestContextBootstrapper -- Found @SpringBootConfiguration com.example.app.AppApplication for test class com.example.app.ProjectRepositoryTest
19:55:50.168 [main] INFO org.springframework.boot.devtools.restart.RestartApplicationListener -- Restart disabled due to context in which it is running

  .   ____          _            __ _ _
 /\\ / ___'_ __ _ _(_)_ __  __ _ \ \ \ \
( ( )\___ | '_ | '_| | '_ \/ _` | \ \ \ \
 \\/  ___)| |_)| | | | | || (_| |  ) ) ) )
  '  |____| .__|_| |_|_| |_\__, | / / / /
 =========|_|==============|___/=/_/_/_/

 :: Spring Boot ::                (v4.0.3)

2026-05-21T19:55:50.296+02:00  INFO 16014 --- [app] [           main] com.example.app.ProjectRepositoryTest    : Starting ProjectRepositoryTest using Java 25.0.2 with PID 16014 (started by sebastiancnotalski in /Users/sebastiancnotalski/Desktop/Agile/projekt/projektAgile/app)
2026-05-21T19:55:50.297+02:00  INFO 16014 --- [app] [           main] com.example.app.ProjectRepositoryTest    : No active profile set, falling back to 1 default profile: "default"
2026-05-21T19:55:50.460+02:00  INFO 16014 --- [app] [           main] .s.d.r.c.RepositoryConfigurationDelegate : Bootstrapping Spring Data JPA repositories in DEFAULT mode.
2026-05-21T19:55:50.486+02:00  INFO 16014 --- [app] [           main] .s.d.r.c.RepositoryConfigurationDelegate : Finished Spring Data repository scanning in 22 ms. Found 5 JPA repository interfaces.
2026-05-21T19:55:50.510+02:00  INFO 16014 --- [app] [           main] beddedDataSourceBeanFactoryPostProcessor : Replacing 'dataSource' DataSource bean with embedded version
2026-05-21T19:55:50.539+02:00  INFO 16014 --- [app] [           main] o.s.j.d.e.EmbeddedDatabaseFactory        : Starting embedded database: url='jdbc:h2:mem:e6e2990f-bba6-4c6c-beda-b77eb1567ae8;DB_CLOSE_DELAY=-1;DB_CLOSE_ON_EXIT=false', username='sa'
2026-05-21T19:55:50.658+02:00  INFO 16014 --- [app] [           main] org.hibernate.orm.jpa                    : HHH008540: Processing PersistenceUnitInfo [name: default]
2026-05-21T19:55:50.681+02:00  INFO 16014 --- [app] [           main] org.hibernate.orm.core                   : HHH000001: Hibernate ORM core version 7.2.4.Final
2026-05-21T19:55:50.792+02:00  INFO 16014 --- [app] [           main] o.s.o.j.p.SpringPersistenceUnitInfo      : No LoadTimeWeaver setup: ignoring JPA class transformer
2026-05-21T19:55:50.815+02:00  WARN 16014 --- [app] [           main] org.hibernate.orm.core                   : HHH000511: The 2.4.240 version for [org.hibernate.dialect.PostgreSQLDialect] is no longer supported, hence certain features may not work properly.The minimum supported version is 13.0.0. Check the community dialects project for available legacy versions.
2026-05-21T19:55:50.816+02:00  WARN 16014 --- [app] [           main] org.hibernate.orm.deprecation            : HHH90000025: PostgreSQLDialect does not need to be specified explicitly using 'hibernate.dialect' (remove the property setting and it will be selected by default)
2026-05-21T19:55:50.824+02:00  INFO 16014 --- [app] [           main] org.hibernate.orm.connections.pooling    : HHH10001005: Database info:
	Database JDBC URL [jdbc:h2:mem:e6e2990f-bba6-4c6c-beda-b77eb1567ae8]
	Database driver: H2 JDBC Driver
	Database dialect: PostgreSQLDialect
	Database version: 2.4.240
	Default catalog/schema: E6E2990F-BBA6-4C6C-BEDA-B77EB1567AE8/PUBLIC
	Autocommit mode: undefined/unknown
	Isolation level: READ_COMMITTED [default READ_COMMITTED]
	JDBC fetch size: 100
	Pool: DataSourceConnectionProvider
	Minimum pool size: undefined/unknown
	Maximum pool size: undefined/unknown
2026-05-21T19:55:51.193+02:00  INFO 16014 --- [app] [           main] org.hibernate.orm.core                   : HHH000489: No JTA platform available (set 'hibernate.transaction.jta.platform' to enable JTA platform integration)
2026-05-21T19:55:51.206+02:00 DEBUG 16014 --- [app] [           main] org.hibernate.SQL                        : 
    create table files (
        id bigint not null,
        name varchar(255) not null,
        path varchar(255) not null,
        project_id bigint,
        task_id bigint,
        primary key (id)
    )
Hibernate: 
    create table files (
        id bigint not null,
        name varchar(255) not null,
        path varchar(255) not null,
        project_id bigint,
        task_id bigint,
        primary key (id)
    )
2026-05-21T19:55:51.209+02:00 DEBUG 16014 --- [app] [           main] org.hibernate.SQL                        : 
    create table messages (
        id bigint not null,
        content varchar(255) not null,
        created_at timestamp(6),
        type varchar(255) check ((type in ('TEXT','FILE'))),
        file_id bigint,
        project_id bigint,
        receiver_id bigint,
        sender_id bigint not null,
        primary key (id)
    )
Hibernate: 
    create table messages (
        id bigint not null,
        content varchar(255) not null,
        created_at timestamp(6),
        type varchar(255) check ((type in ('TEXT','FILE'))),
        file_id bigint,
        project_id bigint,
        receiver_id bigint,
        sender_id bigint not null,
        primary key (id)
    )
2026-05-21T19:55:51.210+02:00 DEBUG 16014 --- [app] [           main] org.hibernate.SQL                        : 
    create table project_users (
        project_id bigint not null,
        user_id bigint not null,
        primary key (project_id, user_id)
    )
Hibernate: 
    create table project_users (
        project_id bigint not null,
        user_id bigint not null,
        primary key (project_id, user_id)
    )
2026-05-21T19:55:51.211+02:00 DEBUG 16014 --- [app] [           main] org.hibernate.SQL                        : 
    create table projects (
        id bigint not null,
        name varchar(255),
        primary key (id)
    )
Hibernate: 
    create table projects (
        id bigint not null,
        name varchar(255),
        primary key (id)
    )
2026-05-21T19:55:51.211+02:00 DEBUG 16014 --- [app] [           main] org.hibernate.SQL                        : 
    create table tasks (
        id bigint not null,
        name varchar(255) not null,
        priority varchar(255) not null check ((priority in ('LOW','MEDIUM','HIGH'))),
        status varchar(255) not null check ((status in ('TODO','IN_PROGRESS','DONE'))),
        user_id bigint,
        project_id bigint not null,
        primary key (id)
    )
Hibernate: 
    create table tasks (
        id bigint not null,
        name varchar(255) not null,
        priority varchar(255) not null check ((priority in ('LOW','MEDIUM','HIGH'))),
        status varchar(255) not null check ((status in ('TODO','IN_PROGRESS','DONE'))),
        user_id bigint,
        project_id bigint not null,
        primary key (id)
    )
2026-05-21T19:55:51.212+02:00 DEBUG 16014 --- [app] [           main] org.hibernate.SQL                        : 
    create table users (
        id bigint generated by default as identity,
        email varchar(255) not null,
        first_name varchar(255) not null,
        last_name varchar(255) not null,
        password varchar(255) not null,
        role varchar(255) not null,
        username varchar(255) not null,
        primary key (id)
    )
Hibernate: 
    create table users (
        id bigint generated by default as identity,
        email varchar(255) not null,
        first_name varchar(255) not null,
        last_name varchar(255) not null,
        password varchar(255) not null,
        role varchar(255) not null,
        username varchar(255) not null,
        primary key (id)
    )
2026-05-21T19:55:51.213+02:00 DEBUG 16014 --- [app] [           main] org.hibernate.SQL                        : 
    alter table if exists messages 
       drop constraint if exists UKpi4yjg56h4ml6vmbqf2cw9igo
Hibernate: 
    alter table if exists messages 
       drop constraint if exists UKpi4yjg56h4ml6vmbqf2cw9igo
2026-05-21T19:55:51.214+02:00 DEBUG 16014 --- [app] [           main] org.hibernate.SQL                        : 
    alter table if exists messages 
       add constraint UKpi4yjg56h4ml6vmbqf2cw9igo unique (file_id)
Hibernate: 
    alter table if exists messages 
       add constraint UKpi4yjg56h4ml6vmbqf2cw9igo unique (file_id)
2026-05-21T19:55:51.214+02:00 DEBUG 16014 --- [app] [           main] org.hibernate.SQL                        : 
    alter table if exists users 
       drop constraint if exists UK6dotkott2kjsp8vw4d0m25fb7
Hibernate: 
    alter table if exists users 
       drop constraint if exists UK6dotkott2kjsp8vw4d0m25fb7
2026-05-21T19:55:51.214+02:00 DEBUG 16014 --- [app] [           main] org.hibernate.SQL                        : 
    alter table if exists users 
       add constraint UK6dotkott2kjsp8vw4d0m25fb7 unique (email)
Hibernate: 
    alter table if exists users 
       add constraint UK6dotkott2kjsp8vw4d0m25fb7 unique (email)
2026-05-21T19:55:51.215+02:00 DEBUG 16014 --- [app] [           main] org.hibernate.SQL                        : 
    alter table if exists users 
       drop constraint if exists UKr43af9ap4edm43mmtq01oddj6
Hibernate: 
    alter table if exists users 
       drop constraint if exists UKr43af9ap4edm43mmtq01oddj6
2026-05-21T19:55:51.215+02:00 DEBUG 16014 --- [app] [           main] org.hibernate.SQL                        : 
    alter table if exists users 
       add constraint UKr43af9ap4edm43mmtq01oddj6 unique (username)
Hibernate: 
    alter table if exists users 
       add constraint UKr43af9ap4edm43mmtq01oddj6 unique (username)
2026-05-21T19:55:51.216+02:00 DEBUG 16014 --- [app] [           main] org.hibernate.SQL                        : 
    create sequence files_seq start with 1 increment by 50
Hibernate: 
    create sequence files_seq start with 1 increment by 50
2026-05-21T19:55:51.216+02:00 DEBUG 16014 --- [app] [           main] org.hibernate.SQL                        : 
    create sequence messages_seq start with 1 increment by 50
Hibernate: 
    create sequence messages_seq start with 1 increment by 50
2026-05-21T19:55:51.216+02:00 DEBUG 16014 --- [app] [           main] org.hibernate.SQL                        : 
    create sequence projects_seq start with 1 increment by 50
Hibernate: 
    create sequence projects_seq start with 1 increment by 50
2026-05-21T19:55:51.217+02:00 DEBUG 16014 --- [app] [           main] org.hibernate.SQL                        : 
    create sequence tasks_seq start with 1 increment by 50
Hibernate: 
    create sequence tasks_seq start with 1 increment by 50
2026-05-21T19:55:51.217+02:00 DEBUG 16014 --- [app] [           main] org.hibernate.SQL                        : 
    alter table if exists files 
       add constraint FKncpjdlvw4479eu6qnh5a4fo9t 
       foreign key (project_id) 
       references projects
Hibernate: 
    alter table if exists files 
       add constraint FKncpjdlvw4479eu6qnh5a4fo9t 
       foreign key (project_id) 
       references projects
2026-05-21T19:55:51.219+02:00 DEBUG 16014 --- [app] [           main] org.hibernate.SQL                        : 
    alter table if exists files 
       add constraint FKbf6pb5mdsgg5if1g0d2yikpjb 
       foreign key (task_id) 
       references tasks
Hibernate: 
    alter table if exists files 
       add constraint FKbf6pb5mdsgg5if1g0d2yikpjb 
       foreign key (task_id) 
       references tasks
2026-05-21T19:55:51.220+02:00 DEBUG 16014 --- [app] [           main] org.hibernate.SQL                        : 
    alter table if exists messages 
       add constraint FKrvm6kfareq86j08cv7n03ocwq 
       foreign key (file_id) 
       references files
Hibernate: 
    alter table if exists messages 
       add constraint FKrvm6kfareq86j08cv7n03ocwq 
       foreign key (file_id) 
       references files
2026-05-21T19:55:51.220+02:00 DEBUG 16014 --- [app] [           main] org.hibernate.SQL                        : 
    alter table if exists messages 
       add constraint FKiasav0fqhcy7ghjy0rwyh9ydn 
       foreign key (project_id) 
       references projects
Hibernate: 
    alter table if exists messages 
       add constraint FKiasav0fqhcy7ghjy0rwyh9ydn 
       foreign key (project_id) 
       references projects
2026-05-21T19:55:51.221+02:00 DEBUG 16014 --- [app] [           main] org.hibernate.SQL                        : 
    alter table if exists messages 
       add constraint FKt05r0b6n0iis8u7dfna4xdh73 
       foreign key (receiver_id) 
       references users
Hibernate: 
    alter table if exists messages 
       add constraint FKt05r0b6n0iis8u7dfna4xdh73 
       foreign key (receiver_id) 
       references users
2026-05-21T19:55:51.222+02:00 DEBUG 16014 --- [app] [           main] org.hibernate.SQL                        : 
    alter table if exists messages 
       add constraint FK4ui4nnwntodh6wjvck53dbk9m 
       foreign key (sender_id) 
       references users
Hibernate: 
    alter table if exists messages 
       add constraint FK4ui4nnwntodh6wjvck53dbk9m 
       foreign key (sender_id) 
       references users
2026-05-21T19:55:51.222+02:00 DEBUG 16014 --- [app] [           main] org.hibernate.SQL                        : 
    alter table if exists project_users 
       add constraint FK8w55cu3qmg4yo0vy0b8e3ivk4 
       foreign key (user_id) 
       references users
Hibernate: 
    alter table if exists project_users 
       add constraint FK8w55cu3qmg4yo0vy0b8e3ivk4 
       foreign key (user_id) 
       references users
2026-05-21T19:55:51.223+02:00 DEBUG 16014 --- [app] [           main] org.hibernate.SQL                        : 
    alter table if exists project_users 
       add constraint FKn2d9w5xxgord5j4k2963p8o1g 
       foreign key (project_id) 
       references projects
Hibernate: 
    alter table if exists project_users 
       add constraint FKn2d9w5xxgord5j4k2963p8o1g 
       foreign key (project_id) 
       references projects
2026-05-21T19:55:51.224+02:00 DEBUG 16014 --- [app] [           main] org.hibernate.SQL                        : 
    alter table if exists tasks 
       add constraint FK6s1ob9k4ihi75xbxe2w0ylsdh 
       foreign key (user_id) 
       references users
Hibernate: 
    alter table if exists tasks 
       add constraint FK6s1ob9k4ihi75xbxe2w0ylsdh 
       foreign key (user_id) 
       references users
2026-05-21T19:55:51.225+02:00 DEBUG 16014 --- [app] [           main] org.hibernate.SQL                        : 
    alter table if exists tasks 
       add constraint FKsfhn82y57i3k9uxww1s007acc 
       foreign key (project_id) 
       references projects
Hibernate: 
    alter table if exists tasks 
       add constraint FKsfhn82y57i3k9uxww1s007acc 
       foreign key (project_id) 
       references projects
2026-05-21T19:55:51.225+02:00  INFO 16014 --- [app] [           main] j.LocalContainerEntityManagerFactoryBean : Initialized JPA EntityManagerFactory for persistence unit 'default'
2026-05-21T19:55:51.269+02:00  INFO 16014 --- [app] [           main] o.s.d.j.r.query.QueryEnhancerFactories   : Hibernate is in classpath; If applicable, HQL parser will be used.
2026-05-21T19:55:51.390+02:00  INFO 16014 --- [app] [           main] com.example.app.ProjectRepositoryTest    : Started ProjectRepositoryTest in 1.226 seconds (process running for 2.291)
2026-05-21T19:55:51.407+02:00 DEBUG 16014 --- [app] [           main] org.hibernate.SQL                        : 
    select
        nextval('projects_seq')
Hibernate: 
    select
        nextval('projects_seq')
2026-05-21T19:55:51.476+02:00 DEBUG 16014 --- [app] [           main] org.hibernate.SQL                        : 
    insert 
    into
        projects
        (name, id) 
    values
        (?, ?)
Hibernate: 
    insert 
    into
        projects
        (name, id) 
    values
        (?, ?)
2026-05-21T19:55:51.483+02:00 DEBUG 16014 --- [app] [           main] org.hibernate.SQL                        : 
    select
        p1_0.id,
        p1_0.name 
    from
        projects p1_0
Hibernate: 
    select
        p1_0.id,
        p1_0.name 
    from
        projects p1_0
]]></system-out>
  </testcase>
</testsuite>