<?xml version="1.0" encoding="UTF-8"?>
<testsuite xmlns:xsi="http://www.w3.org/2001/XMLSchema-instance" xsi:noNamespaceSchemaLocation="https://maven.apache.org/surefire/maven-surefire-plugin/xsd/surefire-test-report.xsd" version="3.0.2" name="com.example.app.TaskControllerTest" time="0.314" tests="15" errors="0" skipped="0" failures="0">
  <properties>
[...]
</properties>
  <testcase name="shouldGetTasksByProjectFilteredByName" classname="com.example.app.TaskControllerTest" time="0.025">
    <system-out><![CDATA[2026-06-11T18:32:10.639+02:00  INFO 21728 --- [app] [           main] t.c.s.AnnotationConfigContextLoaderUtils : Could not detect default configuration classes for test class [com.example.app.TaskControllerTest]: TaskControllerTest does not declare any static, non-private, non-final, nested classes annotated with @Configuration.
2026-06-11T18:32:10.642+02:00  INFO 21728 --- [app] [           main] .b.t.c.SpringBootTestContextBootstrapper : Found @SpringBootConfiguration com.example.app.AppApplication for test class com.example.app.TaskControllerTest
2026-06-11T18:32:10.646+02:00  INFO 21728 --- [app] [           main] o.s.b.d.r.RestartApplicationListener     : Restart disabled due to context in which it is running

  .   ____          _            __ _ _
 /\\ / ___'_ __ _ _(_)_ __  __ _ \ \ \ \
( ( )\___ | '_ | '_| | '_ \/ _` | \ \ \ \
 \\/  ___)| |_)| | | | | || (_| |  ) ) ) )
  '  |____| .__|_| |_|_| |_\__, | / / / /
 =========|_|==============|___/=/_/_/_/

 :: Spring Boot ::                (v4.0.3)

2026-06-11T18:32:10.659+02:00  INFO 21728 --- [app] [           main] com.example.app.TaskControllerTest       : Starting TaskControllerTest using Java 25.0.2 with PID 21728 (started by sebastiancnotalski in /Users/sebastiancnotalski/Desktop/Agile/projekt/projektAgile/app)
2026-06-11T18:32:10.659+02:00  INFO 21728 --- [app] [           main] com.example.app.TaskControllerTest       : No active profile set, falling back to 1 default profile: "default"
2026-06-11T18:32:10.786+02:00  INFO 21728 --- [app] [           main] o.s.v.b.OptionalValidatorFactoryBean     : Failed to set up a Bean Validation provider: jakarta.validation.NoProviderFoundException: Unable to create a Configuration, because no Jakarta Validation provider could be found. Add a provider like Hibernate Validator (RI) to your classpath.
2026-06-11T18:32:10.818+02:00  INFO 21728 --- [app] [           main] r$InitializeUserDetailsManagerConfigurer : Global AuthenticationManager configured with UserDetailsService bean with name inMemoryUserDetailsManager
2026-06-11T18:32:10.837+02:00  INFO 21728 --- [app] [           main] o.s.b.t.m.w.SpringBootMockServletContext : Initializing Spring TestDispatcherServlet ''
2026-06-11T18:32:10.837+02:00  INFO 21728 --- [app] [           main] o.s.t.web.servlet.TestDispatcherServlet  : Initializing Servlet ''
2026-06-11T18:32:10.838+02:00  INFO 21728 --- [app] [           main] o.s.t.web.servlet.TestDispatcherServlet  : Completed initialization in 1 ms
2026-06-11T18:32:10.843+02:00  INFO 21728 --- [app] [           main] com.example.app.TaskControllerTest       : Started TaskControllerTest in 0.197 seconds (process running for 2.742)
2026-06-11T18:32:10.862+02:00  WARN 21728 --- [app] [           main] ration$PageModule$WarningLoggingModifier : Serializing PageImpl instances as-is is not supported, meaning that there is no guarantee about the stability of the resulting JSON structure!
	For a stable JSON structure, please use Spring Data's PagedModel (globally via @EnableSpringDataWebSupport(pageSerializationMode = VIA_DTO))
	or Spring HATEOAS and Spring Data's PagedResourcesAssembler as documented in https://docs.spring.io/spring-data/commons/reference/repositories/core-extensions.html#core.web.pageables.

]]></system-out>
  </testcase>
  <testcase name="shouldReturnEmptyPageWhenNoTasks" classname="com.example.app.TaskControllerTest" time="0.005"/>
  <testcase name="shouldGetTasksByProjectFilteredByPriority" classname="com.example.app.TaskControllerTest" time="0.004"/>
  <testcase name="shouldGetTasksByProjectFilteredByUsername" classname="com.example.app.TaskControllerTest" time="0.005"/>
  <testcase name="shouldGetTasksByProjectFilteredByStatus" classname="com.example.app.TaskControllerTest" time="0.004"/>
  <testcase name="shouldCreateTask" classname="com.example.app.TaskControllerTest" time="0.009"/>
  <testcase name="shouldDeleteTask" classname="com.example.app.TaskControllerTest" time="0.004"/>
  <testcase name="shouldReturn400ForIllegalArgumentOnStatusChange" classname="com.example.app.TaskControllerTest" time="0.005"/>
  <testcase name="shouldChangeTaskStatusToInProgress" classname="com.example.app.TaskControllerTest" time="0.005"/>
  <testcase name="shouldChangeTaskStatusToDone" classname="com.example.app.TaskControllerTest" time="0.004"/>
  <testcase name="shouldChangeTaskPriority" classname="com.example.app.TaskControllerTest" time="0.005"/>
  <testcase name="shouldAssignUserToTask" classname="com.example.app.TaskControllerTest" time="0.005"/>
  <testcase name="shouldReturn404WhenTaskNotFound" classname="com.example.app.TaskControllerTest" time="0.004"/>
  <testcase name="shouldGetTaskById" classname="com.example.app.TaskControllerTest" time="0.004"/>
  <testcase name="shouldGetTasksByProject" classname="com.example.app.TaskControllerTest" time="0.005"/>
</testsuite>