<?xml version="1.0" encoding="UTF-8"?>
<testsuite xmlns:xsi="http://www.w3.org/2001/XMLSchema-instance" xsi:noNamespaceSchemaLocation="https://maven.apache.org/surefire/maven-surefire-plugin/xsd/surefire-test-report.xsd" version="3.0.2" name="com.example.app.ProjectWorkflowIntegrationTest" time="12.233" tests="13" errors="0" skipped="0" failures="0">
  <properties>
[...]
</properties>
  <testcase name="shouldChangePriorityOfTask" classname="com.example.app.ProjectWorkflowIntegrationTest" time="0.919">
    <system-out><![CDATA[2026-06-11T18:32:19.470+02:00  INFO 21728 --- [app] [           main] t.c.s.AnnotationConfigContextLoaderUtils : Could not detect default configuration classes for test class [com.example.app.ProjectWorkflowIntegrationTest]: ProjectWorkflowIntegrationTest does not declare any static, non-private, non-final, nested classes annotated with @Configuration.
2026-06-11T18:32:19.471+02:00  INFO 21728 --- [app] [           main] .b.t.c.SpringBootTestContextBootstrapper : Found @SpringBootConfiguration com.example.app.AppApplication for test class com.example.app.ProjectWorkflowIntegrationTest
2026-06-11T18:32:19.472+02:00  INFO 21728 --- [app] [           main] o.s.m.s.b.SimpleBrokerMessageHandler     : Starting...
2026-06-11T18:32:19.472+02:00  INFO 21728 --- [app] [           main] o.s.m.s.b.SimpleBrokerMessageHandler     : BrokerAvailabilityEvent[available=true, SimpleBrokerMessageHandler [org.springframework.messaging.simp.broker.DefaultSubscriptionRegistry@50834677]]
2026-06-11T18:32:19.472+02:00  INFO 21728 --- [app] [           main] o.s.m.s.b.SimpleBrokerMessageHandler     : Started.
2026-06-11T18:32:19.473+02:00  INFO 21728 --- [app] [           main] o.s.m.s.b.SimpleBrokerMessageHandler     : Stopping...
2026-06-11T18:32:19.473+02:00  INFO 21728 --- [app] [           main] o.s.m.s.b.SimpleBrokerMessageHandler     : BrokerAvailabilityEvent[available=false, SimpleBrokerMessageHandler [org.springframework.messaging.simp.broker.DefaultSubscriptionRegistry@50834677]]
2026-06-11T18:32:19.473+02:00  INFO 21728 --- [app] [           main] o.s.m.s.b.SimpleBrokerMessageHandler     : Stopped.
2026-06-11T18:32:19.474+02:00  INFO 21728 --- [app] [           main] j.LocalContainerEntityManagerFactoryBean : Closing JPA EntityManagerFactory for persistence unit 'default'
2026-06-11T18:32:19.474+02:00 DEBUG 21728 --- [app] [           main] org.hibernate.SQL                        : 
    drop table if exists files cascade 
2026-06-11T18:32:19.474+02:00 DEBUG 21728 --- [app] [           main] org.hibernate.SQL                        : 
    drop table if exists messages cascade 
2026-06-11T18:32:19.474+02:00 DEBUG 21728 --- [app] [           main] org.hibernate.SQL                        : 
    drop table if exists project_users cascade 
2026-06-11T18:32:19.475+02:00 DEBUG 21728 --- [app] [           main] org.hibernate.SQL                        : 
    drop table if exists projects cascade 
2026-06-11T18:32:19.475+02:00 DEBUG 21728 --- [app] [           main] org.hibernate.SQL                        : 
    drop table if exists tasks cascade 
2026-06-11T18:32:19.475+02:00 DEBUG 21728 --- [app] [           main] org.hibernate.SQL                        : 
    drop table if exists users cascade 
2026-06-11T18:32:19.475+02:00 DEBUG 21728 --- [app] [           main] org.hibernate.SQL                        : 
    drop sequence if exists files_seq
2026-06-11T18:32:19.475+02:00 DEBUG 21728 --- [app] [           main] org.hibernate.SQL                        : 
    drop sequence if exists messages_seq
2026-06-11T18:32:19.475+02:00 DEBUG 21728 --- [app] [           main] org.hibernate.SQL                        : 
    drop sequence if exists projects_seq
2026-06-11T18:32:19.475+02:00 DEBUG 21728 --- [app] [           main] org.hibernate.SQL                        : 
    drop sequence if exists tasks_seq
2026-06-11T18:32:19.475+02:00  INFO 21728 --- [app] [           main] com.zaxxer.hikari.HikariDataSource       : HikariPool-11 - Shutdown initiated...
2026-06-11T18:32:19.476+02:00  INFO 21728 --- [app] [           main] com.zaxxer.hikari.HikariDataSource       : HikariPool-11 - Shutdown completed.
2026-06-11T18:32:19.476+02:00  INFO 21728 --- [app] [           main] o.s.b.d.r.RestartApplicationListener     : Restart disabled due to context in which it is running

  .   ____          _            __ _ _
 /\\ / ___'_ __ _ _(_)_ __  __ _ \ \ \ \
( ( )\___ | '_ | '_| | '_ \/ _` | \ \ \ \
 \\/  ___)| |_)| | | | | || (_| |  ) ) ) )
  '  |____| .__|_| |_|_| |_\__, | / / / /
 =========|_|==============|___/=/_/_/_/

 :: Spring Boot ::                (v4.0.3)

2026-06-11T18:32:19.482+02:00  INFO 21728 --- [app] [           main] c.e.app.ProjectWorkflowIntegrationTest   : Starting ProjectWorkflowIntegrationTest using Java 25.0.2 with PID 21728 (started by sebastiancnotalski in /Users/sebastiancnotalski/Desktop/Agile/projekt/projektAgile/app)
2026-06-11T18:32:19.482+02:00  INFO 21728 --- [app] [           main] c.e.app.ProjectWorkflowIntegrationTest   : The following 1 profile is active: "test"
2026-06-11T18:32:19.558+02:00  INFO 21728 --- [app] [           main] .s.d.r.c.RepositoryConfigurationDelegate : Bootstrapping Spring Data JPA repositories in DEFAULT mode.
2026-06-11T18:32:19.562+02:00  INFO 21728 --- [app] [           main] .s.d.r.c.RepositoryConfigurationDelegate : Finished Spring Data repository scanning in 4 ms. Found 5 JPA repository interfaces.
2026-06-11T18:32:19.591+02:00  INFO 21728 --- [app] [           main] org.hibernate.orm.jpa                    : HHH008540: Processing PersistenceUnitInfo [name: default]
2026-06-11T18:32:19.600+02:00  INFO 21728 --- [app] [           main] o.s.o.j.p.SpringPersistenceUnitInfo      : No LoadTimeWeaver setup: ignoring JPA class transformer
2026-06-11T18:32:19.600+02:00  INFO 21728 --- [app] [           main] com.zaxxer.hikari.HikariDataSource       : HikariPool-12 - Starting...
2026-06-11T18:32:19.601+02:00  INFO 21728 --- [app] [           main] com.zaxxer.hikari.pool.HikariPool        : HikariPool-12 - Added connection conn117: url=jdbc:h2:mem:integrationtestdb user=SA
2026-06-11T18:32:19.601+02:00  INFO 21728 --- [app] [           main] com.zaxxer.hikari.HikariDataSource       : HikariPool-12 - Start completed.
2026-06-11T18:32:19.601+02:00  WARN 21728 --- [app] [           main] org.hibernate.orm.deprecation            : HHH90000025: H2Dialect does not need to be specified explicitly using 'hibernate.dialect' (remove the property setting and it will be selected by default)
2026-06-11T18:32:19.601+02:00  INFO 21728 --- [app] [           main] org.hibernate.orm.connections.pooling    : HHH10001005: Database info:
	Database JDBC URL [jdbc:h2:mem:integrationtestdb]
	Database driver: H2 JDBC Driver
	Database dialect: H2Dialect
	Database version: 2.4.240
	Default catalog/schema: INTEGRATIONTESTDB/PUBLIC
	Autocommit mode: undefined/unknown
	Isolation level: READ_COMMITTED [default READ_COMMITTED]
	JDBC fetch size: 100
	Pool: DataSourceConnectionProvider
	Minimum pool size: undefined/unknown
	Maximum pool size: undefined/unknown
2026-06-11T18:32:19.622+02:00  INFO 21728 --- [app] [           main] org.hibernate.orm.core                   : HHH000489: No JTA platform available (set 'hibernate.transaction.jta.platform' to enable JTA platform integration)
2026-06-11T18:32:19.628+02:00  INFO 21728 --- [app] [           main] j.LocalContainerEntityManagerFactoryBean : Initialized JPA EntityManagerFactory for persistence unit 'default'
2026-06-11T18:32:19.661+02:00  WARN 21728 --- [app] [           main] JpaBaseConfiguration$JpaWebConfiguration : spring.jpa.open-in-view is enabled by default. Therefore, database queries may be performed during view rendering. Explicitly configure spring.jpa.open-in-view to disable this warning
2026-06-11T18:32:19.663+02:00  INFO 21728 --- [app] [           main] o.s.v.b.OptionalValidatorFactoryBean     : Failed to set up a Bean Validation provider: jakarta.validation.NoProviderFoundException: Unable to create a Configuration, because no Jakarta Validation provider could be found. Add a provider like Hibernate Validator (RI) to your classpath.
2026-06-11T18:32:19.673+02:00  INFO 21728 --- [app] [           main] r$InitializeUserDetailsManagerConfigurer : Global AuthenticationManager configured with UserDetailsService bean with name customUserDetailsService
2026-06-11T18:32:19.723+02:00  INFO 21728 --- [app] [           main] o.s.b.t.m.w.SpringBootMockServletContext : Initializing Spring TestDispatcherServlet ''
2026-06-11T18:32:19.723+02:00  INFO 21728 --- [app] [           main] o.s.t.web.servlet.TestDispatcherServlet  : Initializing Servlet ''
2026-06-11T18:32:19.724+02:00  INFO 21728 --- [app] [           main] o.s.b.a.e.web.EndpointLinksResolver      : Exposing 1 endpoint beneath base path '/actuator'
2026-06-11T18:32:19.725+02:00  INFO 21728 --- [app] [           main] o.s.t.web.servlet.TestDispatcherServlet  : Completed initialization in 2 ms
2026-06-11T18:32:19.738+02:00  INFO 21728 --- [app] [           main] o.s.m.s.b.SimpleBrokerMessageHandler     : Starting...
2026-06-11T18:32:19.738+02:00  INFO 21728 --- [app] [           main] o.s.m.s.b.SimpleBrokerMessageHandler     : BrokerAvailabilityEvent[available=true, SimpleBrokerMessageHandler [org.springframework.messaging.simp.broker.DefaultSubscriptionRegistry@2315f94d]]
2026-06-11T18:32:19.738+02:00  INFO 21728 --- [app] [           main] o.s.m.s.b.SimpleBrokerMessageHandler     : Started.
2026-06-11T18:32:19.739+02:00  INFO 21728 --- [app] [           main] c.e.app.ProjectWorkflowIntegrationTest   : Started ProjectWorkflowIntegrationTest in 0.263 seconds (process running for 11.639)
]]></system-out>
  </testcase>
  <testcase name="shouldCreateTaskAndProgressThroughStatuses" classname="com.example.app.ProjectWorkflowIntegrationTest" time="1.003">
    <system-out><![CDATA[2026-06-11T18:32:20.393+02:00  INFO 21728 --- [app] [           main] o.s.m.s.b.SimpleBrokerMessageHandler     : Stopping...
2026-06-11T18:32:20.394+02:00  INFO 21728 --- [app] [           main] o.s.m.s.b.SimpleBrokerMessageHandler     : BrokerAvailabilityEvent[available=false, SimpleBrokerMessageHandler [org.springframework.messaging.simp.broker.DefaultSubscriptionRegistry@2315f94d]]
2026-06-11T18:32:20.394+02:00  INFO 21728 --- [app] [           main] o.s.m.s.b.SimpleBrokerMessageHandler     : Stopped.
2026-06-11T18:32:20.394+02:00  INFO 21728 --- [app] [           main] j.LocalContainerEntityManagerFactoryBean : Closing JPA EntityManagerFactory for persistence unit 'default'
2026-06-11T18:32:20.395+02:00  INFO 21728 --- [app] [           main] com.zaxxer.hikari.HikariDataSource       : HikariPool-12 - Shutdown initiated...
2026-06-11T18:32:20.396+02:00  INFO 21728 --- [app] [           main] com.zaxxer.hikari.HikariDataSource       : HikariPool-12 - Shutdown completed.
2026-06-11T18:32:20.397+02:00  INFO 21728 --- [app] [           main] o.s.b.d.r.RestartApplicationListener     : Restart disabled due to context in which it is running

  .   ____          _            __ _ _
 /\\ / ___'_ __ _ _(_)_ __  __ _ \ \ \ \
( ( )\___ | '_ | '_| | '_ \/ _` | \ \ \ \
 \\/  ___)| |_)| | | | | || (_| |  ) ) ) )
  '  |____| .__|_| |_|_| |_\__, | / / / /
 =========|_|==============|___/=/_/_/_/

 :: Spring Boot ::                (v4.0.3)

2026-06-11T18:32:20.403+02:00  INFO 21728 --- [app] [           main] c.e.app.ProjectWorkflowIntegrationTest   : Starting ProjectWorkflowIntegrationTest using Java 25.0.2 with PID 21728 (started by sebastiancnotalski in /Users/sebastiancnotalski/Desktop/Agile/projekt/projektAgile/app)
2026-06-11T18:32:20.403+02:00  INFO 21728 --- [app] [           main] c.e.app.ProjectWorkflowIntegrationTest   : The following 1 profile is active: "test"
2026-06-11T18:32:20.481+02:00  INFO 21728 --- [app] [           main] .s.d.r.c.RepositoryConfigurationDelegate : Bootstrapping Spring Data JPA repositories in DEFAULT mode.
2026-06-11T18:32:20.487+02:00  INFO 21728 --- [app] [           main] .s.d.r.c.RepositoryConfigurationDelegate : Finished Spring Data repository scanning in 4 ms. Found 5 JPA repository interfaces.
2026-06-11T18:32:20.515+02:00  INFO 21728 --- [app] [           main] org.hibernate.orm.jpa                    : HHH008540: Processing PersistenceUnitInfo [name: default]
2026-06-11T18:32:20.523+02:00  INFO 21728 --- [app] [           main] o.s.o.j.p.SpringPersistenceUnitInfo      : No LoadTimeWeaver setup: ignoring JPA class transformer
2026-06-11T18:32:20.524+02:00  INFO 21728 --- [app] [           main] com.zaxxer.hikari.HikariDataSource       : HikariPool-13 - Starting...
2026-06-11T18:32:20.524+02:00  INFO 21728 --- [app] [           main] com.zaxxer.hikari.pool.HikariPool        : HikariPool-13 - Added connection conn127: url=jdbc:h2:mem:integrationtestdb user=SA
2026-06-11T18:32:20.524+02:00  INFO 21728 --- [app] [           main] com.zaxxer.hikari.HikariDataSource       : HikariPool-13 - Start completed.
2026-06-11T18:32:20.525+02:00  WARN 21728 --- [app] [           main] org.hibernate.orm.deprecation            : HHH90000025: H2Dialect does not need to be specified explicitly using 'hibernate.dialect' (remove the property setting and it will be selected by default)
2026-06-11T18:32:20.525+02:00  INFO 21728 --- [app] [           main] org.hibernate.orm.connections.pooling    : HHH10001005: Database info:
	Database JDBC URL [jdbc:h2:mem:integrationtestdb]
	Database driver: H2 JDBC Driver
	Database dialect: H2Dialect
	Database version: 2.4.240
	Default catalog/schema: INTEGRATIONTESTDB/PUBLIC
	Autocommit mode: undefined/unknown
	Isolation level: READ_COMMITTED [default READ_COMMITTED]
	JDBC fetch size: 100
	Pool: DataSourceConnectionProvider
	Minimum pool size: undefined/unknown
	Maximum pool size: undefined/unknown
2026-06-11T18:32:20.545+02:00  INFO 21728 --- [app] [           main] org.hibernate.orm.core                   : HHH000489: No JTA platform available (set 'hibernate.transaction.jta.platform' to enable JTA platform integration)
2026-06-11T18:32:20.551+02:00  INFO 21728 --- [app] [           main] j.LocalContainerEntityManagerFactoryBean : Initialized JPA EntityManagerFactory for persistence unit 'default'
2026-06-11T18:32:20.583+02:00  WARN 21728 --- [app] [           main] JpaBaseConfiguration$JpaWebConfiguration : spring.jpa.open-in-view is enabled by default. Therefore, database queries may be performed during view rendering. Explicitly configure spring.jpa.open-in-view to disable this warning
2026-06-11T18:32:20.585+02:00  INFO 21728 --- [app] [           main] o.s.v.b.OptionalValidatorFactoryBean     : Failed to set up a Bean Validation provider: jakarta.validation.NoProviderFoundException: Unable to create a Configuration, because no Jakarta Validation provider could be found. Add a provider like Hibernate Validator (RI) to your classpath.
2026-06-11T18:32:20.595+02:00  INFO 21728 --- [app] [           main] r$InitializeUserDetailsManagerConfigurer : Global AuthenticationManager configured with UserDetailsService bean with name customUserDetailsService
2026-06-11T18:32:20.652+02:00  INFO 21728 --- [app] [           main] o.s.b.t.m.w.SpringBootMockServletContext : Initializing Spring TestDispatcherServlet ''
2026-06-11T18:32:20.652+02:00  INFO 21728 --- [app] [           main] o.s.t.web.servlet.TestDispatcherServlet  : Initializing Servlet ''
2026-06-11T18:32:20.653+02:00  INFO 21728 --- [app] [           main] o.s.b.a.e.web.EndpointLinksResolver      : Exposing 1 endpoint beneath base path '/actuator'
2026-06-11T18:32:20.654+02:00  INFO 21728 --- [app] [           main] o.s.t.web.servlet.TestDispatcherServlet  : Completed initialization in 2 ms
2026-06-11T18:32:20.659+02:00  INFO 21728 --- [app] [           main] o.s.m.s.b.SimpleBrokerMessageHandler     : Starting...
2026-06-11T18:32:20.659+02:00  INFO 21728 --- [app] [           main] o.s.m.s.b.SimpleBrokerMessageHandler     : BrokerAvailabilityEvent[available=true, SimpleBrokerMessageHandler [org.springframework.messaging.simp.broker.DefaultSubscriptionRegistry@4dcc5cc1]]
2026-06-11T18:32:20.659+02:00  INFO 21728 --- [app] [           main] o.s.m.s.b.SimpleBrokerMessageHandler     : Started.
2026-06-11T18:32:20.660+02:00  INFO 21728 --- [app] [           main] c.e.app.ProjectWorkflowIntegrationTest   : Started ProjectWorkflowIntegrationTest in 0.263 seconds (process running for 12.56)
]]></system-out>
  </testcase>
  <testcase name="shouldCreateProjectAndThenRetrieveIt" classname="com.example.app.ProjectWorkflowIntegrationTest" time="0.781">
    <system-out><![CDATA[2026-06-11T18:32:21.397+02:00  INFO 21728 --- [app] [           main] o.s.m.s.b.SimpleBrokerMessageHandler     : Stopping...
2026-06-11T18:32:21.397+02:00  INFO 21728 --- [app] [           main] o.s.m.s.b.SimpleBrokerMessageHandler     : BrokerAvailabilityEvent[available=false, SimpleBrokerMessageHandler [org.springframework.messaging.simp.broker.DefaultSubscriptionRegistry@4dcc5cc1]]
2026-06-11T18:32:21.397+02:00  INFO 21728 --- [app] [           main] o.s.m.s.b.SimpleBrokerMessageHandler     : Stopped.
2026-06-11T18:32:21.398+02:00  INFO 21728 --- [app] [           main] j.LocalContainerEntityManagerFactoryBean : Closing JPA EntityManagerFactory for persistence unit 'default'
2026-06-11T18:32:21.399+02:00  INFO 21728 --- [app] [           main] com.zaxxer.hikari.HikariDataSource       : HikariPool-13 - Shutdown initiated...
2026-06-11T18:32:21.400+02:00  INFO 21728 --- [app] [           main] com.zaxxer.hikari.HikariDataSource       : HikariPool-13 - Shutdown completed.
2026-06-11T18:32:21.400+02:00  INFO 21728 --- [app] [           main] o.s.b.d.r.RestartApplicationListener     : Restart disabled due to context in which it is running

  .   ____          _            __ _ _
 /\\ / ___'_ __ _ _(_)_ __  __ _ \ \ \ \
( ( )\___ | '_ | '_| | '_ \/ _` | \ \ \ \
 \\/  ___)| |_)| | | | | || (_| |  ) ) ) )
  '  |____| .__|_| |_|_| |_\__, | / / / /
 =========|_|==============|___/=/_/_/_/

 :: Spring Boot ::                (v4.0.3)

2026-06-11T18:32:21.407+02:00  INFO 21728 --- [app] [           main] c.e.app.ProjectWorkflowIntegrationTest   : Starting ProjectWorkflowIntegrationTest using Java 25.0.2 with PID 21728 (started by sebastiancnotalski in /Users/sebastiancnotalski/Desktop/Agile/projekt/projektAgile/app)
2026-06-11T18:32:21.407+02:00  INFO 21728 --- [app] [           main] c.e.app.ProjectWorkflowIntegrationTest   : The following 1 profile is active: "test"
2026-06-11T18:32:21.482+02:00  INFO 21728 --- [app] [           main] .s.d.r.c.RepositoryConfigurationDelegate : Bootstrapping Spring Data JPA repositories in DEFAULT mode.
2026-06-11T18:32:21.487+02:00  INFO 21728 --- [app] [           main] .s.d.r.c.RepositoryConfigurationDelegate : Finished Spring Data repository scanning in 4 ms. Found 5 JPA repository interfaces.
2026-06-11T18:32:21.513+02:00  INFO 21728 --- [app] [           main] org.hibernate.orm.jpa                    : HHH008540: Processing PersistenceUnitInfo [name: default]
2026-06-11T18:32:21.521+02:00  INFO 21728 --- [app] [           main] o.s.o.j.p.SpringPersistenceUnitInfo      : No LoadTimeWeaver setup: ignoring JPA class transformer
2026-06-11T18:32:21.521+02:00  INFO 21728 --- [app] [           main] com.zaxxer.hikari.HikariDataSource       : HikariPool-14 - Starting...
2026-06-11T18:32:21.522+02:00  INFO 21728 --- [app] [           main] com.zaxxer.hikari.pool.HikariPool        : HikariPool-14 - Added connection conn137: url=jdbc:h2:mem:integrationtestdb user=SA
2026-06-11T18:32:21.522+02:00  INFO 21728 --- [app] [           main] com.zaxxer.hikari.HikariDataSource       : HikariPool-14 - Start completed.
2026-06-11T18:32:21.522+02:00  WARN 21728 --- [app] [           main] org.hibernate.orm.deprecation            : HHH90000025: H2Dialect does not need to be specified explicitly using 'hibernate.dialect' (remove the property setting and it will be selected by default)
2026-06-11T18:32:21.522+02:00  INFO 21728 --- [app] [           main] org.hibernate.orm.connections.pooling    : HHH10001005: Database info:
	Database JDBC URL [jdbc:h2:mem:integrationtestdb]
	Database driver: H2 JDBC Driver
	Database dialect: H2Dialect
	Database version: 2.4.240
	Default catalog/schema: INTEGRATIONTESTDB/PUBLIC
	Autocommit mode: undefined/unknown
	Isolation level: READ_COMMITTED [default READ_COMMITTED]
	JDBC fetch size: 100
	Pool: DataSourceConnectionProvider
	Minimum pool size: undefined/unknown
	Maximum pool size: undefined/unknown
2026-06-11T18:32:21.543+02:00  INFO 21728 --- [app] [           main] org.hibernate.orm.core                   : HHH000489: No JTA platform available (set 'hibernate.transaction.jta.platform' to enable JTA platform integration)
2026-06-11T18:32:21.548+02:00  INFO 21728 --- [app] [           main] j.LocalContainerEntityManagerFactoryBean : Initialized JPA EntityManagerFactory for persistence unit 'default'
2026-06-11T18:32:21.580+02:00  WARN 21728 --- [app] [           main] JpaBaseConfiguration$JpaWebConfiguration : spring.jpa.open-in-view is enabled by default. Therefore, database queries may be performed during view rendering. Explicitly configure spring.jpa.open-in-view to disable this warning
2026-06-11T18:32:21.582+02:00  INFO 21728 --- [app] [           main] o.s.v.b.OptionalValidatorFactoryBean     : Failed to set up a Bean Validation provider: jakarta.validation.NoProviderFoundException: Unable to create a Configuration, because no Jakarta Validation provider could be found. Add a provider like Hibernate Validator (RI) to your classpath.
2026-06-11T18:32:21.592+02:00  INFO 21728 --- [app] [           main] r$InitializeUserDetailsManagerConfigurer : Global AuthenticationManager configured with UserDetailsService bean with name customUserDetailsService
2026-06-11T18:32:21.648+02:00  INFO 21728 --- [app] [           main] o.s.b.t.m.w.SpringBootMockServletContext : Initializing Spring TestDispatcherServlet ''
2026-06-11T18:32:21.648+02:00  INFO 21728 --- [app] [           main] o.s.t.web.servlet.TestDispatcherServlet  : Initializing Servlet ''
2026-06-11T18:32:21.649+02:00  INFO 21728 --- [app] [           main] o.s.b.a.e.web.EndpointLinksResolver      : Exposing 1 endpoint beneath base path '/actuator'
2026-06-11T18:32:21.650+02:00  INFO 21728 --- [app] [           main] o.s.t.web.servlet.TestDispatcherServlet  : Completed initialization in 2 ms
2026-06-11T18:32:21.655+02:00  INFO 21728 --- [app] [           main] o.s.m.s.b.SimpleBrokerMessageHandler     : Starting...
2026-06-11T18:32:21.655+02:00  INFO 21728 --- [app] [           main] o.s.m.s.b.SimpleBrokerMessageHandler     : BrokerAvailabilityEvent[available=true, SimpleBrokerMessageHandler [org.springframework.messaging.simp.broker.DefaultSubscriptionRegistry@377bfeda]]
2026-06-11T18:32:21.655+02:00  INFO 21728 --- [app] [           main] o.s.m.s.b.SimpleBrokerMessageHandler     : Started.
2026-06-11T18:32:21.656+02:00  INFO 21728 --- [app] [           main] c.e.app.ProjectWorkflowIntegrationTest   : Started ProjectWorkflowIntegrationTest in 0.256 seconds (process running for 13.556)
]]></system-out>
  </testcase>
  <testcase name="shouldDeleteProjectAndVerifyGone" classname="com.example.app.ProjectWorkflowIntegrationTest" time="0.778">
    <system-out><![CDATA[2026-06-11T18:32:22.179+02:00  INFO 21728 --- [app] [           main] o.s.m.s.b.SimpleBrokerMessageHandler     : Stopping...
2026-06-11T18:32:22.179+02:00  INFO 21728 --- [app] [           main] o.s.m.s.b.SimpleBrokerMessageHandler     : BrokerAvailabilityEvent[available=false, SimpleBrokerMessageHandler [org.springframework.messaging.simp.broker.DefaultSubscriptionRegistry@377bfeda]]
2026-06-11T18:32:22.179+02:00  INFO 21728 --- [app] [           main] o.s.m.s.b.SimpleBrokerMessageHandler     : Stopped.
2026-06-11T18:32:22.180+02:00  INFO 21728 --- [app] [           main] j.LocalContainerEntityManagerFactoryBean : Closing JPA EntityManagerFactory for persistence unit 'default'
2026-06-11T18:32:22.181+02:00  INFO 21728 --- [app] [           main] com.zaxxer.hikari.HikariDataSource       : HikariPool-14 - Shutdown initiated...
2026-06-11T18:32:22.181+02:00  INFO 21728 --- [app] [           main] com.zaxxer.hikari.HikariDataSource       : HikariPool-14 - Shutdown completed.
2026-06-11T18:32:22.182+02:00  INFO 21728 --- [app] [           main] o.s.b.d.r.RestartApplicationListener     : Restart disabled due to context in which it is running

  .   ____          _            __ _ _
 /\\ / ___'_ __ _ _(_)_ __  __ _ \ \ \ \
( ( )\___ | '_ | '_| | '_ \/ _` | \ \ \ \
 \\/  ___)| |_)| | | | | || (_| |  ) ) ) )
  '  |____| .__|_| |_|_| |_\__, | / / / /
 =========|_|==============|___/=/_/_/_/

 :: Spring Boot ::                (v4.0.3)

2026-06-11T18:32:22.188+02:00  INFO 21728 --- [app] [           main] c.e.app.ProjectWorkflowIntegrationTest   : Starting ProjectWorkflowIntegrationTest using Java 25.0.2 with PID 21728 (started by sebastiancnotalski in /Users/sebastiancnotalski/Desktop/Agile/projekt/projektAgile/app)
2026-06-11T18:32:22.188+02:00  INFO 21728 --- [app] [           main] c.e.app.ProjectWorkflowIntegrationTest   : The following 1 profile is active: "test"
2026-06-11T18:32:22.258+02:00  INFO 21728 --- [app] [           main] .s.d.r.c.RepositoryConfigurationDelegate : Bootstrapping Spring Data JPA repositories in DEFAULT mode.
2026-06-11T18:32:22.263+02:00  INFO 21728 --- [app] [           main] .s.d.r.c.RepositoryConfigurationDelegate : Finished Spring Data repository scanning in 4 ms. Found 5 JPA repository interfaces.
2026-06-11T18:32:22.290+02:00  INFO 21728 --- [app] [           main] org.hibernate.orm.jpa                    : HHH008540: Processing PersistenceUnitInfo [name: default]
2026-06-11T18:32:22.299+02:00  INFO 21728 --- [app] [           main] o.s.o.j.p.SpringPersistenceUnitInfo      : No LoadTimeWeaver setup: ignoring JPA class transformer
2026-06-11T18:32:22.299+02:00  INFO 21728 --- [app] [           main] com.zaxxer.hikari.HikariDataSource       : HikariPool-15 - Starting...
2026-06-11T18:32:22.300+02:00  INFO 21728 --- [app] [           main] com.zaxxer.hikari.pool.HikariPool        : HikariPool-15 - Added connection conn147: url=jdbc:h2:mem:integrationtestdb user=SA
2026-06-11T18:32:22.300+02:00  INFO 21728 --- [app] [           main] com.zaxxer.hikari.HikariDataSource       : HikariPool-15 - Start completed.
2026-06-11T18:32:22.300+02:00  WARN 21728 --- [app] [           main] org.hibernate.orm.deprecation            : HHH90000025: H2Dialect does not need to be specified explicitly using 'hibernate.dialect' (remove the property setting and it will be selected by default)
2026-06-11T18:32:22.300+02:00  INFO 21728 --- [app] [           main] org.hibernate.orm.connections.pooling    : HHH10001005: Database info:
	Database JDBC URL [jdbc:h2:mem:integrationtestdb]
	Database driver: H2 JDBC Driver
	Database dialect: H2Dialect
	Database version: 2.4.240
	Default catalog/schema: INTEGRATIONTESTDB/PUBLIC
	Autocommit mode: undefined/unknown
	Isolation level: READ_COMMITTED [default READ_COMMITTED]
	JDBC fetch size: 100
	Pool: DataSourceConnectionProvider
	Minimum pool size: undefined/unknown
	Maximum pool size: undefined/unknown
2026-06-11T18:32:22.319+02:00  INFO 21728 --- [app] [           main] org.hibernate.orm.core                   : HHH000489: No JTA platform available (set 'hibernate.transaction.jta.platform' to enable JTA platform integration)
2026-06-11T18:32:22.323+02:00  INFO 21728 --- [app] [           main] j.LocalContainerEntityManagerFactoryBean : Initialized JPA EntityManagerFactory for persistence unit 'default'
2026-06-11T18:32:22.354+02:00  WARN 21728 --- [app] [           main] JpaBaseConfiguration$JpaWebConfiguration : spring.jpa.open-in-view is enabled by default. Therefore, database queries may be performed during view rendering. Explicitly configure spring.jpa.open-in-view to disable this warning
2026-06-11T18:32:22.356+02:00  INFO 21728 --- [app] [           main] o.s.v.b.OptionalValidatorFactoryBean     : Failed to set up a Bean Validation provider: jakarta.validation.NoProviderFoundException: Unable to create a Configuration, because no Jakarta Validation provider could be found. Add a provider like Hibernate Validator (RI) to your classpath.
2026-06-11T18:32:22.365+02:00  INFO 21728 --- [app] [           main] r$InitializeUserDetailsManagerConfigurer : Global AuthenticationManager configured with UserDetailsService bean with name customUserDetailsService
2026-06-11T18:32:22.414+02:00  INFO 21728 --- [app] [           main] o.s.b.t.m.w.SpringBootMockServletContext : Initializing Spring TestDispatcherServlet ''
2026-06-11T18:32:22.414+02:00  INFO 21728 --- [app] [           main] o.s.t.web.servlet.TestDispatcherServlet  : Initializing Servlet ''
2026-06-11T18:32:22.414+02:00  INFO 21728 --- [app] [           main] o.s.b.a.e.web.EndpointLinksResolver      : Exposing 1 endpoint beneath base path '/actuator'
2026-06-11T18:32:22.416+02:00  INFO 21728 --- [app] [           main] o.s.t.web.servlet.TestDispatcherServlet  : Completed initialization in 2 ms
2026-06-11T18:32:22.420+02:00  INFO 21728 --- [app] [           main] o.s.m.s.b.SimpleBrokerMessageHandler     : Starting...
2026-06-11T18:32:22.420+02:00  INFO 21728 --- [app] [           main] o.s.m.s.b.SimpleBrokerMessageHandler     : BrokerAvailabilityEvent[available=true, SimpleBrokerMessageHandler [org.springframework.messaging.simp.broker.DefaultSubscriptionRegistry@28903007]]
2026-06-11T18:32:22.420+02:00  INFO 21728 --- [app] [           main] o.s.m.s.b.SimpleBrokerMessageHandler     : Started.
2026-06-11T18:32:22.422+02:00  INFO 21728 --- [app] [           main] c.e.app.ProjectWorkflowIntegrationTest   : Started ProjectWorkflowIntegrationTest in 0.24 seconds (process running for 14.321)
]]></system-out>
  </testcase>
  <testcase name="shouldRemoveMemberFromProject" classname="com.example.app.ProjectWorkflowIntegrationTest" time="0.877">
    <system-out><![CDATA[2026-06-11T18:32:22.959+02:00  INFO 21728 --- [app] [           main] o.s.m.s.b.SimpleBrokerMessageHandler     : Stopping...
2026-06-11T18:32:22.959+02:00  INFO 21728 --- [app] [           main] o.s.m.s.b.SimpleBrokerMessageHandler     : BrokerAvailabilityEvent[available=false, SimpleBrokerMessageHandler [org.springframework.messaging.simp.broker.DefaultSubscriptionRegistry@28903007]]
2026-06-11T18:32:22.959+02:00  INFO 21728 --- [app] [           main] o.s.m.s.b.SimpleBrokerMessageHandler     : Stopped.
2026-06-11T18:32:22.960+02:00  INFO 21728 --- [app] [           main] j.LocalContainerEntityManagerFactoryBean : Closing JPA EntityManagerFactory for persistence unit 'default'
2026-06-11T18:32:22.961+02:00  INFO 21728 --- [app] [           main] com.zaxxer.hikari.HikariDataSource       : HikariPool-15 - Shutdown initiated...
2026-06-11T18:32:22.961+02:00  INFO 21728 --- [app] [           main] com.zaxxer.hikari.HikariDataSource       : HikariPool-15 - Shutdown completed.
2026-06-11T18:32:22.963+02:00  INFO 21728 --- [app] [           main] o.s.b.d.r.RestartApplicationListener     : Restart disabled due to context in which it is running

  .   ____          _            __ _ _
 /\\ / ___'_ __ _ _(_)_ __  __ _ \ \ \ \
( ( )\___ | '_ | '_| | '_ \/ _` | \ \ \ \
 \\/  ___)| |_)| | | | | || (_| |  ) ) ) )
  '  |____| .__|_| |_|_| |_\__, | / / / /
 =========|_|==============|___/=/_/_/_/

 :: Spring Boot ::                (v4.0.3)

2026-06-11T18:32:22.970+02:00  INFO 21728 --- [app] [           main] c.e.app.ProjectWorkflowIntegrationTest   : Starting ProjectWorkflowIntegrationTest using Java 25.0.2 with PID 21728 (started by sebastiancnotalski in /Users/sebastiancnotalski/Desktop/Agile/projekt/projektAgile/app)
2026-06-11T18:32:22.970+02:00  INFO 21728 --- [app] [           main] c.e.app.ProjectWorkflowIntegrationTest   : The following 1 profile is active: "test"
2026-06-11T18:32:23.038+02:00  INFO 21728 --- [app] [           main] .s.d.r.c.RepositoryConfigurationDelegate : Bootstrapping Spring Data JPA repositories in DEFAULT mode.
2026-06-11T18:32:23.043+02:00  INFO 21728 --- [app] [           main] .s.d.r.c.RepositoryConfigurationDelegate : Finished Spring Data repository scanning in 4 ms. Found 5 JPA repository interfaces.
2026-06-11T18:32:23.069+02:00  INFO 21728 --- [app] [           main] org.hibernate.orm.jpa                    : HHH008540: Processing PersistenceUnitInfo [name: default]
2026-06-11T18:32:23.077+02:00  INFO 21728 --- [app] [           main] o.s.o.j.p.SpringPersistenceUnitInfo      : No LoadTimeWeaver setup: ignoring JPA class transformer
2026-06-11T18:32:23.078+02:00  INFO 21728 --- [app] [           main] com.zaxxer.hikari.HikariDataSource       : HikariPool-16 - Starting...
2026-06-11T18:32:23.078+02:00  INFO 21728 --- [app] [           main] com.zaxxer.hikari.pool.HikariPool        : HikariPool-16 - Added connection conn157: url=jdbc:h2:mem:integrationtestdb user=SA
2026-06-11T18:32:23.078+02:00  INFO 21728 --- [app] [           main] com.zaxxer.hikari.HikariDataSource       : HikariPool-16 - Start completed.
2026-06-11T18:32:23.078+02:00  WARN 21728 --- [app] [           main] org.hibernate.orm.deprecation            : HHH90000025: H2Dialect does not need to be specified explicitly using 'hibernate.dialect' (remove the property setting and it will be selected by default)
2026-06-11T18:32:23.079+02:00  INFO 21728 --- [app] [           main] org.hibernate.orm.connections.pooling    : HHH10001005: Database info:
	Database JDBC URL [jdbc:h2:mem:integrationtestdb]
	Database driver: H2 JDBC Driver
	Database dialect: H2Dialect
	Database version: 2.4.240
	Default catalog/schema: INTEGRATIONTESTDB/PUBLIC
	Autocommit mode: undefined/unknown
	Isolation level: READ_COMMITTED [default READ_COMMITTED]
	JDBC fetch size: 100
	Pool: DataSourceConnectionProvider
	Minimum pool size: undefined/unknown
	Maximum pool size: undefined/unknown
2026-06-11T18:32:23.097+02:00  INFO 21728 --- [app] [           main] org.hibernate.orm.core                   : HHH000489: No JTA platform available (set 'hibernate.transaction.jta.platform' to enable JTA platform integration)
2026-06-11T18:32:23.102+02:00  INFO 21728 --- [app] [           main] j.LocalContainerEntityManagerFactoryBean : Initialized JPA EntityManagerFactory for persistence unit 'default'
2026-06-11T18:32:23.131+02:00  WARN 21728 --- [app] [           main] JpaBaseConfiguration$JpaWebConfiguration : spring.jpa.open-in-view is enabled by default. Therefore, database queries may be performed during view rendering. Explicitly configure spring.jpa.open-in-view to disable this warning
2026-06-11T18:32:23.132+02:00  INFO 21728 --- [app] [           main] o.s.v.b.OptionalValidatorFactoryBean     : Failed to set up a Bean Validation provider: jakarta.validation.NoProviderFoundException: Unable to create a Configuration, because no Jakarta Validation provider could be found. Add a provider like Hibernate Validator (RI) to your classpath.
2026-06-11T18:32:23.141+02:00  INFO 21728 --- [app] [           main] r$InitializeUserDetailsManagerConfigurer : Global AuthenticationManager configured with UserDetailsService bean with name customUserDetailsService
2026-06-11T18:32:23.190+02:00  INFO 21728 --- [app] [           main] o.s.b.t.m.w.SpringBootMockServletContext : Initializing Spring TestDispatcherServlet ''
2026-06-11T18:32:23.190+02:00  INFO 21728 --- [app] [           main] o.s.t.web.servlet.TestDispatcherServlet  : Initializing Servlet ''
2026-06-11T18:32:23.191+02:00  INFO 21728 --- [app] [           main] o.s.b.a.e.web.EndpointLinksResolver      : Exposing 1 endpoint beneath base path '/actuator'
2026-06-11T18:32:23.193+02:00  INFO 21728 --- [app] [           main] o.s.t.web.servlet.TestDispatcherServlet  : Completed initialization in 3 ms
2026-06-11T18:32:23.197+02:00  INFO 21728 --- [app] [           main] o.s.m.s.b.SimpleBrokerMessageHandler     : Starting...
2026-06-11T18:32:23.197+02:00  INFO 21728 --- [app] [           main] o.s.m.s.b.SimpleBrokerMessageHandler     : BrokerAvailabilityEvent[available=true, SimpleBrokerMessageHandler [org.springframework.messaging.simp.broker.DefaultSubscriptionRegistry@3520833a]]
2026-06-11T18:32:23.197+02:00  INFO 21728 --- [app] [           main] o.s.m.s.b.SimpleBrokerMessageHandler     : Started.
2026-06-11T18:32:23.200+02:00  INFO 21728 --- [app] [           main] c.e.app.ProjectWorkflowIntegrationTest   : Started ProjectWorkflowIntegrationTest in 0.237 seconds (process running for 15.099)
]]></system-out>
  </testcase>
  <testcase name="shouldGetUserListAndThenUserDetails" classname="com.example.app.ProjectWorkflowIntegrationTest" time="0.77">
    <system-out><![CDATA[2026-06-11T18:32:23.837+02:00  INFO 21728 --- [app] [           main] o.s.m.s.b.SimpleBrokerMessageHandler     : Stopping...
2026-06-11T18:32:23.837+02:00  INFO 21728 --- [app] [           main] o.s.m.s.b.SimpleBrokerMessageHandler     : BrokerAvailabilityEvent[available=false, SimpleBrokerMessageHandler [org.springframework.messaging.simp.broker.DefaultSubscriptionRegistry@3520833a]]
2026-06-11T18:32:23.837+02:00  INFO 21728 --- [app] [           main] o.s.m.s.b.SimpleBrokerMessageHandler     : Stopped.
2026-06-11T18:32:23.838+02:00  INFO 21728 --- [app] [           main] j.LocalContainerEntityManagerFactoryBean : Closing JPA EntityManagerFactory for persistence unit 'default'
2026-06-11T18:32:23.839+02:00  INFO 21728 --- [app] [           main] com.zaxxer.hikari.HikariDataSource       : HikariPool-16 - Shutdown initiated...
2026-06-11T18:32:23.840+02:00  INFO 21728 --- [app] [           main] com.zaxxer.hikari.HikariDataSource       : HikariPool-16 - Shutdown completed.
2026-06-11T18:32:23.841+02:00  INFO 21728 --- [app] [           main] o.s.b.d.r.RestartApplicationListener     : Restart disabled due to context in which it is running

  .   ____          _            __ _ _
 /\\ / ___'_ __ _ _(_)_ __  __ _ \ \ \ \
( ( )\___ | '_ | '_| | '_ \/ _` | \ \ \ \
 \\/  ___)| |_)| | | | | || (_| |  ) ) ) )
  '  |____| .__|_| |_|_| |_\__, | / / / /
 =========|_|==============|___/=/_/_/_/

 :: Spring Boot ::                (v4.0.3)

2026-06-11T18:32:23.849+02:00  INFO 21728 --- [app] [           main] c.e.app.ProjectWorkflowIntegrationTest   : Starting ProjectWorkflowIntegrationTest using Java 25.0.2 with PID 21728 (started by sebastiancnotalski in /Users/sebastiancnotalski/Desktop/Agile/projekt/projektAgile/app)
2026-06-11T18:32:23.849+02:00  INFO 21728 --- [app] [           main] c.e.app.ProjectWorkflowIntegrationTest   : The following 1 profile is active: "test"
2026-06-11T18:32:23.924+02:00  INFO 21728 --- [app] [           main] .s.d.r.c.RepositoryConfigurationDelegate : Bootstrapping Spring Data JPA repositories in DEFAULT mode.
2026-06-11T18:32:23.929+02:00  INFO 21728 --- [app] [           main] .s.d.r.c.RepositoryConfigurationDelegate : Finished Spring Data repository scanning in 4 ms. Found 5 JPA repository interfaces.
2026-06-11T18:32:23.956+02:00  INFO 21728 --- [app] [           main] org.hibernate.orm.jpa                    : HHH008540: Processing PersistenceUnitInfo [name: default]
2026-06-11T18:32:23.965+02:00  INFO 21728 --- [app] [           main] o.s.o.j.p.SpringPersistenceUnitInfo      : No LoadTimeWeaver setup: ignoring JPA class transformer
2026-06-11T18:32:23.966+02:00  INFO 21728 --- [app] [           main] com.zaxxer.hikari.HikariDataSource       : HikariPool-17 - Starting...
2026-06-11T18:32:23.966+02:00  INFO 21728 --- [app] [           main] com.zaxxer.hikari.pool.HikariPool        : HikariPool-17 - Added connection conn167: url=jdbc:h2:mem:integrationtestdb user=SA
2026-06-11T18:32:23.966+02:00  INFO 21728 --- [app] [           main] com.zaxxer.hikari.HikariDataSource       : HikariPool-17 - Start completed.
2026-06-11T18:32:23.966+02:00  WARN 21728 --- [app] [           main] org.hibernate.orm.deprecation            : HHH90000025: H2Dialect does not need to be specified explicitly using 'hibernate.dialect' (remove the property setting and it will be selected by default)
2026-06-11T18:32:23.966+02:00  INFO 21728 --- [app] [           main] org.hibernate.orm.connections.pooling    : HHH10001005: Database info:
	Database JDBC URL [jdbc:h2:mem:integrationtestdb]
	Database driver: H2 JDBC Driver
	Database dialect: H2Dialect
	Database version: 2.4.240
	Default catalog/schema: INTEGRATIONTESTDB/PUBLIC
	Autocommit mode: undefined/unknown
	Isolation level: READ_COMMITTED [default READ_COMMITTED]
	JDBC fetch size: 100
	Pool: DataSourceConnectionProvider
	Minimum pool size: undefined/unknown
	Maximum pool size: undefined/unknown
2026-06-11T18:32:23.985+02:00  INFO 21728 --- [app] [           main] org.hibernate.orm.core                   : HHH000489: No JTA platform available (set 'hibernate.transaction.jta.platform' to enable JTA platform integration)
2026-06-11T18:32:23.990+02:00  INFO 21728 --- [app] [           main] j.LocalContainerEntityManagerFactoryBean : Initialized JPA EntityManagerFactory for persistence unit 'default'
2026-06-11T18:32:24.019+02:00  WARN 21728 --- [app] [           main] JpaBaseConfiguration$JpaWebConfiguration : spring.jpa.open-in-view is enabled by default. Therefore, database queries may be performed during view rendering. Explicitly configure spring.jpa.open-in-view to disable this warning
2026-06-11T18:32:24.020+02:00  INFO 21728 --- [app] [           main] o.s.v.b.OptionalValidatorFactoryBean     : Failed to set up a Bean Validation provider: jakarta.validation.NoProviderFoundException: Unable to create a Configuration, because no Jakarta Validation provider could be found. Add a provider like Hibernate Validator (RI) to your classpath.
2026-06-11T18:32:24.031+02:00  INFO 21728 --- [app] [           main] r$InitializeUserDetailsManagerConfigurer : Global AuthenticationManager configured with UserDetailsService bean with name customUserDetailsService
2026-06-11T18:32:24.078+02:00  INFO 21728 --- [app] [           main] o.s.b.t.m.w.SpringBootMockServletContext : Initializing Spring TestDispatcherServlet ''
2026-06-11T18:32:24.079+02:00  INFO 21728 --- [app] [           main] o.s.t.web.servlet.TestDispatcherServlet  : Initializing Servlet ''
2026-06-11T18:32:24.079+02:00  INFO 21728 --- [app] [           main] o.s.b.a.e.web.EndpointLinksResolver      : Exposing 1 endpoint beneath base path '/actuator'
2026-06-11T18:32:24.081+02:00  INFO 21728 --- [app] [           main] o.s.t.web.servlet.TestDispatcherServlet  : Completed initialization in 2 ms
2026-06-11T18:32:24.085+02:00  INFO 21728 --- [app] [           main] o.s.m.s.b.SimpleBrokerMessageHandler     : Starting...
2026-06-11T18:32:24.085+02:00  INFO 21728 --- [app] [           main] o.s.m.s.b.SimpleBrokerMessageHandler     : BrokerAvailabilityEvent[available=true, SimpleBrokerMessageHandler [org.springframework.messaging.simp.broker.DefaultSubscriptionRegistry@4afc4b77]]
2026-06-11T18:32:24.085+02:00  INFO 21728 --- [app] [           main] o.s.m.s.b.SimpleBrokerMessageHandler     : Started.
2026-06-11T18:32:24.086+02:00  INFO 21728 --- [app] [           main] c.e.app.ProjectWorkflowIntegrationTest   : Started ProjectWorkflowIntegrationTest in 0.245 seconds (process running for 15.986)
]]></system-out>
  </testcase>
  <testcase name="shouldListAllProjectsAfterCreation" classname="com.example.app.ProjectWorkflowIntegrationTest" time="0.896">
    <system-out><![CDATA[2026-06-11T18:32:24.609+02:00  INFO 21728 --- [app] [           main] o.s.m.s.b.SimpleBrokerMessageHandler     : Stopping...
2026-06-11T18:32:24.609+02:00  INFO 21728 --- [app] [           main] o.s.m.s.b.SimpleBrokerMessageHandler     : BrokerAvailabilityEvent[available=false, SimpleBrokerMessageHandler [org.springframework.messaging.simp.broker.DefaultSubscriptionRegistry@4afc4b77]]
2026-06-11T18:32:24.609+02:00  INFO 21728 --- [app] [           main] o.s.m.s.b.SimpleBrokerMessageHandler     : Stopped.
2026-06-11T18:32:24.610+02:00  INFO 21728 --- [app] [           main] j.LocalContainerEntityManagerFactoryBean : Closing JPA EntityManagerFactory for persistence unit 'default'
2026-06-11T18:32:24.611+02:00  INFO 21728 --- [app] [           main] com.zaxxer.hikari.HikariDataSource       : HikariPool-17 - Shutdown initiated...
2026-06-11T18:32:24.611+02:00  INFO 21728 --- [app] [           main] com.zaxxer.hikari.HikariDataSource       : HikariPool-17 - Shutdown completed.
2026-06-11T18:32:24.613+02:00  INFO 21728 --- [app] [           main] o.s.b.d.r.RestartApplicationListener     : Restart disabled due to context in which it is running

  .   ____          _            __ _ _
 /\\ / ___'_ __ _ _(_)_ __  __ _ \ \ \ \
( ( )\___ | '_ | '_| | '_ \/ _` | \ \ \ \
 \\/  ___)| |_)| | | | | || (_| |  ) ) ) )
  '  |____| .__|_| |_|_| |_\__, | / / / /
 =========|_|==============|___/=/_/_/_/

 :: Spring Boot ::                (v4.0.3)

2026-06-11T18:32:24.620+02:00  INFO 21728 --- [app] [           main] c.e.app.ProjectWorkflowIntegrationTest   : Starting ProjectWorkflowIntegrationTest using Java 25.0.2 with PID 21728 (started by sebastiancnotalski in /Users/sebastiancnotalski/Desktop/Agile/projekt/projektAgile/app)
2026-06-11T18:32:24.620+02:00  INFO 21728 --- [app] [           main] c.e.app.ProjectWorkflowIntegrationTest   : The following 1 profile is active: "test"
2026-06-11T18:32:24.702+02:00  INFO 21728 --- [app] [           main] .s.d.r.c.RepositoryConfigurationDelegate : Bootstrapping Spring Data JPA repositories in DEFAULT mode.
2026-06-11T18:32:24.709+02:00  INFO 21728 --- [app] [           main] .s.d.r.c.RepositoryConfigurationDelegate : Finished Spring Data repository scanning in 5 ms. Found 5 JPA repository interfaces.
2026-06-11T18:32:24.748+02:00  INFO 21728 --- [app] [           main] org.hibernate.orm.jpa                    : HHH008540: Processing PersistenceUnitInfo [name: default]
2026-06-11T18:32:24.757+02:00  INFO 21728 --- [app] [           main] o.s.o.j.p.SpringPersistenceUnitInfo      : No LoadTimeWeaver setup: ignoring JPA class transformer
2026-06-11T18:32:24.757+02:00  INFO 21728 --- [app] [           main] com.zaxxer.hikari.HikariDataSource       : HikariPool-18 - Starting...
2026-06-11T18:32:24.758+02:00  INFO 21728 --- [app] [           main] com.zaxxer.hikari.pool.HikariPool        : HikariPool-18 - Added connection conn177: url=jdbc:h2:mem:integrationtestdb user=SA
2026-06-11T18:32:24.758+02:00  INFO 21728 --- [app] [           main] com.zaxxer.hikari.HikariDataSource       : HikariPool-18 - Start completed.
2026-06-11T18:32:24.758+02:00  WARN 21728 --- [app] [           main] org.hibernate.orm.deprecation            : HHH90000025: H2Dialect does not need to be specified explicitly using 'hibernate.dialect' (remove the property setting and it will be selected by default)
2026-06-11T18:32:24.758+02:00  INFO 21728 --- [app] [           main] org.hibernate.orm.connections.pooling    : HHH10001005: Database info:
	Database JDBC URL [jdbc:h2:mem:integrationtestdb]
	Database driver: H2 JDBC Driver
	Database dialect: H2Dialect
	Database version: 2.4.240
	Default catalog/schema: INTEGRATIONTESTDB/PUBLIC
	Autocommit mode: undefined/unknown
	Isolation level: READ_COMMITTED [default READ_COMMITTED]
	JDBC fetch size: 100
	Pool: DataSourceConnectionProvider
	Minimum pool size: undefined/unknown
	Maximum pool size: undefined/unknown
2026-06-11T18:32:24.778+02:00  INFO 21728 --- [app] [           main] org.hibernate.orm.core                   : HHH000489: No JTA platform available (set 'hibernate.transaction.jta.platform' to enable JTA platform integration)
2026-06-11T18:32:24.783+02:00  INFO 21728 --- [app] [           main] j.LocalContainerEntityManagerFactoryBean : Initialized JPA EntityManagerFactory for persistence unit 'default'
2026-06-11T18:32:24.813+02:00  WARN 21728 --- [app] [           main] JpaBaseConfiguration$JpaWebConfiguration : spring.jpa.open-in-view is enabled by default. Therefore, database queries may be performed during view rendering. Explicitly configure spring.jpa.open-in-view to disable this warning
2026-06-11T18:32:24.814+02:00  INFO 21728 --- [app] [           main] o.s.v.b.OptionalValidatorFactoryBean     : Failed to set up a Bean Validation provider: jakarta.validation.NoProviderFoundException: Unable to create a Configuration, because no Jakarta Validation provider could be found. Add a provider like Hibernate Validator (RI) to your classpath.
2026-06-11T18:32:24.824+02:00  INFO 21728 --- [app] [           main] r$InitializeUserDetailsManagerConfigurer : Global AuthenticationManager configured with UserDetailsService bean with name customUserDetailsService
2026-06-11T18:32:24.873+02:00  INFO 21728 --- [app] [           main] o.s.b.t.m.w.SpringBootMockServletContext : Initializing Spring TestDispatcherServlet ''
2026-06-11T18:32:24.873+02:00  INFO 21728 --- [app] [           main] o.s.t.web.servlet.TestDispatcherServlet  : Initializing Servlet ''
2026-06-11T18:32:24.874+02:00  INFO 21728 --- [app] [           main] o.s.b.a.e.web.EndpointLinksResolver      : Exposing 1 endpoint beneath base path '/actuator'
2026-06-11T18:32:24.875+02:00  INFO 21728 --- [app] [           main] o.s.t.web.servlet.TestDispatcherServlet  : Completed initialization in 2 ms
2026-06-11T18:32:24.880+02:00  INFO 21728 --- [app] [           main] o.s.m.s.b.SimpleBrokerMessageHandler     : Starting...
2026-06-11T18:32:24.880+02:00  INFO 21728 --- [app] [           main] o.s.m.s.b.SimpleBrokerMessageHandler     : BrokerAvailabilityEvent[available=true, SimpleBrokerMessageHandler [org.springframework.messaging.simp.broker.DefaultSubscriptionRegistry@5a9b51ad]]
2026-06-11T18:32:24.880+02:00  INFO 21728 --- [app] [           main] o.s.m.s.b.SimpleBrokerMessageHandler     : Started.
2026-06-11T18:32:24.882+02:00  INFO 21728 --- [app] [           main] c.e.app.ProjectWorkflowIntegrationTest   : Started ProjectWorkflowIntegrationTest in 0.27 seconds (process running for 16.781)
]]></system-out>
  </testcase>
  <testcase name="shouldAddMemberToProjectAndVerify" classname="com.example.app.ProjectWorkflowIntegrationTest" time="0.876">
    <system-out><![CDATA[2026-06-11T18:32:25.505+02:00  INFO 21728 --- [app] [           main] o.s.m.s.b.SimpleBrokerMessageHandler     : Stopping...
2026-06-11T18:32:25.505+02:00  INFO 21728 --- [app] [           main] o.s.m.s.b.SimpleBrokerMessageHandler     : BrokerAvailabilityEvent[available=false, SimpleBrokerMessageHandler [org.springframework.messaging.simp.broker.DefaultSubscriptionRegistry@5a9b51ad]]
2026-06-11T18:32:25.505+02:00  INFO 21728 --- [app] [           main] o.s.m.s.b.SimpleBrokerMessageHandler     : Stopped.
2026-06-11T18:32:25.506+02:00  INFO 21728 --- [app] [           main] j.LocalContainerEntityManagerFactoryBean : Closing JPA EntityManagerFactory for persistence unit 'default'
2026-06-11T18:32:25.507+02:00  INFO 21728 --- [app] [           main] com.zaxxer.hikari.HikariDataSource       : HikariPool-18 - Shutdown initiated...
2026-06-11T18:32:25.508+02:00  INFO 21728 --- [app] [           main] com.zaxxer.hikari.HikariDataSource       : HikariPool-18 - Shutdown completed.
2026-06-11T18:32:25.509+02:00  INFO 21728 --- [app] [           main] o.s.b.d.r.RestartApplicationListener     : Restart disabled due to context in which it is running

  .   ____          _            __ _ _
 /\\ / ___'_ __ _ _(_)_ __  __ _ \ \ \ \
( ( )\___ | '_ | '_| | '_ \/ _` | \ \ \ \
 \\/  ___)| |_)| | | | | || (_| |  ) ) ) )
  '  |____| .__|_| |_|_| |_\__, | / / / /
 =========|_|==============|___/=/_/_/_/

 :: Spring Boot ::                (v4.0.3)

2026-06-11T18:32:25.516+02:00  INFO 21728 --- [app] [           main] c.e.app.ProjectWorkflowIntegrationTest   : Starting ProjectWorkflowIntegrationTest using Java 25.0.2 with PID 21728 (started by sebastiancnotalski in /Users/sebastiancnotalski/Desktop/Agile/projekt/projektAgile/app)
2026-06-11T18:32:25.516+02:00  INFO 21728 --- [app] [           main] c.e.app.ProjectWorkflowIntegrationTest   : The following 1 profile is active: "test"
2026-06-11T18:32:25.592+02:00  INFO 21728 --- [app] [           main] .s.d.r.c.RepositoryConfigurationDelegate : Bootstrapping Spring Data JPA repositories in DEFAULT mode.
2026-06-11T18:32:25.597+02:00  INFO 21728 --- [app] [           main] .s.d.r.c.RepositoryConfigurationDelegate : Finished Spring Data repository scanning in 4 ms. Found 5 JPA repository interfaces.
2026-06-11T18:32:25.623+02:00  INFO 21728 --- [app] [           main] org.hibernate.orm.jpa                    : HHH008540: Processing PersistenceUnitInfo [name: default]
2026-06-11T18:32:25.632+02:00  INFO 21728 --- [app] [           main] o.s.o.j.p.SpringPersistenceUnitInfo      : No LoadTimeWeaver setup: ignoring JPA class transformer
2026-06-11T18:32:25.633+02:00  INFO 21728 --- [app] [           main] com.zaxxer.hikari.HikariDataSource       : HikariPool-19 - Starting...
2026-06-11T18:32:25.633+02:00  INFO 21728 --- [app] [           main] com.zaxxer.hikari.pool.HikariPool        : HikariPool-19 - Added connection conn187: url=jdbc:h2:mem:integrationtestdb user=SA
2026-06-11T18:32:25.633+02:00  INFO 21728 --- [app] [           main] com.zaxxer.hikari.HikariDataSource       : HikariPool-19 - Start completed.
2026-06-11T18:32:25.634+02:00  WARN 21728 --- [app] [           main] org.hibernate.orm.deprecation            : HHH90000025: H2Dialect does not need to be specified explicitly using 'hibernate.dialect' (remove the property setting and it will be selected by default)
2026-06-11T18:32:25.634+02:00  INFO 21728 --- [app] [           main] org.hibernate.orm.connections.pooling    : HHH10001005: Database info:
	Database JDBC URL [jdbc:h2:mem:integrationtestdb]
	Database driver: H2 JDBC Driver
	Database dialect: H2Dialect
	Database version: 2.4.240
	Default catalog/schema: INTEGRATIONTESTDB/PUBLIC
	Autocommit mode: undefined/unknown
	Isolation level: READ_COMMITTED [default READ_COMMITTED]
	JDBC fetch size: 100
	Pool: DataSourceConnectionProvider
	Minimum pool size: undefined/unknown
	Maximum pool size: undefined/unknown
2026-06-11T18:32:25.651+02:00  INFO 21728 --- [app] [           main] org.hibernate.orm.core                   : HHH000489: No JTA platform available (set 'hibernate.transaction.jta.platform' to enable JTA platform integration)
2026-06-11T18:32:25.656+02:00  INFO 21728 --- [app] [           main] j.LocalContainerEntityManagerFactoryBean : Initialized JPA EntityManagerFactory for persistence unit 'default'
2026-06-11T18:32:25.685+02:00  WARN 21728 --- [app] [           main] JpaBaseConfiguration$JpaWebConfiguration : spring.jpa.open-in-view is enabled by default. Therefore, database queries may be performed during view rendering. Explicitly configure spring.jpa.open-in-view to disable this warning
2026-06-11T18:32:25.686+02:00  INFO 21728 --- [app] [           main] o.s.v.b.OptionalValidatorFactoryBean     : Failed to set up a Bean Validation provider: jakarta.validation.NoProviderFoundException: Unable to create a Configuration, because no Jakarta Validation provider could be found. Add a provider like Hibernate Validator (RI) to your classpath.
2026-06-11T18:32:25.696+02:00  INFO 21728 --- [app] [           main] r$InitializeUserDetailsManagerConfigurer : Global AuthenticationManager configured with UserDetailsService bean with name customUserDetailsService
2026-06-11T18:32:25.744+02:00  INFO 21728 --- [app] [           main] o.s.b.t.m.w.SpringBootMockServletContext : Initializing Spring TestDispatcherServlet ''
2026-06-11T18:32:25.744+02:00  INFO 21728 --- [app] [           main] o.s.t.web.servlet.TestDispatcherServlet  : Initializing Servlet ''
2026-06-11T18:32:25.745+02:00  INFO 21728 --- [app] [           main] o.s.b.a.e.web.EndpointLinksResolver      : Exposing 1 endpoint beneath base path '/actuator'
2026-06-11T18:32:25.747+02:00  INFO 21728 --- [app] [           main] o.s.t.web.servlet.TestDispatcherServlet  : Completed initialization in 3 ms
2026-06-11T18:32:25.751+02:00  INFO 21728 --- [app] [           main] o.s.m.s.b.SimpleBrokerMessageHandler     : Starting...
2026-06-11T18:32:25.751+02:00  INFO 21728 --- [app] [           main] o.s.m.s.b.SimpleBrokerMessageHandler     : BrokerAvailabilityEvent[available=true, SimpleBrokerMessageHandler [org.springframework.messaging.simp.broker.DefaultSubscriptionRegistry@3079a641]]
2026-06-11T18:32:25.751+02:00  INFO 21728 --- [app] [           main] o.s.m.s.b.SimpleBrokerMessageHandler     : Started.
2026-06-11T18:32:25.753+02:00  INFO 21728 --- [app] [           main] c.e.app.ProjectWorkflowIntegrationTest   : Started ProjectWorkflowIntegrationTest in 0.244 seconds (process running for 17.653)
]]></system-out>
  </testcase>
  <testcase name="shouldUpdateProjectNameAndVerify" classname="com.example.app.ProjectWorkflowIntegrationTest" time="0.866">
    <system-out><![CDATA[2026-06-11T18:32:26.381+02:00  INFO 21728 --- [app] [           main] o.s.m.s.b.SimpleBrokerMessageHandler     : Stopping...
2026-06-11T18:32:26.381+02:00  INFO 21728 --- [app] [           main] o.s.m.s.b.SimpleBrokerMessageHandler     : BrokerAvailabilityEvent[available=false, SimpleBrokerMessageHandler [org.springframework.messaging.simp.broker.DefaultSubscriptionRegistry@3079a641]]
2026-06-11T18:32:26.381+02:00  INFO 21728 --- [app] [           main] o.s.m.s.b.SimpleBrokerMessageHandler     : Stopped.
2026-06-11T18:32:26.382+02:00  INFO 21728 --- [app] [           main] j.LocalContainerEntityManagerFactoryBean : Closing JPA EntityManagerFactory for persistence unit 'default'
2026-06-11T18:32:26.383+02:00  INFO 21728 --- [app] [           main] com.zaxxer.hikari.HikariDataSource       : HikariPool-19 - Shutdown initiated...
2026-06-11T18:32:26.383+02:00  INFO 21728 --- [app] [           main] com.zaxxer.hikari.HikariDataSource       : HikariPool-19 - Shutdown completed.
2026-06-11T18:32:26.384+02:00  INFO 21728 --- [app] [           main] o.s.b.d.r.RestartApplicationListener     : Restart disabled due to context in which it is running

  .   ____          _            __ _ _
 /\\ / ___'_ __ _ _(_)_ __  __ _ \ \ \ \
( ( )\___ | '_ | '_| | '_ \/ _` | \ \ \ \
 \\/  ___)| |_)| | | | | || (_| |  ) ) ) )
  '  |____| .__|_| |_|_| |_\__, | / / / /
 =========|_|==============|___/=/_/_/_/

 :: Spring Boot ::                (v4.0.3)

2026-06-11T18:32:26.392+02:00  INFO 21728 --- [app] [           main] c.e.app.ProjectWorkflowIntegrationTest   : Starting ProjectWorkflowIntegrationTest using Java 25.0.2 with PID 21728 (started by sebastiancnotalski in /Users/sebastiancnotalski/Desktop/Agile/projekt/projektAgile/app)
2026-06-11T18:32:26.392+02:00  INFO 21728 --- [app] [           main] c.e.app.ProjectWorkflowIntegrationTest   : The following 1 profile is active: "test"
2026-06-11T18:32:26.468+02:00  INFO 21728 --- [app] [           main] .s.d.r.c.RepositoryConfigurationDelegate : Bootstrapping Spring Data JPA repositories in DEFAULT mode.
2026-06-11T18:32:26.473+02:00  INFO 21728 --- [app] [           main] .s.d.r.c.RepositoryConfigurationDelegate : Finished Spring Data repository scanning in 4 ms. Found 5 JPA repository interfaces.
2026-06-11T18:32:26.499+02:00  INFO 21728 --- [app] [           main] org.hibernate.orm.jpa                    : HHH008540: Processing PersistenceUnitInfo [name: default]
2026-06-11T18:32:26.507+02:00  INFO 21728 --- [app] [           main] o.s.o.j.p.SpringPersistenceUnitInfo      : No LoadTimeWeaver setup: ignoring JPA class transformer
2026-06-11T18:32:26.507+02:00  INFO 21728 --- [app] [           main] com.zaxxer.hikari.HikariDataSource       : HikariPool-20 - Starting...
2026-06-11T18:32:26.508+02:00  INFO 21728 --- [app] [           main] com.zaxxer.hikari.pool.HikariPool        : HikariPool-20 - Added connection conn197: url=jdbc:h2:mem:integrationtestdb user=SA
2026-06-11T18:32:26.508+02:00  INFO 21728 --- [app] [           main] com.zaxxer.hikari.HikariDataSource       : HikariPool-20 - Start completed.
2026-06-11T18:32:26.508+02:00  WARN 21728 --- [app] [           main] org.hibernate.orm.deprecation            : HHH90000025: H2Dialect does not need to be specified explicitly using 'hibernate.dialect' (remove the property setting and it will be selected by default)
2026-06-11T18:32:26.509+02:00  INFO 21728 --- [app] [           main] org.hibernate.orm.connections.pooling    : HHH10001005: Database info:
	Database JDBC URL [jdbc:h2:mem:integrationtestdb]
	Database driver: H2 JDBC Driver
	Database dialect: H2Dialect
	Database version: 2.4.240
	Default catalog/schema: INTEGRATIONTESTDB/PUBLIC
	Autocommit mode: undefined/unknown
	Isolation level: READ_COMMITTED [default READ_COMMITTED]
	JDBC fetch size: 100
	Pool: DataSourceConnectionProvider
	Minimum pool size: undefined/unknown
	Maximum pool size: undefined/unknown
2026-06-11T18:32:26.526+02:00  INFO 21728 --- [app] [           main] org.hibernate.orm.core                   : HHH000489: No JTA platform available (set 'hibernate.transaction.jta.platform' to enable JTA platform integration)
2026-06-11T18:32:26.530+02:00  INFO 21728 --- [app] [           main] j.LocalContainerEntityManagerFactoryBean : Initialized JPA EntityManagerFactory for persistence unit 'default'
2026-06-11T18:32:26.556+02:00  WARN 21728 --- [app] [           main] JpaBaseConfiguration$JpaWebConfiguration : spring.jpa.open-in-view is enabled by default. Therefore, database queries may be performed during view rendering. Explicitly configure spring.jpa.open-in-view to disable this warning
2026-06-11T18:32:26.558+02:00  INFO 21728 --- [app] [           main] o.s.v.b.OptionalValidatorFactoryBean     : Failed to set up a Bean Validation provider: jakarta.validation.NoProviderFoundException: Unable to create a Configuration, because no Jakarta Validation provider could be found. Add a provider like Hibernate Validator (RI) to your classpath.
2026-06-11T18:32:26.567+02:00  INFO 21728 --- [app] [           main] r$InitializeUserDetailsManagerConfigurer : Global AuthenticationManager configured with UserDetailsService bean with name customUserDetailsService
2026-06-11T18:32:26.615+02:00  INFO 21728 --- [app] [           main] o.s.b.t.m.w.SpringBootMockServletContext : Initializing Spring TestDispatcherServlet ''
2026-06-11T18:32:26.615+02:00  INFO 21728 --- [app] [           main] o.s.t.web.servlet.TestDispatcherServlet  : Initializing Servlet ''
2026-06-11T18:32:26.615+02:00  INFO 21728 --- [app] [           main] o.s.b.a.e.web.EndpointLinksResolver      : Exposing 1 endpoint beneath base path '/actuator'
2026-06-11T18:32:26.617+02:00  INFO 21728 --- [app] [           main] o.s.t.web.servlet.TestDispatcherServlet  : Completed initialization in 2 ms
2026-06-11T18:32:26.621+02:00  INFO 21728 --- [app] [           main] o.s.m.s.b.SimpleBrokerMessageHandler     : Starting...
2026-06-11T18:32:26.621+02:00  INFO 21728 --- [app] [           main] o.s.m.s.b.SimpleBrokerMessageHandler     : BrokerAvailabilityEvent[available=true, SimpleBrokerMessageHandler [org.springframework.messaging.simp.broker.DefaultSubscriptionRegistry@72e8c2a8]]
2026-06-11T18:32:26.621+02:00  INFO 21728 --- [app] [           main] o.s.m.s.b.SimpleBrokerMessageHandler     : Started.
2026-06-11T18:32:26.623+02:00  INFO 21728 --- [app] [           main] c.e.app.ProjectWorkflowIntegrationTest   : Started ProjectWorkflowIntegrationTest in 0.239 seconds (process running for 18.522)
]]></system-out>
  </testcase>
  <testcase name="shouldSimulateFullAgileSprint" classname="com.example.app.ProjectWorkflowIntegrationTest" time="1.615">
    <system-out><![CDATA[2026-06-11T18:32:27.247+02:00  INFO 21728 --- [app] [           main] o.s.m.s.b.SimpleBrokerMessageHandler     : Stopping...
2026-06-11T18:32:27.247+02:00  INFO 21728 --- [app] [           main] o.s.m.s.b.SimpleBrokerMessageHandler     : BrokerAvailabilityEvent[available=false, SimpleBrokerMessageHandler [org.springframework.messaging.simp.broker.DefaultSubscriptionRegistry@72e8c2a8]]
2026-06-11T18:32:27.247+02:00  INFO 21728 --- [app] [           main] o.s.m.s.b.SimpleBrokerMessageHandler     : Stopped.
2026-06-11T18:32:27.248+02:00  INFO 21728 --- [app] [           main] j.LocalContainerEntityManagerFactoryBean : Closing JPA EntityManagerFactory for persistence unit 'default'
2026-06-11T18:32:27.249+02:00  INFO 21728 --- [app] [           main] com.zaxxer.hikari.HikariDataSource       : HikariPool-20 - Shutdown initiated...
2026-06-11T18:32:27.249+02:00  INFO 21728 --- [app] [           main] com.zaxxer.hikari.HikariDataSource       : HikariPool-20 - Shutdown completed.
2026-06-11T18:32:27.250+02:00  INFO 21728 --- [app] [           main] o.s.b.d.r.RestartApplicationListener     : Restart disabled due to context in which it is running

  .   ____          _            __ _ _
 /\\ / ___'_ __ _ _(_)_ __  __ _ \ \ \ \
( ( )\___ | '_ | '_| | '_ \/ _` | \ \ \ \
 \\/  ___)| |_)| | | | | || (_| |  ) ) ) )
  '  |____| .__|_| |_|_| |_\__, | / / / /
 =========|_|==============|___/=/_/_/_/

 :: Spring Boot ::                (v4.0.3)

2026-06-11T18:32:27.257+02:00  INFO 21728 --- [app] [           main] c.e.app.ProjectWorkflowIntegrationTest   : Starting ProjectWorkflowIntegrationTest using Java 25.0.2 with PID 21728 (started by sebastiancnotalski in /Users/sebastiancnotalski/Desktop/Agile/projekt/projektAgile/app)
2026-06-11T18:32:27.257+02:00  INFO 21728 --- [app] [           main] c.e.app.ProjectWorkflowIntegrationTest   : The following 1 profile is active: "test"
2026-06-11T18:32:27.331+02:00  INFO 21728 --- [app] [           main] .s.d.r.c.RepositoryConfigurationDelegate : Bootstrapping Spring Data JPA repositories in DEFAULT mode.
2026-06-11T18:32:27.336+02:00  INFO 21728 --- [app] [           main] .s.d.r.c.RepositoryConfigurationDelegate : Finished Spring Data repository scanning in 4 ms. Found 5 JPA repository interfaces.
2026-06-11T18:32:27.360+02:00  INFO 21728 --- [app] [           main] org.hibernate.orm.jpa                    : HHH008540: Processing PersistenceUnitInfo [name: default]
2026-06-11T18:32:27.369+02:00  INFO 21728 --- [app] [           main] o.s.o.j.p.SpringPersistenceUnitInfo      : No LoadTimeWeaver setup: ignoring JPA class transformer
2026-06-11T18:32:27.369+02:00  INFO 21728 --- [app] [           main] com.zaxxer.hikari.HikariDataSource       : HikariPool-21 - Starting...
2026-06-11T18:32:27.369+02:00  INFO 21728 --- [app] [           main] com.zaxxer.hikari.pool.HikariPool        : HikariPool-21 - Added connection conn207: url=jdbc:h2:mem:integrationtestdb user=SA
2026-06-11T18:32:27.369+02:00  INFO 21728 --- [app] [           main] com.zaxxer.hikari.HikariDataSource       : HikariPool-21 - Start completed.
2026-06-11T18:32:27.370+02:00  WARN 21728 --- [app] [           main] org.hibernate.orm.deprecation            : HHH90000025: H2Dialect does not need to be specified explicitly using 'hibernate.dialect' (remove the property setting and it will be selected by default)
2026-06-11T18:32:27.370+02:00  INFO 21728 --- [app] [           main] org.hibernate.orm.connections.pooling    : HHH10001005: Database info:
	Database JDBC URL [jdbc:h2:mem:integrationtestdb]
	Database driver: H2 JDBC Driver
	Database dialect: H2Dialect
	Database version: 2.4.240
	Default catalog/schema: INTEGRATIONTESTDB/PUBLIC
	Autocommit mode: undefined/unknown
	Isolation level: READ_COMMITTED [default READ_COMMITTED]
	JDBC fetch size: 100
	Pool: DataSourceConnectionProvider
	Minimum pool size: undefined/unknown
	Maximum pool size: undefined/unknown
2026-06-11T18:32:27.388+02:00  INFO 21728 --- [app] [           main] org.hibernate.orm.core                   : HHH000489: No JTA platform available (set 'hibernate.transaction.jta.platform' to enable JTA platform integration)
2026-06-11T18:32:27.393+02:00  INFO 21728 --- [app] [           main] j.LocalContainerEntityManagerFactoryBean : Initialized JPA EntityManagerFactory for persistence unit 'default'
2026-06-11T18:32:27.422+02:00  WARN 21728 --- [app] [           main] JpaBaseConfiguration$JpaWebConfiguration : spring.jpa.open-in-view is enabled by default. Therefore, database queries may be performed during view rendering. Explicitly configure spring.jpa.open-in-view to disable this warning
2026-06-11T18:32:27.424+02:00  INFO 21728 --- [app] [           main] o.s.v.b.OptionalValidatorFactoryBean     : Failed to set up a Bean Validation provider: jakarta.validation.NoProviderFoundException: Unable to create a Configuration, because no Jakarta Validation provider could be found. Add a provider like Hibernate Validator (RI) to your classpath.
2026-06-11T18:32:27.433+02:00  INFO 21728 --- [app] [           main] r$InitializeUserDetailsManagerConfigurer : Global AuthenticationManager configured with UserDetailsService bean with name customUserDetailsService
2026-06-11T18:32:27.477+02:00  INFO 21728 --- [app] [           main] o.s.b.t.m.w.SpringBootMockServletContext : Initializing Spring TestDispatcherServlet ''
2026-06-11T18:32:27.478+02:00  INFO 21728 --- [app] [           main] o.s.t.web.servlet.TestDispatcherServlet  : Initializing Servlet ''
2026-06-11T18:32:27.478+02:00  INFO 21728 --- [app] [           main] o.s.b.a.e.web.EndpointLinksResolver      : Exposing 1 endpoint beneath base path '/actuator'
2026-06-11T18:32:27.479+02:00  INFO 21728 --- [app] [           main] o.s.t.web.servlet.TestDispatcherServlet  : Completed initialization in 1 ms
2026-06-11T18:32:27.484+02:00  INFO 21728 --- [app] [           main] o.s.m.s.b.SimpleBrokerMessageHandler     : Starting...
2026-06-11T18:32:27.484+02:00  INFO 21728 --- [app] [           main] o.s.m.s.b.SimpleBrokerMessageHandler     : BrokerAvailabilityEvent[available=true, SimpleBrokerMessageHandler [org.springframework.messaging.simp.broker.DefaultSubscriptionRegistry@648ab3e0]]
2026-06-11T18:32:27.484+02:00  INFO 21728 --- [app] [           main] o.s.m.s.b.SimpleBrokerMessageHandler     : Started.
2026-06-11T18:32:27.486+02:00  INFO 21728 --- [app] [           main] c.e.app.ProjectWorkflowIntegrationTest   : Started ProjectWorkflowIntegrationTest in 0.236 seconds (process running for 19.385)
2026-06-11T18:32:28.751+02:00  WARN 21728 --- [app] [           main] ration$PageModule$WarningLoggingModifier : Serializing PageImpl instances as-is is not supported, meaning that there is no guarantee about the stability of the resulting JSON structure!
	For a stable JSON structure, please use Spring Data's PagedModel (globally via @EnableSpringDataWebSupport(pageSerializationMode = VIA_DTO))
	or Spring HATEOAS and Spring Data's PagedResourcesAssembler as documented in https://docs.spring.io/spring-data/commons/reference/repositories/core-extensions.html#core.web.pageables.

]]></system-out>
  </testcase>
  <testcase name="shouldAssignUserToTaskAndVerify" classname="com.example.app.ProjectWorkflowIntegrationTest" time="0.984">
    <system-out><![CDATA[2026-06-11T18:32:28.862+02:00  INFO 21728 --- [app] [           main] o.s.m.s.b.SimpleBrokerMessageHandler     : Stopping...
2026-06-11T18:32:28.862+02:00  INFO 21728 --- [app] [           main] o.s.m.s.b.SimpleBrokerMessageHandler     : BrokerAvailabilityEvent[available=false, SimpleBrokerMessageHandler [org.springframework.messaging.simp.broker.DefaultSubscriptionRegistry@648ab3e0]]
2026-06-11T18:32:28.862+02:00  INFO 21728 --- [app] [           main] o.s.m.s.b.SimpleBrokerMessageHandler     : Stopped.
2026-06-11T18:32:28.863+02:00  INFO 21728 --- [app] [           main] j.LocalContainerEntityManagerFactoryBean : Closing JPA EntityManagerFactory for persistence unit 'default'
2026-06-11T18:32:28.864+02:00  INFO 21728 --- [app] [           main] com.zaxxer.hikari.HikariDataSource       : HikariPool-21 - Shutdown initiated...
2026-06-11T18:32:28.864+02:00  INFO 21728 --- [app] [           main] com.zaxxer.hikari.HikariDataSource       : HikariPool-21 - Shutdown completed.
2026-06-11T18:32:28.865+02:00  INFO 21728 --- [app] [           main] o.s.b.d.r.RestartApplicationListener     : Restart disabled due to context in which it is running

  .   ____          _            __ _ _
 /\\ / ___'_ __ _ _(_)_ __  __ _ \ \ \ \
( ( )\___ | '_ | '_| | '_ \/ _` | \ \ \ \
 \\/  ___)| |_)| | | | | || (_| |  ) ) ) )
  '  |____| .__|_| |_|_| |_\__, | / / / /
 =========|_|==============|___/=/_/_/_/

 :: Spring Boot ::                (v4.0.3)

2026-06-11T18:32:28.872+02:00  INFO 21728 --- [app] [           main] c.e.app.ProjectWorkflowIntegrationTest   : Starting ProjectWorkflowIntegrationTest using Java 25.0.2 with PID 21728 (started by sebastiancnotalski in /Users/sebastiancnotalski/Desktop/Agile/projekt/projektAgile/app)
2026-06-11T18:32:28.872+02:00  INFO 21728 --- [app] [           main] c.e.app.ProjectWorkflowIntegrationTest   : The following 1 profile is active: "test"
2026-06-11T18:32:28.942+02:00  INFO 21728 --- [app] [           main] .s.d.r.c.RepositoryConfigurationDelegate : Bootstrapping Spring Data JPA repositories in DEFAULT mode.
2026-06-11T18:32:28.947+02:00  INFO 21728 --- [app] [           main] .s.d.r.c.RepositoryConfigurationDelegate : Finished Spring Data repository scanning in 4 ms. Found 5 JPA repository interfaces.
2026-06-11T18:32:28.971+02:00  INFO 21728 --- [app] [           main] org.hibernate.orm.jpa                    : HHH008540: Processing PersistenceUnitInfo [name: default]
2026-06-11T18:32:28.979+02:00  INFO 21728 --- [app] [           main] o.s.o.j.p.SpringPersistenceUnitInfo      : No LoadTimeWeaver setup: ignoring JPA class transformer
2026-06-11T18:32:28.979+02:00  INFO 21728 --- [app] [           main] com.zaxxer.hikari.HikariDataSource       : HikariPool-22 - Starting...
2026-06-11T18:32:28.980+02:00  INFO 21728 --- [app] [           main] com.zaxxer.hikari.pool.HikariPool        : HikariPool-22 - Added connection conn217: url=jdbc:h2:mem:integrationtestdb user=SA
2026-06-11T18:32:28.980+02:00  INFO 21728 --- [app] [           main] com.zaxxer.hikari.HikariDataSource       : HikariPool-22 - Start completed.
2026-06-11T18:32:28.980+02:00  WARN 21728 --- [app] [           main] org.hibernate.orm.deprecation            : HHH90000025: H2Dialect does not need to be specified explicitly using 'hibernate.dialect' (remove the property setting and it will be selected by default)
2026-06-11T18:32:28.980+02:00  INFO 21728 --- [app] [           main] org.hibernate.orm.connections.pooling    : HHH10001005: Database info:
	Database JDBC URL [jdbc:h2:mem:integrationtestdb]
	Database driver: H2 JDBC Driver
	Database dialect: H2Dialect
	Database version: 2.4.240
	Default catalog/schema: INTEGRATIONTESTDB/PUBLIC
	Autocommit mode: undefined/unknown
	Isolation level: READ_COMMITTED [default READ_COMMITTED]
	JDBC fetch size: 100
	Pool: DataSourceConnectionProvider
	Minimum pool size: undefined/unknown
	Maximum pool size: undefined/unknown
2026-06-11T18:32:28.997+02:00  INFO 21728 --- [app] [           main] org.hibernate.orm.core                   : HHH000489: No JTA platform available (set 'hibernate.transaction.jta.platform' to enable JTA platform integration)
2026-06-11T18:32:29.001+02:00  INFO 21728 --- [app] [           main] j.LocalContainerEntityManagerFactoryBean : Initialized JPA EntityManagerFactory for persistence unit 'default'
2026-06-11T18:32:29.029+02:00  WARN 21728 --- [app] [           main] JpaBaseConfiguration$JpaWebConfiguration : spring.jpa.open-in-view is enabled by default. Therefore, database queries may be performed during view rendering. Explicitly configure spring.jpa.open-in-view to disable this warning
2026-06-11T18:32:29.030+02:00  INFO 21728 --- [app] [           main] o.s.v.b.OptionalValidatorFactoryBean     : Failed to set up a Bean Validation provider: jakarta.validation.NoProviderFoundException: Unable to create a Configuration, because no Jakarta Validation provider could be found. Add a provider like Hibernate Validator (RI) to your classpath.
2026-06-11T18:32:29.039+02:00  INFO 21728 --- [app] [           main] r$InitializeUserDetailsManagerConfigurer : Global AuthenticationManager configured with UserDetailsService bean with name customUserDetailsService
2026-06-11T18:32:29.087+02:00  INFO 21728 --- [app] [           main] o.s.b.t.m.w.SpringBootMockServletContext : Initializing Spring TestDispatcherServlet ''
2026-06-11T18:32:29.087+02:00  INFO 21728 --- [app] [           main] o.s.t.web.servlet.TestDispatcherServlet  : Initializing Servlet ''
2026-06-11T18:32:29.087+02:00  INFO 21728 --- [app] [           main] o.s.b.a.e.web.EndpointLinksResolver      : Exposing 1 endpoint beneath base path '/actuator'
2026-06-11T18:32:29.089+02:00  INFO 21728 --- [app] [           main] o.s.t.web.servlet.TestDispatcherServlet  : Completed initialization in 2 ms
2026-06-11T18:32:29.093+02:00  INFO 21728 --- [app] [           main] o.s.m.s.b.SimpleBrokerMessageHandler     : Starting...
2026-06-11T18:32:29.093+02:00  INFO 21728 --- [app] [           main] o.s.m.s.b.SimpleBrokerMessageHandler     : BrokerAvailabilityEvent[available=true, SimpleBrokerMessageHandler [org.springframework.messaging.simp.broker.DefaultSubscriptionRegistry@5d16f21b]]
2026-06-11T18:32:29.093+02:00  INFO 21728 --- [app] [           main] o.s.m.s.b.SimpleBrokerMessageHandler     : Started.
2026-06-11T18:32:29.094+02:00  INFO 21728 --- [app] [           main] c.e.app.ProjectWorkflowIntegrationTest   : Started ProjectWorkflowIntegrationTest in 0.229 seconds (process running for 20.994)
]]></system-out>
  </testcase>
  <testcase name="shouldCreateTaskWithDefaultPriorityAndStatus" classname="com.example.app.ProjectWorkflowIntegrationTest" time="0.759">
    <system-out><![CDATA[2026-06-11T18:32:29.847+02:00  INFO 21728 --- [app] [           main] o.s.m.s.b.SimpleBrokerMessageHandler     : Stopping...
2026-06-11T18:32:29.847+02:00  INFO 21728 --- [app] [           main] o.s.m.s.b.SimpleBrokerMessageHandler     : BrokerAvailabilityEvent[available=false, SimpleBrokerMessageHandler [org.springframework.messaging.simp.broker.DefaultSubscriptionRegistry@5d16f21b]]
2026-06-11T18:32:29.847+02:00  INFO 21728 --- [app] [           main] o.s.m.s.b.SimpleBrokerMessageHandler     : Stopped.
2026-06-11T18:32:29.848+02:00  INFO 21728 --- [app] [           main] j.LocalContainerEntityManagerFactoryBean : Closing JPA EntityManagerFactory for persistence unit 'default'
2026-06-11T18:32:29.849+02:00  INFO 21728 --- [app] [           main] com.zaxxer.hikari.HikariDataSource       : HikariPool-22 - Shutdown initiated...
2026-06-11T18:32:29.849+02:00  INFO 21728 --- [app] [           main] com.zaxxer.hikari.HikariDataSource       : HikariPool-22 - Shutdown completed.
2026-06-11T18:32:29.850+02:00  INFO 21728 --- [app] [           main] o.s.b.d.r.RestartApplicationListener     : Restart disabled due to context in which it is running

  .   ____          _            __ _ _
 /\\ / ___'_ __ _ _(_)_ __  __ _ \ \ \ \
( ( )\___ | '_ | '_| | '_ \/ _` | \ \ \ \
 \\/  ___)| |_)| | | | | || (_| |  ) ) ) )
  '  |____| .__|_| |_|_| |_\__, | / / / /
 =========|_|==============|___/=/_/_/_/

 :: Spring Boot ::                (v4.0.3)

2026-06-11T18:32:29.857+02:00  INFO 21728 --- [app] [           main] c.e.app.ProjectWorkflowIntegrationTest   : Starting ProjectWorkflowIntegrationTest using Java 25.0.2 with PID 21728 (started by sebastiancnotalski in /Users/sebastiancnotalski/Desktop/Agile/projekt/projektAgile/app)
2026-06-11T18:32:29.857+02:00  INFO 21728 --- [app] [           main] c.e.app.ProjectWorkflowIntegrationTest   : The following 1 profile is active: "test"
2026-06-11T18:32:29.922+02:00  INFO 21728 --- [app] [           main] .s.d.r.c.RepositoryConfigurationDelegate : Bootstrapping Spring Data JPA repositories in DEFAULT mode.
2026-06-11T18:32:29.928+02:00  INFO 21728 --- [app] [           main] .s.d.r.c.RepositoryConfigurationDelegate : Finished Spring Data repository scanning in 4 ms. Found 5 JPA repository interfaces.
2026-06-11T18:32:29.954+02:00  INFO 21728 --- [app] [           main] org.hibernate.orm.jpa                    : HHH008540: Processing PersistenceUnitInfo [name: default]
2026-06-11T18:32:29.962+02:00  INFO 21728 --- [app] [           main] o.s.o.j.p.SpringPersistenceUnitInfo      : No LoadTimeWeaver setup: ignoring JPA class transformer
2026-06-11T18:32:29.962+02:00  INFO 21728 --- [app] [           main] com.zaxxer.hikari.HikariDataSource       : HikariPool-23 - Starting...
2026-06-11T18:32:29.963+02:00  INFO 21728 --- [app] [           main] com.zaxxer.hikari.pool.HikariPool        : HikariPool-23 - Added connection conn227: url=jdbc:h2:mem:integrationtestdb user=SA
2026-06-11T18:32:29.963+02:00  INFO 21728 --- [app] [           main] com.zaxxer.hikari.HikariDataSource       : HikariPool-23 - Start completed.
2026-06-11T18:32:29.963+02:00  WARN 21728 --- [app] [           main] org.hibernate.orm.deprecation            : HHH90000025: H2Dialect does not need to be specified explicitly using 'hibernate.dialect' (remove the property setting and it will be selected by default)
2026-06-11T18:32:29.963+02:00  INFO 21728 --- [app] [           main] org.hibernate.orm.connections.pooling    : HHH10001005: Database info:
	Database JDBC URL [jdbc:h2:mem:integrationtestdb]
	Database driver: H2 JDBC Driver
	Database dialect: H2Dialect
	Database version: 2.4.240
	Default catalog/schema: INTEGRATIONTESTDB/PUBLIC
	Autocommit mode: undefined/unknown
	Isolation level: READ_COMMITTED [default READ_COMMITTED]
	JDBC fetch size: 100
	Pool: DataSourceConnectionProvider
	Minimum pool size: undefined/unknown
	Maximum pool size: undefined/unknown
2026-06-11T18:32:29.982+02:00  INFO 21728 --- [app] [           main] org.hibernate.orm.core                   : HHH000489: No JTA platform available (set 'hibernate.transaction.jta.platform' to enable JTA platform integration)
2026-06-11T18:32:29.986+02:00  INFO 21728 --- [app] [           main] j.LocalContainerEntityManagerFactoryBean : Initialized JPA EntityManagerFactory for persistence unit 'default'
2026-06-11T18:32:30.014+02:00  WARN 21728 --- [app] [           main] JpaBaseConfiguration$JpaWebConfiguration : spring.jpa.open-in-view is enabled by default. Therefore, database queries may be performed during view rendering. Explicitly configure spring.jpa.open-in-view to disable this warning
2026-06-11T18:32:30.015+02:00  INFO 21728 --- [app] [           main] o.s.v.b.OptionalValidatorFactoryBean     : Failed to set up a Bean Validation provider: jakarta.validation.NoProviderFoundException: Unable to create a Configuration, because no Jakarta Validation provider could be found. Add a provider like Hibernate Validator (RI) to your classpath.
2026-06-11T18:32:30.024+02:00  INFO 21728 --- [app] [           main] r$InitializeUserDetailsManagerConfigurer : Global AuthenticationManager configured with UserDetailsService bean with name customUserDetailsService
2026-06-11T18:32:30.077+02:00  INFO 21728 --- [app] [           main] o.s.b.t.m.w.SpringBootMockServletContext : Initializing Spring TestDispatcherServlet ''
2026-06-11T18:32:30.078+02:00  INFO 21728 --- [app] [           main] o.s.t.web.servlet.TestDispatcherServlet  : Initializing Servlet ''
2026-06-11T18:32:30.078+02:00  INFO 21728 --- [app] [           main] o.s.b.a.e.web.EndpointLinksResolver      : Exposing 1 endpoint beneath base path '/actuator'
2026-06-11T18:32:30.080+02:00  INFO 21728 --- [app] [           main] o.s.t.web.servlet.TestDispatcherServlet  : Completed initialization in 2 ms
2026-06-11T18:32:30.084+02:00  INFO 21728 --- [app] [           main] o.s.m.s.b.SimpleBrokerMessageHandler     : Starting...
2026-06-11T18:32:30.084+02:00  INFO 21728 --- [app] [           main] o.s.m.s.b.SimpleBrokerMessageHandler     : BrokerAvailabilityEvent[available=true, SimpleBrokerMessageHandler [org.springframework.messaging.simp.broker.DefaultSubscriptionRegistry@15582502]]
2026-06-11T18:32:30.084+02:00  INFO 21728 --- [app] [           main] o.s.m.s.b.SimpleBrokerMessageHandler     : Started.
2026-06-11T18:32:30.085+02:00  INFO 21728 --- [app] [           main] c.e.app.ProjectWorkflowIntegrationTest   : Started ProjectWorkflowIntegrationTest in 0.235 seconds (process running for 21.985)
]]></system-out>
  </testcase>
  <testcase name="shouldFilterTasksByStatusAfterCreation" classname="com.example.app.ProjectWorkflowIntegrationTest" time="1.097">
    <system-out><![CDATA[2026-06-11T18:32:30.606+02:00  INFO 21728 --- [app] [           main] o.s.m.s.b.SimpleBrokerMessageHandler     : Stopping...
2026-06-11T18:32:30.606+02:00  INFO 21728 --- [app] [           main] o.s.m.s.b.SimpleBrokerMessageHandler     : BrokerAvailabilityEvent[available=false, SimpleBrokerMessageHandler [org.springframework.messaging.simp.broker.DefaultSubscriptionRegistry@15582502]]
2026-06-11T18:32:30.606+02:00  INFO 21728 --- [app] [           main] o.s.m.s.b.SimpleBrokerMessageHandler     : Stopped.
2026-06-11T18:32:30.607+02:00  INFO 21728 --- [app] [           main] j.LocalContainerEntityManagerFactoryBean : Closing JPA EntityManagerFactory for persistence unit 'default'
2026-06-11T18:32:30.608+02:00  INFO 21728 --- [app] [           main] com.zaxxer.hikari.HikariDataSource       : HikariPool-23 - Shutdown initiated...
2026-06-11T18:32:30.608+02:00  INFO 21728 --- [app] [           main] com.zaxxer.hikari.HikariDataSource       : HikariPool-23 - Shutdown completed.
2026-06-11T18:32:30.610+02:00  INFO 21728 --- [app] [           main] o.s.b.d.r.RestartApplicationListener     : Restart disabled due to context in which it is running

  .   ____          _            __ _ _
 /\\ / ___'_ __ _ _(_)_ __  __ _ \ \ \ \
( ( )\___ | '_ | '_| | '_ \/ _` | \ \ \ \
 \\/  ___)| |_)| | | | | || (_| |  ) ) ) )
  '  |____| .__|_| |_|_| |_\__, | / / / /
 =========|_|==============|___/=/_/_/_/

 :: Spring Boot ::                (v4.0.3)

2026-06-11T18:32:30.617+02:00  INFO 21728 --- [app] [           main] c.e.app.ProjectWorkflowIntegrationTest   : Starting ProjectWorkflowIntegrationTest using Java 25.0.2 with PID 21728 (started by sebastiancnotalski in /Users/sebastiancnotalski/Desktop/Agile/projekt/projektAgile/app)
2026-06-11T18:32:30.617+02:00  INFO 21728 --- [app] [           main] c.e.app.ProjectWorkflowIntegrationTest   : The following 1 profile is active: "test"
2026-06-11T18:32:30.692+02:00  INFO 21728 --- [app] [           main] .s.d.r.c.RepositoryConfigurationDelegate : Bootstrapping Spring Data JPA repositories in DEFAULT mode.
2026-06-11T18:32:30.698+02:00  INFO 21728 --- [app] [           main] .s.d.r.c.RepositoryConfigurationDelegate : Finished Spring Data repository scanning in 4 ms. Found 5 JPA repository interfaces.
2026-06-11T18:32:30.724+02:00  INFO 21728 --- [app] [           main] org.hibernate.orm.jpa                    : HHH008540: Processing PersistenceUnitInfo [name: default]
2026-06-11T18:32:30.733+02:00  INFO 21728 --- [app] [           main] o.s.o.j.p.SpringPersistenceUnitInfo      : No LoadTimeWeaver setup: ignoring JPA class transformer
2026-06-11T18:32:30.733+02:00  INFO 21728 --- [app] [           main] com.zaxxer.hikari.HikariDataSource       : HikariPool-24 - Starting...
2026-06-11T18:32:30.734+02:00  INFO 21728 --- [app] [           main] com.zaxxer.hikari.pool.HikariPool        : HikariPool-24 - Added connection conn237: url=jdbc:h2:mem:integrationtestdb user=SA
2026-06-11T18:32:30.734+02:00  INFO 21728 --- [app] [           main] com.zaxxer.hikari.HikariDataSource       : HikariPool-24 - Start completed.
2026-06-11T18:32:30.734+02:00  WARN 21728 --- [app] [           main] org.hibernate.orm.deprecation            : HHH90000025: H2Dialect does not need to be specified explicitly using 'hibernate.dialect' (remove the property setting and it will be selected by default)
2026-06-11T18:32:30.734+02:00  INFO 21728 --- [app] [           main] org.hibernate.orm.connections.pooling    : HHH10001005: Database info:
	Database JDBC URL [jdbc:h2:mem:integrationtestdb]
	Database driver: H2 JDBC Driver
	Database dialect: H2Dialect
	Database version: 2.4.240
	Default catalog/schema: INTEGRATIONTESTDB/PUBLIC
	Autocommit mode: undefined/unknown
	Isolation level: READ_COMMITTED [default READ_COMMITTED]
	JDBC fetch size: 100
	Pool: DataSourceConnectionProvider
	Minimum pool size: undefined/unknown
	Maximum pool size: undefined/unknown
2026-06-11T18:32:30.754+02:00  INFO 21728 --- [app] [           main] org.hibernate.orm.core                   : HHH000489: No JTA platform available (set 'hibernate.transaction.jta.platform' to enable JTA platform integration)
2026-06-11T18:32:30.758+02:00  INFO 21728 --- [app] [           main] j.LocalContainerEntityManagerFactoryBean : Initialized JPA EntityManagerFactory for persistence unit 'default'
2026-06-11T18:32:30.790+02:00  WARN 21728 --- [app] [           main] JpaBaseConfiguration$JpaWebConfiguration : spring.jpa.open-in-view is enabled by default. Therefore, database queries may be performed during view rendering. Explicitly configure spring.jpa.open-in-view to disable this warning
2026-06-11T18:32:30.791+02:00  INFO 21728 --- [app] [           main] o.s.v.b.OptionalValidatorFactoryBean     : Failed to set up a Bean Validation provider: jakarta.validation.NoProviderFoundException: Unable to create a Configuration, because no Jakarta Validation provider could be found. Add a provider like Hibernate Validator (RI) to your classpath.
2026-06-11T18:32:30.801+02:00  INFO 21728 --- [app] [           main] r$InitializeUserDetailsManagerConfigurer : Global AuthenticationManager configured with UserDetailsService bean with name customUserDetailsService
2026-06-11T18:32:30.852+02:00  INFO 21728 --- [app] [           main] o.s.b.t.m.w.SpringBootMockServletContext : Initializing Spring TestDispatcherServlet ''
2026-06-11T18:32:30.852+02:00  INFO 21728 --- [app] [           main] o.s.t.web.servlet.TestDispatcherServlet  : Initializing Servlet ''
2026-06-11T18:32:30.852+02:00  INFO 21728 --- [app] [           main] o.s.b.a.e.web.EndpointLinksResolver      : Exposing 1 endpoint beneath base path '/actuator'
2026-06-11T18:32:30.854+02:00  INFO 21728 --- [app] [           main] o.s.t.web.servlet.TestDispatcherServlet  : Completed initialization in 2 ms
2026-06-11T18:32:30.858+02:00  INFO 21728 --- [app] [           main] o.s.m.s.b.SimpleBrokerMessageHandler     : Starting...
2026-06-11T18:32:30.858+02:00  INFO 21728 --- [app] [           main] o.s.m.s.b.SimpleBrokerMessageHandler     : BrokerAvailabilityEvent[available=true, SimpleBrokerMessageHandler [org.springframework.messaging.simp.broker.DefaultSubscriptionRegistry@5b7b5dfa]]
2026-06-11T18:32:30.858+02:00  INFO 21728 --- [app] [           main] o.s.m.s.b.SimpleBrokerMessageHandler     : Started.
2026-06-11T18:32:30.859+02:00  INFO 21728 --- [app] [           main] c.e.app.ProjectWorkflowIntegrationTest   : Started ProjectWorkflowIntegrationTest in 0.25 seconds (process running for 22.759)
2026-06-11T18:32:31.698+02:00  WARN 21728 --- [app] [           main] ration$PageModule$WarningLoggingModifier : Serializing PageImpl instances as-is is not supported, meaning that there is no guarantee about the stability of the resulting JSON structure!
	For a stable JSON structure, please use Spring Data's PagedModel (globally via @EnableSpringDataWebSupport(pageSerializationMode = VIA_DTO))
	or Spring HATEOAS and Spring Data's PagedResourcesAssembler as documented in https://docs.spring.io/spring-data/commons/reference/repositories/core-extensions.html#core.web.pageables.

]]></system-out>
  </testcase>
</testsuite>